[2022-02-12 23:27:52,448] {taskinstance.py:1032} INFO - Dependencies all met for <TaskInstance: my_dag.training_model_B scheduled__2022-02-11T00:00:00+00:00 [queued]>
[2022-02-12 23:27:52,488] {taskinstance.py:1032} INFO - Dependencies all met for <TaskInstance: my_dag.training_model_B scheduled__2022-02-11T00:00:00+00:00 [queued]>
[2022-02-12 23:27:52,489] {taskinstance.py:1238} INFO - 
--------------------------------------------------------------------------------
[2022-02-12 23:27:52,489] {taskinstance.py:1239} INFO - Starting attempt 1 of 1
[2022-02-12 23:27:52,489] {taskinstance.py:1240} INFO - 
--------------------------------------------------------------------------------
[2022-02-12 23:27:52,534] {taskinstance.py:1259} INFO - Executing <Task(PythonOperator): training_model_B> on 2022-02-11 00:00:00+00:00
[2022-02-12 23:27:52,544] {standard_task_runner.py:52} INFO - Started process 370 to run task
[2022-02-12 23:27:52,553] {standard_task_runner.py:76} INFO - Running: ['***', 'tasks', 'run', 'my_dag', 'training_model_B', 'scheduled__2022-02-11T00:00:00+00:00', '--job-id', '11', '--raw', '--subdir', 'DAGS_FOLDER/my_dag.py', '--cfg-path', '/tmp/tmp0rc13uey', '--error-file', '/tmp/tmpnor94eua']
[2022-02-12 23:27:52,554] {standard_task_runner.py:77} INFO - Job 11: Subtask training_model_B
[2022-02-12 23:27:52,696] {logging_mixin.py:109} INFO - Running <TaskInstance: my_dag.training_model_B scheduled__2022-02-11T00:00:00+00:00 [running]> on host f9b316006a9e
[2022-02-12 23:27:52,836] {taskinstance.py:1426} INFO - Exporting the following env vars:
AIRFLOW_CTX_DAG_OWNER=***
AIRFLOW_CTX_DAG_ID=my_dag
AIRFLOW_CTX_TASK_ID=training_model_B
AIRFLOW_CTX_EXECUTION_DATE=2022-02-11T00:00:00+00:00
AIRFLOW_CTX_DAG_RUN_ID=scheduled__2022-02-11T00:00:00+00:00
[2022-02-12 23:27:52,839] {python.py:175} INFO - Done. Returned value was: 1
[2022-02-12 23:27:52,892] {taskinstance.py:1277} INFO - Marking task as SUCCESS. dag_id=my_dag, task_id=training_model_B, execution_date=20220211T000000, start_date=20220212T232752, end_date=20220212T232752
[2022-02-12 23:27:52,984] {local_task_job.py:154} INFO - Task exited with return code 0
[2022-02-12 23:27:53,086] {local_task_job.py:264} INFO - 0 downstream tasks scheduled from follow-on schedule check
