[2022-02-12 23:27:56,644] {taskinstance.py:1032} INFO - Dependencies all met for <TaskInstance: my_dag.choose_best_model scheduled__2022-02-11T00:00:00+00:00 [queued]>
[2022-02-12 23:27:56,671] {taskinstance.py:1032} INFO - Dependencies all met for <TaskInstance: my_dag.choose_best_model scheduled__2022-02-11T00:00:00+00:00 [queued]>
[2022-02-12 23:27:56,671] {taskinstance.py:1238} INFO - 
--------------------------------------------------------------------------------
[2022-02-12 23:27:56,671] {taskinstance.py:1239} INFO - Starting attempt 1 of 1
[2022-02-12 23:27:56,671] {taskinstance.py:1240} INFO - 
--------------------------------------------------------------------------------
[2022-02-12 23:27:56,698] {taskinstance.py:1259} INFO - Executing <Task(BranchPythonOperator): choose_best_model> on 2022-02-11 00:00:00+00:00
[2022-02-12 23:27:56,706] {standard_task_runner.py:52} INFO - Started process 374 to run task
[2022-02-12 23:27:56,712] {standard_task_runner.py:76} INFO - Running: ['***', 'tasks', 'run', 'my_dag', 'choose_best_model', 'scheduled__2022-02-11T00:00:00+00:00', '--job-id', '14', '--raw', '--subdir', 'DAGS_FOLDER/my_dag.py', '--cfg-path', '/tmp/tmph5x95dm3', '--error-file', '/tmp/tmp_t71kmgn']
[2022-02-12 23:27:56,713] {standard_task_runner.py:77} INFO - Job 14: Subtask choose_best_model
[2022-02-12 23:27:56,825] {logging_mixin.py:109} INFO - Running <TaskInstance: my_dag.choose_best_model scheduled__2022-02-11T00:00:00+00:00 [running]> on host f9b316006a9e
[2022-02-12 23:27:56,948] {taskinstance.py:1426} INFO - Exporting the following env vars:
AIRFLOW_CTX_DAG_OWNER=***
AIRFLOW_CTX_DAG_ID=my_dag
AIRFLOW_CTX_TASK_ID=choose_best_model
AIRFLOW_CTX_EXECUTION_DATE=2022-02-11T00:00:00+00:00
AIRFLOW_CTX_DAG_RUN_ID=scheduled__2022-02-11T00:00:00+00:00
[2022-02-12 23:27:56,972] {python.py:175} INFO - Done. Returned value was: accurate
[2022-02-12 23:27:56,972] {skipmixin.py:143} INFO - Following branch accurate
[2022-02-12 23:27:56,973] {skipmixin.py:174} INFO - Skipping tasks ['inaccurate']
[2022-02-12 23:27:57,065] {taskinstance.py:1277} INFO - Marking task as SUCCESS. dag_id=my_dag, task_id=choose_best_model, execution_date=20220211T000000, start_date=20220212T232756, end_date=20220212T232757
[2022-02-12 23:27:57,128] {local_task_job.py:154} INFO - Task exited with return code 0
[2022-02-12 23:27:57,217] {local_task_job.py:264} INFO - 1 downstream tasks scheduled from follow-on schedule check
