[2022-02-12 23:09:25,564] {processor.py:163} INFO - Started process (PID=49) to work on /opt/airflow/dags/my_dag.py
[2022-02-12 23:09:25,574] {processor.py:642} INFO - Processing file /opt/airflow/dags/my_dag.py for tasks to queue
[2022-02-12 23:09:25,575] {logging_mixin.py:109} INFO - [2022-02-12 23:09:25,575] {dagbag.py:500} INFO - Filling up the DagBag from /opt/airflow/dags/my_dag.py
[2022-02-12 23:09:25,592] {logging_mixin.py:109} INFO - [2022-02-12 23:09:25,582] {dagbag.py:334} ERROR - Failed to import: /opt/airflow/dags/my_dag.py
Traceback (most recent call last):
  File "/home/airflow/.local/lib/python3.7/site-packages/airflow/models/dagbag.py", line 331, in _load_modules_from_file
    loader.exec_module(new_module)
  File "<frozen importlib._bootstrap_external>", line 724, in exec_module
  File "<frozen importlib._bootstrap_external>", line 860, in get_code
  File "<frozen importlib._bootstrap_external>", line 791, in source_to_code
  File "<frozen importlib._bootstrap>", line 219, in _call_with_frames_removed
  File "/opt/airflow/dags/my_dag.py", line 20
    def _training_model();
                         ^
SyntaxError: invalid syntax
[2022-02-12 23:09:26,007] {processor.py:656} WARNING - No viable dags retrieved from /opt/airflow/dags/my_dag.py
[2022-02-12 23:09:26,225] {processor.py:171} INFO - Processing /opt/airflow/dags/my_dag.py took 0.693 seconds
[2022-02-12 23:09:59,882] {processor.py:163} INFO - Started process (PID=92) to work on /opt/airflow/dags/my_dag.py
[2022-02-12 23:10:00,871] {processor.py:642} INFO - Processing file /opt/airflow/dags/my_dag.py for tasks to queue
[2022-02-12 23:10:00,873] {logging_mixin.py:109} INFO - [2022-02-12 23:10:00,873] {dagbag.py:500} INFO - Filling up the DagBag from /opt/airflow/dags/my_dag.py
[2022-02-12 23:10:02,879] {logging_mixin.py:109} INFO - [2022-02-12 23:10:01,666] {dagbag.py:334} ERROR - Failed to import: /opt/airflow/dags/my_dag.py
Traceback (most recent call last):
  File "/home/airflow/.local/lib/python3.7/site-packages/airflow/models/dagbag.py", line 331, in _load_modules_from_file
    loader.exec_module(new_module)
  File "<frozen importlib._bootstrap_external>", line 724, in exec_module
  File "<frozen importlib._bootstrap_external>", line 860, in get_code
  File "<frozen importlib._bootstrap_external>", line 791, in source_to_code
  File "<frozen importlib._bootstrap>", line 219, in _call_with_frames_removed
  File "/opt/airflow/dags/my_dag.py", line 20
    def _training_model();
                         ^
SyntaxError: invalid syntax
[2022-02-12 23:10:06,588] {processor.py:656} WARNING - No viable dags retrieved from /opt/airflow/dags/my_dag.py
[2022-02-12 23:10:07,349] {processor.py:171} INFO - Processing /opt/airflow/dags/my_dag.py took 9.187 seconds
[2022-02-12 23:11:41,418] {processor.py:163} INFO - Started process (PID=178) to work on /opt/airflow/dags/my_dag.py
[2022-02-12 23:11:41,441] {processor.py:642} INFO - Processing file /opt/airflow/dags/my_dag.py for tasks to queue
[2022-02-12 23:11:41,443] {logging_mixin.py:109} INFO - [2022-02-12 23:11:41,443] {dagbag.py:500} INFO - Filling up the DagBag from /opt/airflow/dags/my_dag.py
[2022-02-12 23:11:41,592] {logging_mixin.py:109} INFO - [2022-02-12 23:11:41,456] {dagbag.py:334} ERROR - Failed to import: /opt/airflow/dags/my_dag.py
Traceback (most recent call last):
  File "/home/airflow/.local/lib/python3.7/site-packages/airflow/models/dagbag.py", line 331, in _load_modules_from_file
    loader.exec_module(new_module)
  File "<frozen importlib._bootstrap_external>", line 724, in exec_module
  File "<frozen importlib._bootstrap_external>", line 860, in get_code
  File "<frozen importlib._bootstrap_external>", line 791, in source_to_code
  File "<frozen importlib._bootstrap>", line 219, in _call_with_frames_removed
  File "/opt/airflow/dags/my_dag.py", line 20
    def _training_model();
                         ^
SyntaxError: invalid syntax
[2022-02-12 23:11:41,749] {processor.py:656} WARNING - No viable dags retrieved from /opt/airflow/dags/my_dag.py
[2022-02-12 23:11:41,881] {processor.py:171} INFO - Processing /opt/airflow/dags/my_dag.py took 0.521 seconds
[2022-02-12 23:12:26,521] {processor.py:163} INFO - Started process (PID=226) to work on /opt/airflow/dags/my_dag.py
[2022-02-12 23:12:26,576] {processor.py:642} INFO - Processing file /opt/airflow/dags/my_dag.py for tasks to queue
[2022-02-12 23:12:26,578] {logging_mixin.py:109} INFO - [2022-02-12 23:12:26,578] {dagbag.py:500} INFO - Filling up the DagBag from /opt/airflow/dags/my_dag.py
[2022-02-12 23:12:26,600] {logging_mixin.py:109} INFO - [2022-02-12 23:12:26,598] {dagbag.py:334} ERROR - Failed to import: /opt/airflow/dags/my_dag.py
Traceback (most recent call last):
  File "/home/airflow/.local/lib/python3.7/site-packages/airflow/models/dagbag.py", line 331, in _load_modules_from_file
    loader.exec_module(new_module)
  File "<frozen importlib._bootstrap_external>", line 724, in exec_module
  File "<frozen importlib._bootstrap_external>", line 860, in get_code
  File "<frozen importlib._bootstrap_external>", line 791, in source_to_code
  File "<frozen importlib._bootstrap>", line 219, in _call_with_frames_removed
  File "/opt/airflow/dags/my_dag.py", line 20
    def _training_model();
                         ^
SyntaxError: invalid syntax
[2022-02-12 23:12:26,871] {processor.py:656} WARNING - No viable dags retrieved from /opt/airflow/dags/my_dag.py
[2022-02-12 23:12:27,103] {processor.py:171} INFO - Processing /opt/airflow/dags/my_dag.py took 0.599 seconds
[2022-02-12 23:13:03,132] {processor.py:163} INFO - Started process (PID=274) to work on /opt/airflow/dags/my_dag.py
[2022-02-12 23:13:03,148] {processor.py:642} INFO - Processing file /opt/airflow/dags/my_dag.py for tasks to queue
[2022-02-12 23:13:03,149] {logging_mixin.py:109} INFO - [2022-02-12 23:13:03,149] {dagbag.py:500} INFO - Filling up the DagBag from /opt/airflow/dags/my_dag.py
[2022-02-12 23:13:03,283] {logging_mixin.py:109} INFO - [2022-02-12 23:13:03,265] {dagbag.py:334} ERROR - Failed to import: /opt/airflow/dags/my_dag.py
Traceback (most recent call last):
  File "/home/airflow/.local/lib/python3.7/site-packages/airflow/models/dagbag.py", line 331, in _load_modules_from_file
    loader.exec_module(new_module)
  File "<frozen importlib._bootstrap_external>", line 724, in exec_module
  File "<frozen importlib._bootstrap_external>", line 860, in get_code
  File "<frozen importlib._bootstrap_external>", line 791, in source_to_code
  File "<frozen importlib._bootstrap>", line 219, in _call_with_frames_removed
  File "/opt/airflow/dags/my_dag.py", line 20
    def _training_model();
                         ^
SyntaxError: invalid syntax
[2022-02-12 23:13:03,419] {processor.py:656} WARNING - No viable dags retrieved from /opt/airflow/dags/my_dag.py
[2022-02-12 23:13:03,552] {processor.py:171} INFO - Processing /opt/airflow/dags/my_dag.py took 0.500 seconds
[2022-02-12 23:13:39,792] {processor.py:163} INFO - Started process (PID=320) to work on /opt/airflow/dags/my_dag.py
[2022-02-12 23:13:39,807] {processor.py:642} INFO - Processing file /opt/airflow/dags/my_dag.py for tasks to queue
[2022-02-12 23:13:39,823] {logging_mixin.py:109} INFO - [2022-02-12 23:13:39,809] {dagbag.py:500} INFO - Filling up the DagBag from /opt/airflow/dags/my_dag.py
[2022-02-12 23:13:39,829] {logging_mixin.py:109} INFO - [2022-02-12 23:13:39,827] {dagbag.py:334} ERROR - Failed to import: /opt/airflow/dags/my_dag.py
Traceback (most recent call last):
  File "/home/airflow/.local/lib/python3.7/site-packages/airflow/models/dagbag.py", line 331, in _load_modules_from_file
    loader.exec_module(new_module)
  File "<frozen importlib._bootstrap_external>", line 724, in exec_module
  File "<frozen importlib._bootstrap_external>", line 860, in get_code
  File "<frozen importlib._bootstrap_external>", line 791, in source_to_code
  File "<frozen importlib._bootstrap>", line 219, in _call_with_frames_removed
  File "/opt/airflow/dags/my_dag.py", line 20
    def _training_model();
                         ^
SyntaxError: invalid syntax
[2022-02-12 23:13:40,001] {processor.py:656} WARNING - No viable dags retrieved from /opt/airflow/dags/my_dag.py
[2022-02-12 23:13:40,075] {processor.py:171} INFO - Processing /opt/airflow/dags/my_dag.py took 0.295 seconds
[2022-02-12 23:14:41,658] {processor.py:163} INFO - Started process (PID=371) to work on /opt/airflow/dags/my_dag.py
[2022-02-12 23:14:41,675] {processor.py:642} INFO - Processing file /opt/airflow/dags/my_dag.py for tasks to queue
[2022-02-12 23:14:41,677] {logging_mixin.py:109} INFO - [2022-02-12 23:14:41,677] {dagbag.py:500} INFO - Filling up the DagBag from /opt/airflow/dags/my_dag.py
[2022-02-12 23:14:41,993] {logging_mixin.py:109} INFO - [2022-02-12 23:14:41,786] {dagbag.py:334} ERROR - Failed to import: /opt/airflow/dags/my_dag.py
Traceback (most recent call last):
  File "/home/airflow/.local/lib/python3.7/site-packages/airflow/models/dagbag.py", line 331, in _load_modules_from_file
    loader.exec_module(new_module)
  File "<frozen importlib._bootstrap_external>", line 724, in exec_module
  File "<frozen importlib._bootstrap_external>", line 860, in get_code
  File "<frozen importlib._bootstrap_external>", line 791, in source_to_code
  File "<frozen importlib._bootstrap>", line 219, in _call_with_frames_removed
  File "/opt/airflow/dags/my_dag.py", line 20
    def _training_model();
                         ^
SyntaxError: invalid syntax
[2022-02-12 23:14:45,885] {processor.py:656} WARNING - No viable dags retrieved from /opt/airflow/dags/my_dag.py
[2022-02-12 23:14:48,148] {processor.py:171} INFO - Processing /opt/airflow/dags/my_dag.py took 6.559 seconds
[2022-02-12 23:18:11,926] {processor.py:163} INFO - Started process (PID=48) to work on /opt/airflow/dags/my_dag.py
[2022-02-12 23:18:11,929] {processor.py:642} INFO - Processing file /opt/airflow/dags/my_dag.py for tasks to queue
[2022-02-12 23:18:11,931] {logging_mixin.py:109} INFO - [2022-02-12 23:18:11,930] {dagbag.py:500} INFO - Filling up the DagBag from /opt/airflow/dags/my_dag.py
[2022-02-12 23:18:11,935] {logging_mixin.py:109} INFO - [2022-02-12 23:18:11,933] {dagbag.py:334} ERROR - Failed to import: /opt/airflow/dags/my_dag.py
Traceback (most recent call last):
  File "/home/airflow/.local/lib/python3.7/site-packages/airflow/models/dagbag.py", line 331, in _load_modules_from_file
    loader.exec_module(new_module)
  File "<frozen importlib._bootstrap_external>", line 724, in exec_module
  File "<frozen importlib._bootstrap_external>", line 860, in get_code
  File "<frozen importlib._bootstrap_external>", line 791, in source_to_code
  File "<frozen importlib._bootstrap>", line 219, in _call_with_frames_removed
  File "/opt/airflow/dags/my_dag.py", line 20
    def _training_model();
                         ^
SyntaxError: invalid syntax
[2022-02-12 23:18:12,002] {processor.py:656} WARNING - No viable dags retrieved from /opt/airflow/dags/my_dag.py
[2022-02-12 23:18:12,034] {processor.py:171} INFO - Processing /opt/airflow/dags/my_dag.py took 0.115 seconds
[2022-02-12 23:18:42,661] {processor.py:163} INFO - Started process (PID=99) to work on /opt/airflow/dags/my_dag.py
[2022-02-12 23:18:42,672] {processor.py:642} INFO - Processing file /opt/airflow/dags/my_dag.py for tasks to queue
[2022-02-12 23:18:42,681] {logging_mixin.py:109} INFO - [2022-02-12 23:18:42,681] {dagbag.py:500} INFO - Filling up the DagBag from /opt/airflow/dags/my_dag.py
[2022-02-12 23:18:42,863] {logging_mixin.py:109} INFO - [2022-02-12 23:18:42,723] {dagbag.py:334} ERROR - Failed to import: /opt/airflow/dags/my_dag.py
Traceback (most recent call last):
  File "/home/airflow/.local/lib/python3.7/site-packages/airflow/models/dagbag.py", line 331, in _load_modules_from_file
    loader.exec_module(new_module)
  File "<frozen importlib._bootstrap_external>", line 724, in exec_module
  File "<frozen importlib._bootstrap_external>", line 860, in get_code
  File "<frozen importlib._bootstrap_external>", line 791, in source_to_code
  File "<frozen importlib._bootstrap>", line 219, in _call_with_frames_removed
  File "/opt/airflow/dags/my_dag.py", line 20
    def _training_model();
                         ^
SyntaxError: invalid syntax
[2022-02-12 23:18:43,174] {processor.py:656} WARNING - No viable dags retrieved from /opt/airflow/dags/my_dag.py
[2022-02-12 23:18:43,565] {processor.py:171} INFO - Processing /opt/airflow/dags/my_dag.py took 0.952 seconds
[2022-02-12 23:19:14,601] {processor.py:163} INFO - Started process (PID=142) to work on /opt/airflow/dags/my_dag.py
[2022-02-12 23:19:14,606] {processor.py:642} INFO - Processing file /opt/airflow/dags/my_dag.py for tasks to queue
[2022-02-12 23:19:14,607] {logging_mixin.py:109} INFO - [2022-02-12 23:19:14,607] {dagbag.py:500} INFO - Filling up the DagBag from /opt/airflow/dags/my_dag.py
[2022-02-12 23:19:14,637] {logging_mixin.py:109} INFO - [2022-02-12 23:19:14,629] {dagbag.py:334} ERROR - Failed to import: /opt/airflow/dags/my_dag.py
Traceback (most recent call last):
  File "/home/airflow/.local/lib/python3.7/site-packages/airflow/models/dagbag.py", line 331, in _load_modules_from_file
    loader.exec_module(new_module)
  File "<frozen importlib._bootstrap_external>", line 724, in exec_module
  File "<frozen importlib._bootstrap_external>", line 860, in get_code
  File "<frozen importlib._bootstrap_external>", line 791, in source_to_code
  File "<frozen importlib._bootstrap>", line 219, in _call_with_frames_removed
  File "/opt/airflow/dags/my_dag.py", line 20
    def _training_model();
                         ^
SyntaxError: invalid syntax
[2022-02-12 23:19:15,260] {processor.py:656} WARNING - No viable dags retrieved from /opt/airflow/dags/my_dag.py
[2022-02-12 23:19:15,453] {processor.py:171} INFO - Processing /opt/airflow/dags/my_dag.py took 1.200 seconds
[2022-02-12 23:19:45,668] {processor.py:163} INFO - Started process (PID=194) to work on /opt/airflow/dags/my_dag.py
[2022-02-12 23:19:45,671] {processor.py:642} INFO - Processing file /opt/airflow/dags/my_dag.py for tasks to queue
[2022-02-12 23:19:45,672] {logging_mixin.py:109} INFO - [2022-02-12 23:19:45,671] {dagbag.py:500} INFO - Filling up the DagBag from /opt/airflow/dags/my_dag.py
[2022-02-12 23:19:45,677] {logging_mixin.py:109} INFO - [2022-02-12 23:19:45,674] {dagbag.py:334} ERROR - Failed to import: /opt/airflow/dags/my_dag.py
Traceback (most recent call last):
  File "/home/airflow/.local/lib/python3.7/site-packages/airflow/models/dagbag.py", line 331, in _load_modules_from_file
    loader.exec_module(new_module)
  File "<frozen importlib._bootstrap_external>", line 724, in exec_module
  File "<frozen importlib._bootstrap_external>", line 860, in get_code
  File "<frozen importlib._bootstrap_external>", line 791, in source_to_code
  File "<frozen importlib._bootstrap>", line 219, in _call_with_frames_removed
  File "/opt/airflow/dags/my_dag.py", line 20
    def _training_model();
                         ^
SyntaxError: invalid syntax
[2022-02-12 23:19:45,726] {processor.py:656} WARNING - No viable dags retrieved from /opt/airflow/dags/my_dag.py
[2022-02-12 23:19:45,757] {processor.py:171} INFO - Processing /opt/airflow/dags/my_dag.py took 0.100 seconds
[2022-02-12 23:20:16,310] {processor.py:163} INFO - Started process (PID=242) to work on /opt/airflow/dags/my_dag.py
[2022-02-12 23:20:16,314] {processor.py:642} INFO - Processing file /opt/airflow/dags/my_dag.py for tasks to queue
[2022-02-12 23:20:16,315] {logging_mixin.py:109} INFO - [2022-02-12 23:20:16,315] {dagbag.py:500} INFO - Filling up the DagBag from /opt/airflow/dags/my_dag.py
[2022-02-12 23:20:16,328] {logging_mixin.py:109} INFO - [2022-02-12 23:20:16,318] {dagbag.py:334} ERROR - Failed to import: /opt/airflow/dags/my_dag.py
Traceback (most recent call last):
  File "/home/airflow/.local/lib/python3.7/site-packages/airflow/models/dagbag.py", line 331, in _load_modules_from_file
    loader.exec_module(new_module)
  File "<frozen importlib._bootstrap_external>", line 724, in exec_module
  File "<frozen importlib._bootstrap_external>", line 860, in get_code
  File "<frozen importlib._bootstrap_external>", line 791, in source_to_code
  File "<frozen importlib._bootstrap>", line 219, in _call_with_frames_removed
  File "/opt/airflow/dags/my_dag.py", line 20
    def _training_model();
                         ^
SyntaxError: invalid syntax
[2022-02-12 23:20:16,517] {processor.py:656} WARNING - No viable dags retrieved from /opt/airflow/dags/my_dag.py
[2022-02-12 23:20:16,568] {processor.py:171} INFO - Processing /opt/airflow/dags/my_dag.py took 0.265 seconds
[2022-02-12 23:20:47,495] {processor.py:163} INFO - Started process (PID=288) to work on /opt/airflow/dags/my_dag.py
[2022-02-12 23:20:47,498] {processor.py:642} INFO - Processing file /opt/airflow/dags/my_dag.py for tasks to queue
[2022-02-12 23:20:47,500] {logging_mixin.py:109} INFO - [2022-02-12 23:20:47,499] {dagbag.py:500} INFO - Filling up the DagBag from /opt/airflow/dags/my_dag.py
[2022-02-12 23:20:47,507] {logging_mixin.py:109} INFO - [2022-02-12 23:20:47,505] {dagbag.py:334} ERROR - Failed to import: /opt/airflow/dags/my_dag.py
Traceback (most recent call last):
  File "/home/airflow/.local/lib/python3.7/site-packages/airflow/models/dagbag.py", line 331, in _load_modules_from_file
    loader.exec_module(new_module)
  File "<frozen importlib._bootstrap_external>", line 724, in exec_module
  File "<frozen importlib._bootstrap_external>", line 860, in get_code
  File "<frozen importlib._bootstrap_external>", line 791, in source_to_code
  File "<frozen importlib._bootstrap>", line 219, in _call_with_frames_removed
  File "/opt/airflow/dags/my_dag.py", line 20
    def _training_model();
                         ^
SyntaxError: invalid syntax
[2022-02-12 23:20:47,569] {processor.py:656} WARNING - No viable dags retrieved from /opt/airflow/dags/my_dag.py
[2022-02-12 23:20:47,592] {processor.py:171} INFO - Processing /opt/airflow/dags/my_dag.py took 0.102 seconds
[2022-02-12 23:21:17,787] {processor.py:163} INFO - Started process (PID=339) to work on /opt/airflow/dags/my_dag.py
[2022-02-12 23:21:17,790] {processor.py:642} INFO - Processing file /opt/airflow/dags/my_dag.py for tasks to queue
[2022-02-12 23:21:17,793] {logging_mixin.py:109} INFO - [2022-02-12 23:21:17,792] {dagbag.py:500} INFO - Filling up the DagBag from /opt/airflow/dags/my_dag.py
[2022-02-12 23:21:17,796] {logging_mixin.py:109} INFO - [2022-02-12 23:21:17,794] {dagbag.py:334} ERROR - Failed to import: /opt/airflow/dags/my_dag.py
Traceback (most recent call last):
  File "/home/airflow/.local/lib/python3.7/site-packages/airflow/models/dagbag.py", line 331, in _load_modules_from_file
    loader.exec_module(new_module)
  File "<frozen importlib._bootstrap_external>", line 724, in exec_module
  File "<frozen importlib._bootstrap_external>", line 860, in get_code
  File "<frozen importlib._bootstrap_external>", line 791, in source_to_code
  File "<frozen importlib._bootstrap>", line 219, in _call_with_frames_removed
  File "/opt/airflow/dags/my_dag.py", line 20
    def _training_model();
                         ^
SyntaxError: invalid syntax
[2022-02-12 23:21:17,842] {processor.py:656} WARNING - No viable dags retrieved from /opt/airflow/dags/my_dag.py
[2022-02-12 23:21:17,867] {processor.py:171} INFO - Processing /opt/airflow/dags/my_dag.py took 0.085 seconds
[2022-02-12 23:21:48,287] {processor.py:163} INFO - Started process (PID=384) to work on /opt/airflow/dags/my_dag.py
[2022-02-12 23:21:48,288] {processor.py:642} INFO - Processing file /opt/airflow/dags/my_dag.py for tasks to queue
[2022-02-12 23:21:48,289] {logging_mixin.py:109} INFO - [2022-02-12 23:21:48,289] {dagbag.py:500} INFO - Filling up the DagBag from /opt/airflow/dags/my_dag.py
[2022-02-12 23:21:48,291] {logging_mixin.py:109} INFO - [2022-02-12 23:21:48,290] {dagbag.py:334} ERROR - Failed to import: /opt/airflow/dags/my_dag.py
Traceback (most recent call last):
  File "/home/airflow/.local/lib/python3.7/site-packages/airflow/models/dagbag.py", line 331, in _load_modules_from_file
    loader.exec_module(new_module)
  File "<frozen importlib._bootstrap_external>", line 724, in exec_module
  File "<frozen importlib._bootstrap_external>", line 860, in get_code
  File "<frozen importlib._bootstrap_external>", line 791, in source_to_code
  File "<frozen importlib._bootstrap>", line 219, in _call_with_frames_removed
  File "/opt/airflow/dags/my_dag.py", line 20
    def _training_model();
                         ^
SyntaxError: invalid syntax
[2022-02-12 23:21:48,315] {processor.py:656} WARNING - No viable dags retrieved from /opt/airflow/dags/my_dag.py
[2022-02-12 23:21:48,335] {processor.py:171} INFO - Processing /opt/airflow/dags/my_dag.py took 0.052 seconds
[2022-02-12 23:22:18,534] {processor.py:163} INFO - Started process (PID=436) to work on /opt/airflow/dags/my_dag.py
[2022-02-12 23:22:18,573] {processor.py:642} INFO - Processing file /opt/airflow/dags/my_dag.py for tasks to queue
[2022-02-12 23:22:18,575] {logging_mixin.py:109} INFO - [2022-02-12 23:22:18,574] {dagbag.py:500} INFO - Filling up the DagBag from /opt/airflow/dags/my_dag.py
[2022-02-12 23:22:18,580] {logging_mixin.py:109} INFO - [2022-02-12 23:22:18,578] {dagbag.py:334} ERROR - Failed to import: /opt/airflow/dags/my_dag.py
Traceback (most recent call last):
  File "/home/airflow/.local/lib/python3.7/site-packages/airflow/models/dagbag.py", line 331, in _load_modules_from_file
    loader.exec_module(new_module)
  File "<frozen importlib._bootstrap_external>", line 724, in exec_module
  File "<frozen importlib._bootstrap_external>", line 860, in get_code
  File "<frozen importlib._bootstrap_external>", line 791, in source_to_code
  File "<frozen importlib._bootstrap>", line 219, in _call_with_frames_removed
  File "/opt/airflow/dags/my_dag.py", line 20
    def _training_model();
                         ^
SyntaxError: invalid syntax
[2022-02-12 23:22:18,684] {processor.py:656} WARNING - No viable dags retrieved from /opt/airflow/dags/my_dag.py
[2022-02-12 23:22:18,747] {processor.py:171} INFO - Processing /opt/airflow/dags/my_dag.py took 0.227 seconds
[2022-02-12 23:22:49,188] {processor.py:163} INFO - Started process (PID=478) to work on /opt/airflow/dags/my_dag.py
[2022-02-12 23:22:49,191] {processor.py:642} INFO - Processing file /opt/airflow/dags/my_dag.py for tasks to queue
[2022-02-12 23:22:49,192] {logging_mixin.py:109} INFO - [2022-02-12 23:22:49,192] {dagbag.py:500} INFO - Filling up the DagBag from /opt/airflow/dags/my_dag.py
[2022-02-12 23:22:49,198] {logging_mixin.py:109} INFO - [2022-02-12 23:22:49,196] {dagbag.py:334} ERROR - Failed to import: /opt/airflow/dags/my_dag.py
Traceback (most recent call last):
  File "/home/airflow/.local/lib/python3.7/site-packages/airflow/models/dagbag.py", line 331, in _load_modules_from_file
    loader.exec_module(new_module)
  File "<frozen importlib._bootstrap_external>", line 724, in exec_module
  File "<frozen importlib._bootstrap_external>", line 860, in get_code
  File "<frozen importlib._bootstrap_external>", line 791, in source_to_code
  File "<frozen importlib._bootstrap>", line 219, in _call_with_frames_removed
  File "/opt/airflow/dags/my_dag.py", line 20
    def _training_model();
                         ^
SyntaxError: invalid syntax
[2022-02-12 23:22:49,258] {processor.py:656} WARNING - No viable dags retrieved from /opt/airflow/dags/my_dag.py
[2022-02-12 23:22:49,298] {processor.py:171} INFO - Processing /opt/airflow/dags/my_dag.py took 0.129 seconds
[2022-02-12 23:23:21,308] {processor.py:163} INFO - Started process (PID=530) to work on /opt/airflow/dags/my_dag.py
[2022-02-12 23:23:21,312] {processor.py:642} INFO - Processing file /opt/airflow/dags/my_dag.py for tasks to queue
[2022-02-12 23:23:21,314] {logging_mixin.py:109} INFO - [2022-02-12 23:23:21,313] {dagbag.py:500} INFO - Filling up the DagBag from /opt/airflow/dags/my_dag.py
[2022-02-12 23:23:21,329] {logging_mixin.py:109} INFO - [2022-02-12 23:23:21,316] {dagbag.py:334} ERROR - Failed to import: /opt/airflow/dags/my_dag.py
Traceback (most recent call last):
  File "/home/airflow/.local/lib/python3.7/site-packages/airflow/models/dagbag.py", line 331, in _load_modules_from_file
    loader.exec_module(new_module)
  File "<frozen importlib._bootstrap_external>", line 724, in exec_module
  File "<frozen importlib._bootstrap_external>", line 860, in get_code
  File "<frozen importlib._bootstrap_external>", line 791, in source_to_code
  File "<frozen importlib._bootstrap>", line 219, in _call_with_frames_removed
  File "/opt/airflow/dags/my_dag.py", line 20
    def _training_model();
                         ^
SyntaxError: invalid syntax
[2022-02-12 23:23:21,409] {processor.py:656} WARNING - No viable dags retrieved from /opt/airflow/dags/my_dag.py
[2022-02-12 23:23:21,476] {processor.py:171} INFO - Processing /opt/airflow/dags/my_dag.py took 0.184 seconds
[2022-02-12 23:23:51,682] {processor.py:163} INFO - Started process (PID=572) to work on /opt/airflow/dags/my_dag.py
[2022-02-12 23:23:51,684] {processor.py:642} INFO - Processing file /opt/airflow/dags/my_dag.py for tasks to queue
[2022-02-12 23:23:51,696] {logging_mixin.py:109} INFO - [2022-02-12 23:23:51,695] {dagbag.py:500} INFO - Filling up the DagBag from /opt/airflow/dags/my_dag.py
[2022-02-12 23:23:51,705] {logging_mixin.py:109} INFO - [2022-02-12 23:23:51,699] {dagbag.py:334} ERROR - Failed to import: /opt/airflow/dags/my_dag.py
Traceback (most recent call last):
  File "/home/airflow/.local/lib/python3.7/site-packages/airflow/models/dagbag.py", line 331, in _load_modules_from_file
    loader.exec_module(new_module)
  File "<frozen importlib._bootstrap_external>", line 724, in exec_module
  File "<frozen importlib._bootstrap_external>", line 860, in get_code
  File "<frozen importlib._bootstrap_external>", line 791, in source_to_code
  File "<frozen importlib._bootstrap>", line 219, in _call_with_frames_removed
  File "/opt/airflow/dags/my_dag.py", line 20
    def _training_model();
                         ^
SyntaxError: invalid syntax
[2022-02-12 23:23:51,756] {processor.py:656} WARNING - No viable dags retrieved from /opt/airflow/dags/my_dag.py
[2022-02-12 23:23:51,792] {processor.py:171} INFO - Processing /opt/airflow/dags/my_dag.py took 0.118 seconds
[2022-02-12 23:24:22,553] {processor.py:163} INFO - Started process (PID=622) to work on /opt/airflow/dags/my_dag.py
[2022-02-12 23:24:22,559] {processor.py:642} INFO - Processing file /opt/airflow/dags/my_dag.py for tasks to queue
[2022-02-12 23:24:22,561] {logging_mixin.py:109} INFO - [2022-02-12 23:24:22,561] {dagbag.py:500} INFO - Filling up the DagBag from /opt/airflow/dags/my_dag.py
[2022-02-12 23:24:22,565] {logging_mixin.py:109} INFO - [2022-02-12 23:24:22,563] {dagbag.py:334} ERROR - Failed to import: /opt/airflow/dags/my_dag.py
Traceback (most recent call last):
  File "/home/airflow/.local/lib/python3.7/site-packages/airflow/models/dagbag.py", line 331, in _load_modules_from_file
    loader.exec_module(new_module)
  File "<frozen importlib._bootstrap_external>", line 724, in exec_module
  File "<frozen importlib._bootstrap_external>", line 860, in get_code
  File "<frozen importlib._bootstrap_external>", line 791, in source_to_code
  File "<frozen importlib._bootstrap>", line 219, in _call_with_frames_removed
  File "/opt/airflow/dags/my_dag.py", line 20
    def _training_model();
                         ^
SyntaxError: invalid syntax
[2022-02-12 23:24:22,639] {processor.py:656} WARNING - No viable dags retrieved from /opt/airflow/dags/my_dag.py
[2022-02-12 23:24:22,704] {processor.py:171} INFO - Processing /opt/airflow/dags/my_dag.py took 0.158 seconds
[2022-02-12 23:24:52,769] {processor.py:163} INFO - Started process (PID=672) to work on /opt/airflow/dags/my_dag.py
[2022-02-12 23:24:52,770] {processor.py:642} INFO - Processing file /opt/airflow/dags/my_dag.py for tasks to queue
[2022-02-12 23:24:52,771] {logging_mixin.py:109} INFO - [2022-02-12 23:24:52,771] {dagbag.py:500} INFO - Filling up the DagBag from /opt/airflow/dags/my_dag.py
[2022-02-12 23:24:52,776] {logging_mixin.py:109} INFO - [2022-02-12 23:24:52,774] {dagbag.py:334} ERROR - Failed to import: /opt/airflow/dags/my_dag.py
Traceback (most recent call last):
  File "/home/airflow/.local/lib/python3.7/site-packages/airflow/models/dagbag.py", line 331, in _load_modules_from_file
    loader.exec_module(new_module)
  File "<frozen importlib._bootstrap_external>", line 724, in exec_module
  File "<frozen importlib._bootstrap_external>", line 860, in get_code
  File "<frozen importlib._bootstrap_external>", line 791, in source_to_code
  File "<frozen importlib._bootstrap>", line 219, in _call_with_frames_removed
  File "/opt/airflow/dags/my_dag.py", line 20
    def _training_model();
                         ^
SyntaxError: invalid syntax
[2022-02-12 23:24:52,810] {processor.py:656} WARNING - No viable dags retrieved from /opt/airflow/dags/my_dag.py
[2022-02-12 23:24:52,832] {processor.py:171} INFO - Processing /opt/airflow/dags/my_dag.py took 0.068 seconds
[2022-02-12 23:25:23,578] {processor.py:163} INFO - Started process (PID=715) to work on /opt/airflow/dags/my_dag.py
[2022-02-12 23:25:23,584] {processor.py:642} INFO - Processing file /opt/airflow/dags/my_dag.py for tasks to queue
[2022-02-12 23:25:23,586] {logging_mixin.py:109} INFO - [2022-02-12 23:25:23,585] {dagbag.py:500} INFO - Filling up the DagBag from /opt/airflow/dags/my_dag.py
[2022-02-12 23:25:23,592] {logging_mixin.py:109} INFO - [2022-02-12 23:25:23,590] {dagbag.py:334} ERROR - Failed to import: /opt/airflow/dags/my_dag.py
Traceback (most recent call last):
  File "/home/airflow/.local/lib/python3.7/site-packages/airflow/models/dagbag.py", line 331, in _load_modules_from_file
    loader.exec_module(new_module)
  File "<frozen importlib._bootstrap_external>", line 724, in exec_module
  File "<frozen importlib._bootstrap_external>", line 860, in get_code
  File "<frozen importlib._bootstrap_external>", line 791, in source_to_code
  File "<frozen importlib._bootstrap>", line 219, in _call_with_frames_removed
  File "/opt/airflow/dags/my_dag.py", line 20
    def _training_model();
                         ^
SyntaxError: invalid syntax
[2022-02-12 23:25:23,635] {processor.py:656} WARNING - No viable dags retrieved from /opt/airflow/dags/my_dag.py
[2022-02-12 23:25:23,664] {processor.py:171} INFO - Processing /opt/airflow/dags/my_dag.py took 0.093 seconds
[2022-02-12 23:25:54,444] {processor.py:163} INFO - Started process (PID=767) to work on /opt/airflow/dags/my_dag.py
[2022-02-12 23:25:54,447] {processor.py:642} INFO - Processing file /opt/airflow/dags/my_dag.py for tasks to queue
[2022-02-12 23:25:54,448] {logging_mixin.py:109} INFO - [2022-02-12 23:25:54,448] {dagbag.py:500} INFO - Filling up the DagBag from /opt/airflow/dags/my_dag.py
[2022-02-12 23:25:54,452] {logging_mixin.py:109} INFO - [2022-02-12 23:25:54,450] {dagbag.py:334} ERROR - Failed to import: /opt/airflow/dags/my_dag.py
Traceback (most recent call last):
  File "/home/airflow/.local/lib/python3.7/site-packages/airflow/models/dagbag.py", line 331, in _load_modules_from_file
    loader.exec_module(new_module)
  File "<frozen importlib._bootstrap_external>", line 724, in exec_module
  File "<frozen importlib._bootstrap_external>", line 860, in get_code
  File "<frozen importlib._bootstrap_external>", line 791, in source_to_code
  File "<frozen importlib._bootstrap>", line 219, in _call_with_frames_removed
  File "/opt/airflow/dags/my_dag.py", line 20
    def _training_model();
                         ^
SyntaxError: invalid syntax
[2022-02-12 23:25:54,550] {processor.py:656} WARNING - No viable dags retrieved from /opt/airflow/dags/my_dag.py
[2022-02-12 23:25:54,573] {processor.py:171} INFO - Processing /opt/airflow/dags/my_dag.py took 0.142 seconds
[2022-02-12 23:26:25,588] {processor.py:163} INFO - Started process (PID=820) to work on /opt/airflow/dags/my_dag.py
[2022-02-12 23:26:25,600] {processor.py:642} INFO - Processing file /opt/airflow/dags/my_dag.py for tasks to queue
[2022-02-12 23:26:25,601] {logging_mixin.py:109} INFO - [2022-02-12 23:26:25,601] {dagbag.py:500} INFO - Filling up the DagBag from /opt/airflow/dags/my_dag.py
[2022-02-12 23:26:25,620] {logging_mixin.py:109} INFO - [2022-02-12 23:26:25,617] {dagbag.py:334} ERROR - Failed to import: /opt/airflow/dags/my_dag.py
Traceback (most recent call last):
  File "/home/airflow/.local/lib/python3.7/site-packages/airflow/models/dagbag.py", line 331, in _load_modules_from_file
    loader.exec_module(new_module)
  File "<frozen importlib._bootstrap_external>", line 724, in exec_module
  File "<frozen importlib._bootstrap_external>", line 860, in get_code
  File "<frozen importlib._bootstrap_external>", line 791, in source_to_code
  File "<frozen importlib._bootstrap>", line 219, in _call_with_frames_removed
  File "/opt/airflow/dags/my_dag.py", line 20
    def _training_model();
                         ^
SyntaxError: invalid syntax
[2022-02-12 23:26:25,705] {processor.py:656} WARNING - No viable dags retrieved from /opt/airflow/dags/my_dag.py
[2022-02-12 23:26:25,766] {processor.py:171} INFO - Processing /opt/airflow/dags/my_dag.py took 0.196 seconds
[2022-02-12 23:26:33,620] {processor.py:163} INFO - Started process (PID=834) to work on /opt/airflow/dags/my_dag.py
[2022-02-12 23:26:33,623] {processor.py:642} INFO - Processing file /opt/airflow/dags/my_dag.py for tasks to queue
[2022-02-12 23:26:33,625] {logging_mixin.py:109} INFO - [2022-02-12 23:26:33,624] {dagbag.py:500} INFO - Filling up the DagBag from /opt/airflow/dags/my_dag.py
[2022-02-12 23:26:33,696] {processor.py:654} INFO - DAG(s) dict_keys(['my_dag']) retrieved from /opt/airflow/dags/my_dag.py
[2022-02-12 23:27:03,418] {logging_mixin.py:109} INFO - [2022-02-12 23:27:03,417] {manager.py:496} INFO - Created Permission View: can read on DAG:my_dag
[2022-02-12 23:27:03,484] {logging_mixin.py:109} INFO - [2022-02-12 23:27:03,484] {manager.py:496} INFO - Created Permission View: can edit on DAG:my_dag
[2022-02-12 23:27:03,485] {logging_mixin.py:109} INFO - [2022-02-12 23:27:03,484] {dag.py:2396} INFO - Sync 1 DAGs
[2022-02-12 23:27:03,516] {logging_mixin.py:109} INFO - [2022-02-12 23:27:03,514] {dag.py:2415} INFO - Creating ORM DAG for my_dag
[2022-02-12 23:27:03,568] {logging_mixin.py:109} INFO - [2022-02-12 23:27:03,568] {dag.py:2935} INFO - Setting next_dagrun for my_dag to 2022-02-11 00:00:00+00:00
[2022-02-12 23:27:03,720] {processor.py:171} INFO - Processing /opt/airflow/dags/my_dag.py took 30.108 seconds
[2022-02-12 23:27:04,527] {processor.py:163} INFO - Started process (PID=881) to work on /opt/airflow/dags/my_dag.py
[2022-02-12 23:27:04,529] {processor.py:642} INFO - Processing file /opt/airflow/dags/my_dag.py for tasks to queue
[2022-02-12 23:27:04,531] {logging_mixin.py:109} INFO - [2022-02-12 23:27:04,530] {dagbag.py:500} INFO - Filling up the DagBag from /opt/airflow/dags/my_dag.py
[2022-02-12 23:27:04,642] {processor.py:654} INFO - DAG(s) dict_keys(['my_dag']) retrieved from /opt/airflow/dags/my_dag.py
[2022-02-12 23:27:04,688] {logging_mixin.py:109} INFO - [2022-02-12 23:27:04,688] {dag.py:2396} INFO - Sync 1 DAGs
[2022-02-12 23:27:04,780] {logging_mixin.py:109} INFO - [2022-02-12 23:27:04,780] {dag.py:2935} INFO - Setting next_dagrun for my_dag to 2022-02-11 00:00:00+00:00
[2022-02-12 23:27:04,819] {processor.py:171} INFO - Processing /opt/airflow/dags/my_dag.py took 0.300 seconds
[2022-02-12 23:27:08,399] {processor.py:163} INFO - Started process (PID=896) to work on /opt/airflow/dags/my_dag.py
[2022-02-12 23:27:08,402] {processor.py:642} INFO - Processing file /opt/airflow/dags/my_dag.py for tasks to queue
[2022-02-12 23:27:08,403] {logging_mixin.py:109} INFO - [2022-02-12 23:27:08,403] {dagbag.py:500} INFO - Filling up the DagBag from /opt/airflow/dags/my_dag.py
[2022-02-12 23:27:08,512] {processor.py:654} INFO - DAG(s) dict_keys(['my_dag']) retrieved from /opt/airflow/dags/my_dag.py
[2022-02-12 23:27:08,560] {logging_mixin.py:109} INFO - [2022-02-12 23:27:08,560] {dag.py:2396} INFO - Sync 1 DAGs
[2022-02-12 23:27:08,647] {logging_mixin.py:109} INFO - [2022-02-12 23:27:08,645] {dag.py:2935} INFO - Setting next_dagrun for my_dag to 2022-02-11 00:00:00+00:00
[2022-02-12 23:27:08,707] {processor.py:171} INFO - Processing /opt/airflow/dags/my_dag.py took 0.333 seconds
[2022-02-12 23:27:39,386] {processor.py:163} INFO - Started process (PID=943) to work on /opt/airflow/dags/my_dag.py
[2022-02-12 23:27:39,389] {processor.py:642} INFO - Processing file /opt/airflow/dags/my_dag.py for tasks to queue
[2022-02-12 23:27:39,390] {logging_mixin.py:109} INFO - [2022-02-12 23:27:39,390] {dagbag.py:500} INFO - Filling up the DagBag from /opt/airflow/dags/my_dag.py
[2022-02-12 23:27:39,459] {processor.py:654} INFO - DAG(s) dict_keys(['my_dag']) retrieved from /opt/airflow/dags/my_dag.py
[2022-02-12 23:27:39,489] {logging_mixin.py:109} INFO - [2022-02-12 23:27:39,489] {dag.py:2396} INFO - Sync 1 DAGs
[2022-02-12 23:27:39,539] {logging_mixin.py:109} INFO - [2022-02-12 23:27:39,538] {dag.py:2935} INFO - Setting next_dagrun for my_dag to 2022-02-11 00:00:00+00:00
[2022-02-12 23:27:39,566] {processor.py:171} INFO - Processing /opt/airflow/dags/my_dag.py took 0.189 seconds
[2022-02-12 23:28:09,828] {processor.py:163} INFO - Started process (PID=986) to work on /opt/airflow/dags/my_dag.py
[2022-02-12 23:28:09,831] {processor.py:642} INFO - Processing file /opt/airflow/dags/my_dag.py for tasks to queue
[2022-02-12 23:28:09,832] {logging_mixin.py:109} INFO - [2022-02-12 23:28:09,832] {dagbag.py:500} INFO - Filling up the DagBag from /opt/airflow/dags/my_dag.py
[2022-02-12 23:28:09,914] {processor.py:654} INFO - DAG(s) dict_keys(['my_dag']) retrieved from /opt/airflow/dags/my_dag.py
[2022-02-12 23:28:09,949] {logging_mixin.py:109} INFO - [2022-02-12 23:28:09,948] {dag.py:2396} INFO - Sync 1 DAGs
[2022-02-12 23:28:09,994] {logging_mixin.py:109} INFO - [2022-02-12 23:28:09,994] {dag.py:2935} INFO - Setting next_dagrun for my_dag to 2022-02-12T00:00:00+00:00
[2022-02-12 23:28:10,015] {processor.py:171} INFO - Processing /opt/airflow/dags/my_dag.py took 0.195 seconds
[2022-02-12 23:28:40,176] {processor.py:163} INFO - Started process (PID=1038) to work on /opt/airflow/dags/my_dag.py
[2022-02-12 23:28:40,191] {processor.py:642} INFO - Processing file /opt/airflow/dags/my_dag.py for tasks to queue
[2022-02-12 23:28:40,192] {logging_mixin.py:109} INFO - [2022-02-12 23:28:40,192] {dagbag.py:500} INFO - Filling up the DagBag from /opt/airflow/dags/my_dag.py
[2022-02-12 23:28:40,313] {processor.py:654} INFO - DAG(s) dict_keys(['my_dag']) retrieved from /opt/airflow/dags/my_dag.py
[2022-02-12 23:28:40,352] {logging_mixin.py:109} INFO - [2022-02-12 23:28:40,352] {dag.py:2396} INFO - Sync 1 DAGs
[2022-02-12 23:28:40,423] {logging_mixin.py:109} INFO - [2022-02-12 23:28:40,423] {dag.py:2935} INFO - Setting next_dagrun for my_dag to 2022-02-12T00:00:00+00:00
[2022-02-12 23:28:40,452] {processor.py:171} INFO - Processing /opt/airflow/dags/my_dag.py took 0.293 seconds
[2022-02-12 23:29:11,399] {processor.py:163} INFO - Started process (PID=1090) to work on /opt/airflow/dags/my_dag.py
[2022-02-12 23:29:11,402] {processor.py:642} INFO - Processing file /opt/airflow/dags/my_dag.py for tasks to queue
[2022-02-12 23:29:11,404] {logging_mixin.py:109} INFO - [2022-02-12 23:29:11,404] {dagbag.py:500} INFO - Filling up the DagBag from /opt/airflow/dags/my_dag.py
[2022-02-12 23:29:11,504] {processor.py:654} INFO - DAG(s) dict_keys(['my_dag']) retrieved from /opt/airflow/dags/my_dag.py
[2022-02-12 23:29:11,542] {logging_mixin.py:109} INFO - [2022-02-12 23:29:11,541] {dag.py:2396} INFO - Sync 1 DAGs
[2022-02-12 23:29:11,604] {logging_mixin.py:109} INFO - [2022-02-12 23:29:11,604] {dag.py:2935} INFO - Setting next_dagrun for my_dag to 2022-02-12T00:00:00+00:00
[2022-02-12 23:29:11,636] {processor.py:171} INFO - Processing /opt/airflow/dags/my_dag.py took 0.253 seconds
[2022-02-12 23:29:42,476] {processor.py:163} INFO - Started process (PID=1133) to work on /opt/airflow/dags/my_dag.py
[2022-02-12 23:29:42,480] {processor.py:642} INFO - Processing file /opt/airflow/dags/my_dag.py for tasks to queue
[2022-02-12 23:29:42,491] {logging_mixin.py:109} INFO - [2022-02-12 23:29:42,491] {dagbag.py:500} INFO - Filling up the DagBag from /opt/airflow/dags/my_dag.py
[2022-02-12 23:29:42,677] {processor.py:654} INFO - DAG(s) dict_keys(['my_dag']) retrieved from /opt/airflow/dags/my_dag.py
[2022-02-12 23:29:42,766] {logging_mixin.py:109} INFO - [2022-02-12 23:29:42,765] {dag.py:2396} INFO - Sync 1 DAGs
[2022-02-12 23:29:42,868] {logging_mixin.py:109} INFO - [2022-02-12 23:29:42,867] {dag.py:2935} INFO - Setting next_dagrun for my_dag to 2022-02-12T00:00:00+00:00
[2022-02-12 23:29:42,963] {processor.py:171} INFO - Processing /opt/airflow/dags/my_dag.py took 0.494 seconds
[2022-02-12 23:30:13,014] {processor.py:163} INFO - Started process (PID=1184) to work on /opt/airflow/dags/my_dag.py
[2022-02-12 23:30:13,016] {processor.py:642} INFO - Processing file /opt/airflow/dags/my_dag.py for tasks to queue
[2022-02-12 23:30:13,017] {logging_mixin.py:109} INFO - [2022-02-12 23:30:13,017] {dagbag.py:500} INFO - Filling up the DagBag from /opt/airflow/dags/my_dag.py
[2022-02-12 23:30:13,075] {processor.py:654} INFO - DAG(s) dict_keys(['my_dag']) retrieved from /opt/airflow/dags/my_dag.py
[2022-02-12 23:30:13,096] {logging_mixin.py:109} INFO - [2022-02-12 23:30:13,096] {dag.py:2396} INFO - Sync 1 DAGs
[2022-02-12 23:30:13,127] {logging_mixin.py:109} INFO - [2022-02-12 23:30:13,127] {dag.py:2935} INFO - Setting next_dagrun for my_dag to 2022-02-12T00:00:00+00:00
[2022-02-12 23:30:13,145] {processor.py:171} INFO - Processing /opt/airflow/dags/my_dag.py took 0.135 seconds
[2022-02-12 23:30:43,191] {processor.py:163} INFO - Started process (PID=1237) to work on /opt/airflow/dags/my_dag.py
[2022-02-12 23:30:43,194] {processor.py:642} INFO - Processing file /opt/airflow/dags/my_dag.py for tasks to queue
[2022-02-12 23:30:43,196] {logging_mixin.py:109} INFO - [2022-02-12 23:30:43,195] {dagbag.py:500} INFO - Filling up the DagBag from /opt/airflow/dags/my_dag.py
[2022-02-12 23:30:43,269] {processor.py:654} INFO - DAG(s) dict_keys(['my_dag']) retrieved from /opt/airflow/dags/my_dag.py
[2022-02-12 23:30:43,295] {logging_mixin.py:109} INFO - [2022-02-12 23:30:43,295] {dag.py:2396} INFO - Sync 1 DAGs
[2022-02-12 23:30:43,508] {logging_mixin.py:109} INFO - [2022-02-12 23:30:43,507] {dag.py:2935} INFO - Setting next_dagrun for my_dag to 2022-02-12T00:00:00+00:00
[2022-02-12 23:30:43,530] {processor.py:171} INFO - Processing /opt/airflow/dags/my_dag.py took 0.351 seconds
[2022-02-12 23:31:13,688] {processor.py:163} INFO - Started process (PID=1277) to work on /opt/airflow/dags/my_dag.py
[2022-02-12 23:31:13,692] {processor.py:642} INFO - Processing file /opt/airflow/dags/my_dag.py for tasks to queue
[2022-02-12 23:31:13,693] {logging_mixin.py:109} INFO - [2022-02-12 23:31:13,693] {dagbag.py:500} INFO - Filling up the DagBag from /opt/airflow/dags/my_dag.py
[2022-02-12 23:31:13,805] {processor.py:654} INFO - DAG(s) dict_keys(['my_dag']) retrieved from /opt/airflow/dags/my_dag.py
[2022-02-12 23:31:13,849] {logging_mixin.py:109} INFO - [2022-02-12 23:31:13,849] {dag.py:2396} INFO - Sync 1 DAGs
[2022-02-12 23:31:14,157] {logging_mixin.py:109} INFO - [2022-02-12 23:31:14,157] {dag.py:2935} INFO - Setting next_dagrun for my_dag to 2022-02-12T00:00:00+00:00
[2022-02-12 23:31:14,189] {processor.py:171} INFO - Processing /opt/airflow/dags/my_dag.py took 0.512 seconds
[2022-02-12 23:31:44,707] {processor.py:163} INFO - Started process (PID=1330) to work on /opt/airflow/dags/my_dag.py
[2022-02-12 23:31:44,717] {processor.py:642} INFO - Processing file /opt/airflow/dags/my_dag.py for tasks to queue
[2022-02-12 23:31:44,718] {logging_mixin.py:109} INFO - [2022-02-12 23:31:44,718] {dagbag.py:500} INFO - Filling up the DagBag from /opt/airflow/dags/my_dag.py
[2022-02-12 23:31:44,900] {processor.py:654} INFO - DAG(s) dict_keys(['my_dag']) retrieved from /opt/airflow/dags/my_dag.py
[2022-02-12 23:31:44,971] {logging_mixin.py:109} INFO - [2022-02-12 23:31:44,970] {dag.py:2396} INFO - Sync 1 DAGs
[2022-02-12 23:31:45,514] {logging_mixin.py:109} INFO - [2022-02-12 23:31:45,514] {dag.py:2935} INFO - Setting next_dagrun for my_dag to 2022-02-12T00:00:00+00:00
[2022-02-12 23:31:45,570] {processor.py:171} INFO - Processing /opt/airflow/dags/my_dag.py took 0.881 seconds
[2022-02-12 23:32:16,116] {processor.py:163} INFO - Started process (PID=1383) to work on /opt/airflow/dags/my_dag.py
[2022-02-12 23:32:16,122] {processor.py:642} INFO - Processing file /opt/airflow/dags/my_dag.py for tasks to queue
[2022-02-12 23:32:16,124] {logging_mixin.py:109} INFO - [2022-02-12 23:32:16,123] {dagbag.py:500} INFO - Filling up the DagBag from /opt/airflow/dags/my_dag.py
[2022-02-12 23:32:16,208] {processor.py:654} INFO - DAG(s) dict_keys(['my_dag']) retrieved from /opt/airflow/dags/my_dag.py
[2022-02-12 23:32:16,233] {logging_mixin.py:109} INFO - [2022-02-12 23:32:16,232] {dag.py:2396} INFO - Sync 1 DAGs
[2022-02-12 23:32:16,473] {logging_mixin.py:109} INFO - [2022-02-12 23:32:16,473] {dag.py:2935} INFO - Setting next_dagrun for my_dag to 2022-02-12T00:00:00+00:00
[2022-02-12 23:32:16,495] {processor.py:171} INFO - Processing /opt/airflow/dags/my_dag.py took 0.387 seconds
[2022-02-12 23:32:47,623] {processor.py:163} INFO - Started process (PID=1426) to work on /opt/airflow/dags/my_dag.py
[2022-02-12 23:32:47,625] {processor.py:642} INFO - Processing file /opt/airflow/dags/my_dag.py for tasks to queue
[2022-02-12 23:32:47,627] {logging_mixin.py:109} INFO - [2022-02-12 23:32:47,626] {dagbag.py:500} INFO - Filling up the DagBag from /opt/airflow/dags/my_dag.py
[2022-02-12 23:32:47,871] {processor.py:654} INFO - DAG(s) dict_keys(['my_dag']) retrieved from /opt/airflow/dags/my_dag.py
[2022-02-12 23:32:48,374] {logging_mixin.py:109} INFO - [2022-02-12 23:32:48,373] {dag.py:2396} INFO - Sync 1 DAGs
[2022-02-12 23:32:48,466] {logging_mixin.py:109} INFO - [2022-02-12 23:32:48,466] {dag.py:2935} INFO - Setting next_dagrun for my_dag to 2022-02-12T00:00:00+00:00
[2022-02-12 23:32:48,559] {processor.py:171} INFO - Processing /opt/airflow/dags/my_dag.py took 0.940 seconds
[2022-02-12 23:33:19,219] {processor.py:163} INFO - Started process (PID=1478) to work on /opt/airflow/dags/my_dag.py
[2022-02-12 23:33:19,221] {processor.py:642} INFO - Processing file /opt/airflow/dags/my_dag.py for tasks to queue
[2022-02-12 23:33:19,222] {logging_mixin.py:109} INFO - [2022-02-12 23:33:19,222] {dagbag.py:500} INFO - Filling up the DagBag from /opt/airflow/dags/my_dag.py
[2022-02-12 23:33:19,637] {processor.py:654} INFO - DAG(s) dict_keys(['my_dag']) retrieved from /opt/airflow/dags/my_dag.py
[2022-02-12 23:33:19,673] {logging_mixin.py:109} INFO - [2022-02-12 23:33:19,673] {dag.py:2396} INFO - Sync 1 DAGs
[2022-02-12 23:33:19,731] {logging_mixin.py:109} INFO - [2022-02-12 23:33:19,726] {dag.py:2935} INFO - Setting next_dagrun for my_dag to 2022-02-12T00:00:00+00:00
[2022-02-12 23:33:19,765] {processor.py:171} INFO - Processing /opt/airflow/dags/my_dag.py took 0.552 seconds
[2022-02-12 23:33:50,232] {processor.py:163} INFO - Started process (PID=1521) to work on /opt/airflow/dags/my_dag.py
[2022-02-12 23:33:50,236] {processor.py:642} INFO - Processing file /opt/airflow/dags/my_dag.py for tasks to queue
[2022-02-12 23:33:50,238] {logging_mixin.py:109} INFO - [2022-02-12 23:33:50,238] {dagbag.py:500} INFO - Filling up the DagBag from /opt/airflow/dags/my_dag.py
[2022-02-12 23:33:50,580] {processor.py:654} INFO - DAG(s) dict_keys(['my_dag']) retrieved from /opt/airflow/dags/my_dag.py
[2022-02-12 23:33:50,606] {logging_mixin.py:109} INFO - [2022-02-12 23:33:50,606] {dag.py:2396} INFO - Sync 1 DAGs
[2022-02-12 23:33:50,652] {logging_mixin.py:109} INFO - [2022-02-12 23:33:50,652] {dag.py:2935} INFO - Setting next_dagrun for my_dag to 2022-02-12T00:00:00+00:00
[2022-02-12 23:33:50,682] {processor.py:171} INFO - Processing /opt/airflow/dags/my_dag.py took 0.466 seconds
[2022-02-12 23:34:21,074] {processor.py:163} INFO - Started process (PID=1573) to work on /opt/airflow/dags/my_dag.py
[2022-02-12 23:34:21,088] {processor.py:642} INFO - Processing file /opt/airflow/dags/my_dag.py for tasks to queue
[2022-02-12 23:34:21,090] {logging_mixin.py:109} INFO - [2022-02-12 23:34:21,090] {dagbag.py:500} INFO - Filling up the DagBag from /opt/airflow/dags/my_dag.py
[2022-02-12 23:34:21,633] {processor.py:654} INFO - DAG(s) dict_keys(['my_dag']) retrieved from /opt/airflow/dags/my_dag.py
[2022-02-12 23:34:21,674] {logging_mixin.py:109} INFO - [2022-02-12 23:34:21,673] {dag.py:2396} INFO - Sync 1 DAGs
[2022-02-12 23:34:21,765] {logging_mixin.py:109} INFO - [2022-02-12 23:34:21,765] {dag.py:2935} INFO - Setting next_dagrun for my_dag to 2022-02-12T00:00:00+00:00
[2022-02-12 23:34:21,826] {processor.py:171} INFO - Processing /opt/airflow/dags/my_dag.py took 0.769 seconds
[2022-02-12 23:34:52,017] {processor.py:163} INFO - Started process (PID=1627) to work on /opt/airflow/dags/my_dag.py
[2022-02-12 23:34:52,022] {processor.py:642} INFO - Processing file /opt/airflow/dags/my_dag.py for tasks to queue
[2022-02-12 23:34:52,030] {logging_mixin.py:109} INFO - [2022-02-12 23:34:52,029] {dagbag.py:500} INFO - Filling up the DagBag from /opt/airflow/dags/my_dag.py
[2022-02-12 23:34:52,454] {processor.py:654} INFO - DAG(s) dict_keys(['my_dag']) retrieved from /opt/airflow/dags/my_dag.py
[2022-02-12 23:34:52,496] {logging_mixin.py:109} INFO - [2022-02-12 23:34:52,495] {dag.py:2396} INFO - Sync 1 DAGs
[2022-02-12 23:34:52,559] {logging_mixin.py:109} INFO - [2022-02-12 23:34:52,558] {dag.py:2935} INFO - Setting next_dagrun for my_dag to 2022-02-12T00:00:00+00:00
[2022-02-12 23:34:52,587] {processor.py:171} INFO - Processing /opt/airflow/dags/my_dag.py took 0.586 seconds
[2022-02-12 23:35:22,673] {processor.py:163} INFO - Started process (PID=1668) to work on /opt/airflow/dags/my_dag.py
[2022-02-12 23:35:22,677] {processor.py:642} INFO - Processing file /opt/airflow/dags/my_dag.py for tasks to queue
[2022-02-12 23:35:22,678] {logging_mixin.py:109} INFO - [2022-02-12 23:35:22,678] {dagbag.py:500} INFO - Filling up the DagBag from /opt/airflow/dags/my_dag.py
[2022-02-12 23:35:23,286] {processor.py:654} INFO - DAG(s) dict_keys(['my_dag']) retrieved from /opt/airflow/dags/my_dag.py
[2022-02-12 23:35:23,350] {logging_mixin.py:109} INFO - [2022-02-12 23:35:23,349] {dag.py:2396} INFO - Sync 1 DAGs
[2022-02-12 23:35:23,446] {logging_mixin.py:109} INFO - [2022-02-12 23:35:23,446] {dag.py:2935} INFO - Setting next_dagrun for my_dag to 2022-02-12T00:00:00+00:00
[2022-02-12 23:35:23,492] {processor.py:171} INFO - Processing /opt/airflow/dags/my_dag.py took 0.825 seconds
[2022-02-12 23:35:53,645] {processor.py:163} INFO - Started process (PID=1719) to work on /opt/airflow/dags/my_dag.py
[2022-02-12 23:35:53,647] {processor.py:642} INFO - Processing file /opt/airflow/dags/my_dag.py for tasks to queue
[2022-02-12 23:35:53,648] {logging_mixin.py:109} INFO - [2022-02-12 23:35:53,648] {dagbag.py:500} INFO - Filling up the DagBag from /opt/airflow/dags/my_dag.py
[2022-02-12 23:35:53,713] {processor.py:654} INFO - DAG(s) dict_keys(['my_dag']) retrieved from /opt/airflow/dags/my_dag.py
[2022-02-12 23:35:53,737] {logging_mixin.py:109} INFO - [2022-02-12 23:35:53,737] {dag.py:2396} INFO - Sync 1 DAGs
[2022-02-12 23:35:53,779] {logging_mixin.py:109} INFO - [2022-02-12 23:35:53,779] {dag.py:2935} INFO - Setting next_dagrun for my_dag to 2022-02-12T00:00:00+00:00
[2022-02-12 23:35:53,810] {processor.py:171} INFO - Processing /opt/airflow/dags/my_dag.py took 0.174 seconds
[2022-02-12 23:36:24,708] {processor.py:163} INFO - Started process (PID=1772) to work on /opt/airflow/dags/my_dag.py
[2022-02-12 23:36:24,712] {processor.py:642} INFO - Processing file /opt/airflow/dags/my_dag.py for tasks to queue
[2022-02-12 23:36:24,722] {logging_mixin.py:109} INFO - [2022-02-12 23:36:24,722] {dagbag.py:500} INFO - Filling up the DagBag from /opt/airflow/dags/my_dag.py
[2022-02-12 23:36:24,880] {processor.py:654} INFO - DAG(s) dict_keys(['my_dag']) retrieved from /opt/airflow/dags/my_dag.py
[2022-02-12 23:36:24,929] {logging_mixin.py:109} INFO - [2022-02-12 23:36:24,929] {dag.py:2396} INFO - Sync 1 DAGs
[2022-02-12 23:36:25,002] {logging_mixin.py:109} INFO - [2022-02-12 23:36:25,001] {dag.py:2935} INFO - Setting next_dagrun for my_dag to 2022-02-12T00:00:00+00:00
[2022-02-12 23:36:25,036] {processor.py:171} INFO - Processing /opt/airflow/dags/my_dag.py took 0.343 seconds
[2022-02-12 23:36:55,172] {processor.py:163} INFO - Started process (PID=1815) to work on /opt/airflow/dags/my_dag.py
[2022-02-12 23:36:55,176] {processor.py:642} INFO - Processing file /opt/airflow/dags/my_dag.py for tasks to queue
[2022-02-12 23:36:55,178] {logging_mixin.py:109} INFO - [2022-02-12 23:36:55,177] {dagbag.py:500} INFO - Filling up the DagBag from /opt/airflow/dags/my_dag.py
[2022-02-12 23:36:55,239] {processor.py:654} INFO - DAG(s) dict_keys(['my_dag']) retrieved from /opt/airflow/dags/my_dag.py
[2022-02-12 23:36:55,269] {logging_mixin.py:109} INFO - [2022-02-12 23:36:55,268] {dag.py:2396} INFO - Sync 1 DAGs
[2022-02-12 23:36:55,305] {logging_mixin.py:109} INFO - [2022-02-12 23:36:55,304] {dag.py:2935} INFO - Setting next_dagrun for my_dag to 2022-02-12T00:00:00+00:00
[2022-02-12 23:36:55,324] {processor.py:171} INFO - Processing /opt/airflow/dags/my_dag.py took 0.166 seconds
[2022-02-12 23:37:25,979] {processor.py:163} INFO - Started process (PID=1868) to work on /opt/airflow/dags/my_dag.py
[2022-02-12 23:37:25,991] {processor.py:642} INFO - Processing file /opt/airflow/dags/my_dag.py for tasks to queue
[2022-02-12 23:37:25,993] {logging_mixin.py:109} INFO - [2022-02-12 23:37:25,992] {dagbag.py:500} INFO - Filling up the DagBag from /opt/airflow/dags/my_dag.py
[2022-02-12 23:37:26,194] {processor.py:654} INFO - DAG(s) dict_keys(['my_dag']) retrieved from /opt/airflow/dags/my_dag.py
[2022-02-12 23:37:26,256] {logging_mixin.py:109} INFO - [2022-02-12 23:37:26,254] {dag.py:2396} INFO - Sync 1 DAGs
[2022-02-12 23:37:26,345] {logging_mixin.py:109} INFO - [2022-02-12 23:37:26,344] {dag.py:2935} INFO - Setting next_dagrun for my_dag to 2022-02-12T00:00:00+00:00
[2022-02-12 23:37:26,392] {processor.py:171} INFO - Processing /opt/airflow/dags/my_dag.py took 0.420 seconds
[2022-02-12 23:37:56,637] {processor.py:163} INFO - Started process (PID=1909) to work on /opt/airflow/dags/my_dag.py
[2022-02-12 23:37:56,639] {processor.py:642} INFO - Processing file /opt/airflow/dags/my_dag.py for tasks to queue
[2022-02-12 23:37:56,640] {logging_mixin.py:109} INFO - [2022-02-12 23:37:56,640] {dagbag.py:500} INFO - Filling up the DagBag from /opt/airflow/dags/my_dag.py
[2022-02-12 23:37:56,705] {processor.py:654} INFO - DAG(s) dict_keys(['my_dag']) retrieved from /opt/airflow/dags/my_dag.py
[2022-02-12 23:37:56,724] {logging_mixin.py:109} INFO - [2022-02-12 23:37:56,724] {dag.py:2396} INFO - Sync 1 DAGs
[2022-02-12 23:37:56,769] {logging_mixin.py:109} INFO - [2022-02-12 23:37:56,769] {dag.py:2935} INFO - Setting next_dagrun for my_dag to 2022-02-12T00:00:00+00:00
[2022-02-12 23:37:56,792] {processor.py:171} INFO - Processing /opt/airflow/dags/my_dag.py took 0.160 seconds
[2022-02-12 23:38:27,618] {processor.py:163} INFO - Started process (PID=1960) to work on /opt/airflow/dags/my_dag.py
[2022-02-12 23:38:27,621] {processor.py:642} INFO - Processing file /opt/airflow/dags/my_dag.py for tasks to queue
[2022-02-12 23:38:27,624] {logging_mixin.py:109} INFO - [2022-02-12 23:38:27,624] {dagbag.py:500} INFO - Filling up the DagBag from /opt/airflow/dags/my_dag.py
[2022-02-12 23:38:27,709] {processor.py:654} INFO - DAG(s) dict_keys(['my_dag']) retrieved from /opt/airflow/dags/my_dag.py
[2022-02-12 23:38:27,735] {logging_mixin.py:109} INFO - [2022-02-12 23:38:27,735] {dag.py:2396} INFO - Sync 1 DAGs
[2022-02-12 23:38:27,778] {logging_mixin.py:109} INFO - [2022-02-12 23:38:27,777] {dag.py:2935} INFO - Setting next_dagrun for my_dag to 2022-02-12T00:00:00+00:00
[2022-02-12 23:38:27,810] {processor.py:171} INFO - Processing /opt/airflow/dags/my_dag.py took 0.200 seconds
[2022-02-12 23:38:58,317] {processor.py:163} INFO - Started process (PID=2011) to work on /opt/airflow/dags/my_dag.py
[2022-02-12 23:38:58,322] {processor.py:642} INFO - Processing file /opt/airflow/dags/my_dag.py for tasks to queue
[2022-02-12 23:38:58,323] {logging_mixin.py:109} INFO - [2022-02-12 23:38:58,323] {dagbag.py:500} INFO - Filling up the DagBag from /opt/airflow/dags/my_dag.py
[2022-02-12 23:38:58,458] {processor.py:654} INFO - DAG(s) dict_keys(['my_dag']) retrieved from /opt/airflow/dags/my_dag.py
[2022-02-12 23:38:58,508] {logging_mixin.py:109} INFO - [2022-02-12 23:38:58,508] {dag.py:2396} INFO - Sync 1 DAGs
[2022-02-12 23:38:58,567] {logging_mixin.py:109} INFO - [2022-02-12 23:38:58,567] {dag.py:2935} INFO - Setting next_dagrun for my_dag to 2022-02-12T00:00:00+00:00
[2022-02-12 23:38:58,600] {processor.py:171} INFO - Processing /opt/airflow/dags/my_dag.py took 0.294 seconds
[2022-02-12 23:39:28,683] {processor.py:163} INFO - Started process (PID=2060) to work on /opt/airflow/dags/my_dag.py
[2022-02-12 23:39:28,687] {processor.py:642} INFO - Processing file /opt/airflow/dags/my_dag.py for tasks to queue
[2022-02-12 23:39:28,690] {logging_mixin.py:109} INFO - [2022-02-12 23:39:28,689] {dagbag.py:500} INFO - Filling up the DagBag from /opt/airflow/dags/my_dag.py
[2022-02-12 23:39:28,770] {processor.py:654} INFO - DAG(s) dict_keys(['my_dag']) retrieved from /opt/airflow/dags/my_dag.py
[2022-02-12 23:39:28,790] {logging_mixin.py:109} INFO - [2022-02-12 23:39:28,790] {dag.py:2396} INFO - Sync 1 DAGs
[2022-02-12 23:39:28,835] {logging_mixin.py:109} INFO - [2022-02-12 23:39:28,834] {dag.py:2935} INFO - Setting next_dagrun for my_dag to 2022-02-12T00:00:00+00:00
[2022-02-12 23:39:28,856] {processor.py:171} INFO - Processing /opt/airflow/dags/my_dag.py took 0.178 seconds
[2022-02-12 23:39:59,475] {processor.py:163} INFO - Started process (PID=2105) to work on /opt/airflow/dags/my_dag.py
[2022-02-12 23:39:59,477] {processor.py:642} INFO - Processing file /opt/airflow/dags/my_dag.py for tasks to queue
[2022-02-12 23:39:59,478] {logging_mixin.py:109} INFO - [2022-02-12 23:39:59,478] {dagbag.py:500} INFO - Filling up the DagBag from /opt/airflow/dags/my_dag.py
[2022-02-12 23:39:59,549] {processor.py:654} INFO - DAG(s) dict_keys(['my_dag']) retrieved from /opt/airflow/dags/my_dag.py
[2022-02-12 23:39:59,569] {logging_mixin.py:109} INFO - [2022-02-12 23:39:59,569] {dag.py:2396} INFO - Sync 1 DAGs
[2022-02-12 23:39:59,601] {logging_mixin.py:109} INFO - [2022-02-12 23:39:59,601] {dag.py:2935} INFO - Setting next_dagrun for my_dag to 2022-02-12T00:00:00+00:00
[2022-02-12 23:39:59,621] {processor.py:171} INFO - Processing /opt/airflow/dags/my_dag.py took 0.151 seconds
[2022-02-12 23:40:29,982] {processor.py:163} INFO - Started process (PID=2158) to work on /opt/airflow/dags/my_dag.py
[2022-02-12 23:40:29,984] {processor.py:642} INFO - Processing file /opt/airflow/dags/my_dag.py for tasks to queue
[2022-02-12 23:40:29,986] {logging_mixin.py:109} INFO - [2022-02-12 23:40:29,985] {dagbag.py:500} INFO - Filling up the DagBag from /opt/airflow/dags/my_dag.py
[2022-02-12 23:40:30,162] {processor.py:654} INFO - DAG(s) dict_keys(['my_dag']) retrieved from /opt/airflow/dags/my_dag.py
[2022-02-12 23:40:30,192] {logging_mixin.py:109} INFO - [2022-02-12 23:40:30,192] {dag.py:2396} INFO - Sync 1 DAGs
[2022-02-12 23:40:30,248] {logging_mixin.py:109} INFO - [2022-02-12 23:40:30,248] {dag.py:2935} INFO - Setting next_dagrun for my_dag to 2022-02-12T00:00:00+00:00
[2022-02-12 23:40:30,279] {processor.py:171} INFO - Processing /opt/airflow/dags/my_dag.py took 0.313 seconds
[2022-02-12 23:41:01,241] {processor.py:163} INFO - Started process (PID=2210) to work on /opt/airflow/dags/my_dag.py
[2022-02-12 23:41:01,243] {processor.py:642} INFO - Processing file /opt/airflow/dags/my_dag.py for tasks to queue
[2022-02-12 23:41:01,245] {logging_mixin.py:109} INFO - [2022-02-12 23:41:01,245] {dagbag.py:500} INFO - Filling up the DagBag from /opt/airflow/dags/my_dag.py
[2022-02-12 23:41:01,321] {processor.py:654} INFO - DAG(s) dict_keys(['my_dag']) retrieved from /opt/airflow/dags/my_dag.py
[2022-02-12 23:41:01,356] {logging_mixin.py:109} INFO - [2022-02-12 23:41:01,356] {dag.py:2396} INFO - Sync 1 DAGs
[2022-02-12 23:41:01,395] {logging_mixin.py:109} INFO - [2022-02-12 23:41:01,395] {dag.py:2935} INFO - Setting next_dagrun for my_dag to 2022-02-12T00:00:00+00:00
[2022-02-12 23:41:01,433] {processor.py:171} INFO - Processing /opt/airflow/dags/my_dag.py took 0.198 seconds
[2022-02-12 23:41:31,481] {processor.py:163} INFO - Started process (PID=2253) to work on /opt/airflow/dags/my_dag.py
[2022-02-12 23:41:31,483] {processor.py:642} INFO - Processing file /opt/airflow/dags/my_dag.py for tasks to queue
[2022-02-12 23:41:31,483] {logging_mixin.py:109} INFO - [2022-02-12 23:41:31,483] {dagbag.py:500} INFO - Filling up the DagBag from /opt/airflow/dags/my_dag.py
[2022-02-12 23:41:31,527] {processor.py:654} INFO - DAG(s) dict_keys(['my_dag']) retrieved from /opt/airflow/dags/my_dag.py
[2022-02-12 23:41:31,547] {logging_mixin.py:109} INFO - [2022-02-12 23:41:31,547] {dag.py:2396} INFO - Sync 1 DAGs
[2022-02-12 23:41:31,575] {logging_mixin.py:109} INFO - [2022-02-12 23:41:31,575] {dag.py:2935} INFO - Setting next_dagrun for my_dag to 2022-02-12T00:00:00+00:00
[2022-02-12 23:41:31,593] {processor.py:171} INFO - Processing /opt/airflow/dags/my_dag.py took 0.116 seconds
[2022-02-12 23:42:02,132] {processor.py:163} INFO - Started process (PID=2305) to work on /opt/airflow/dags/my_dag.py
[2022-02-12 23:42:02,138] {processor.py:642} INFO - Processing file /opt/airflow/dags/my_dag.py for tasks to queue
[2022-02-12 23:42:02,140] {logging_mixin.py:109} INFO - [2022-02-12 23:42:02,140] {dagbag.py:500} INFO - Filling up the DagBag from /opt/airflow/dags/my_dag.py
[2022-02-12 23:42:02,224] {processor.py:654} INFO - DAG(s) dict_keys(['my_dag']) retrieved from /opt/airflow/dags/my_dag.py
[2022-02-12 23:42:02,240] {logging_mixin.py:109} INFO - [2022-02-12 23:42:02,239] {dag.py:2396} INFO - Sync 1 DAGs
[2022-02-12 23:42:02,279] {logging_mixin.py:109} INFO - [2022-02-12 23:42:02,279] {dag.py:2935} INFO - Setting next_dagrun for my_dag to 2022-02-12T00:00:00+00:00
[2022-02-12 23:42:02,300] {processor.py:171} INFO - Processing /opt/airflow/dags/my_dag.py took 0.173 seconds
[2022-02-12 23:42:32,826] {processor.py:163} INFO - Started process (PID=2358) to work on /opt/airflow/dags/my_dag.py
[2022-02-12 23:42:32,837] {processor.py:642} INFO - Processing file /opt/airflow/dags/my_dag.py for tasks to queue
[2022-02-12 23:42:32,838] {logging_mixin.py:109} INFO - [2022-02-12 23:42:32,838] {dagbag.py:500} INFO - Filling up the DagBag from /opt/airflow/dags/my_dag.py
[2022-02-12 23:42:32,899] {processor.py:654} INFO - DAG(s) dict_keys(['my_dag']) retrieved from /opt/airflow/dags/my_dag.py
[2022-02-12 23:42:32,918] {logging_mixin.py:109} INFO - [2022-02-12 23:42:32,917] {dag.py:2396} INFO - Sync 1 DAGs
[2022-02-12 23:42:32,956] {logging_mixin.py:109} INFO - [2022-02-12 23:42:32,955] {dag.py:2935} INFO - Setting next_dagrun for my_dag to 2022-02-12T00:00:00+00:00
[2022-02-12 23:42:32,980] {processor.py:171} INFO - Processing /opt/airflow/dags/my_dag.py took 0.159 seconds
[2022-02-12 23:43:03,371] {processor.py:163} INFO - Started process (PID=2410) to work on /opt/airflow/dags/my_dag.py
[2022-02-12 23:43:03,373] {processor.py:642} INFO - Processing file /opt/airflow/dags/my_dag.py for tasks to queue
[2022-02-12 23:43:03,385] {logging_mixin.py:109} INFO - [2022-02-12 23:43:03,385] {dagbag.py:500} INFO - Filling up the DagBag from /opt/airflow/dags/my_dag.py
[2022-02-12 23:43:03,604] {processor.py:654} INFO - DAG(s) dict_keys(['my_dag']) retrieved from /opt/airflow/dags/my_dag.py
[2022-02-12 23:43:03,692] {logging_mixin.py:109} INFO - [2022-02-12 23:43:03,692] {dag.py:2396} INFO - Sync 1 DAGs
[2022-02-12 23:43:03,850] {logging_mixin.py:109} INFO - [2022-02-12 23:43:03,849] {dag.py:2935} INFO - Setting next_dagrun for my_dag to 2022-02-12T00:00:00+00:00
[2022-02-12 23:43:03,904] {processor.py:171} INFO - Processing /opt/airflow/dags/my_dag.py took 0.552 seconds
[2022-02-12 23:43:34,489] {processor.py:163} INFO - Started process (PID=2453) to work on /opt/airflow/dags/my_dag.py
[2022-02-12 23:43:34,492] {processor.py:642} INFO - Processing file /opt/airflow/dags/my_dag.py for tasks to queue
[2022-02-12 23:43:34,494] {logging_mixin.py:109} INFO - [2022-02-12 23:43:34,493] {dagbag.py:500} INFO - Filling up the DagBag from /opt/airflow/dags/my_dag.py
[2022-02-12 23:43:34,697] {processor.py:654} INFO - DAG(s) dict_keys(['my_dag']) retrieved from /opt/airflow/dags/my_dag.py
[2022-02-12 23:43:34,756] {logging_mixin.py:109} INFO - [2022-02-12 23:43:34,756] {dag.py:2396} INFO - Sync 1 DAGs
[2022-02-12 23:43:34,884] {logging_mixin.py:109} INFO - [2022-02-12 23:43:34,883] {dag.py:2935} INFO - Setting next_dagrun for my_dag to 2022-02-12T00:00:00+00:00
[2022-02-12 23:43:34,965] {processor.py:171} INFO - Processing /opt/airflow/dags/my_dag.py took 0.504 seconds
[2022-02-12 23:44:05,371] {processor.py:163} INFO - Started process (PID=2506) to work on /opt/airflow/dags/my_dag.py
[2022-02-12 23:44:05,382] {processor.py:642} INFO - Processing file /opt/airflow/dags/my_dag.py for tasks to queue
[2022-02-12 23:44:05,384] {logging_mixin.py:109} INFO - [2022-02-12 23:44:05,384] {dagbag.py:500} INFO - Filling up the DagBag from /opt/airflow/dags/my_dag.py
[2022-02-12 23:44:05,565] {processor.py:654} INFO - DAG(s) dict_keys(['my_dag']) retrieved from /opt/airflow/dags/my_dag.py
[2022-02-12 23:44:05,669] {logging_mixin.py:109} INFO - [2022-02-12 23:44:05,669] {dag.py:2396} INFO - Sync 1 DAGs
[2022-02-12 23:44:05,859] {logging_mixin.py:109} INFO - [2022-02-12 23:44:05,848] {dag.py:2935} INFO - Setting next_dagrun for my_dag to 2022-02-12T00:00:00+00:00
[2022-02-12 23:44:06,069] {processor.py:171} INFO - Processing /opt/airflow/dags/my_dag.py took 0.716 seconds
[2022-02-12 23:44:36,721] {processor.py:163} INFO - Started process (PID=2551) to work on /opt/airflow/dags/my_dag.py
[2022-02-12 23:44:36,725] {processor.py:642} INFO - Processing file /opt/airflow/dags/my_dag.py for tasks to queue
[2022-02-12 23:44:36,727] {logging_mixin.py:109} INFO - [2022-02-12 23:44:36,727] {dagbag.py:500} INFO - Filling up the DagBag from /opt/airflow/dags/my_dag.py
[2022-02-12 23:44:36,937] {processor.py:654} INFO - DAG(s) dict_keys(['my_dag']) retrieved from /opt/airflow/dags/my_dag.py
[2022-02-12 23:44:37,007] {logging_mixin.py:109} INFO - [2022-02-12 23:44:37,006] {dag.py:2396} INFO - Sync 1 DAGs
[2022-02-12 23:44:37,105] {logging_mixin.py:109} INFO - [2022-02-12 23:44:37,105] {dag.py:2935} INFO - Setting next_dagrun for my_dag to 2022-02-12T00:00:00+00:00
[2022-02-12 23:44:37,157] {processor.py:171} INFO - Processing /opt/airflow/dags/my_dag.py took 0.451 seconds
[2022-02-12 23:45:08,201] {processor.py:163} INFO - Started process (PID=2602) to work on /opt/airflow/dags/my_dag.py
[2022-02-12 23:45:08,203] {processor.py:642} INFO - Processing file /opt/airflow/dags/my_dag.py for tasks to queue
[2022-02-12 23:45:08,205] {logging_mixin.py:109} INFO - [2022-02-12 23:45:08,204] {dagbag.py:500} INFO - Filling up the DagBag from /opt/airflow/dags/my_dag.py
[2022-02-12 23:45:08,482] {processor.py:654} INFO - DAG(s) dict_keys(['my_dag']) retrieved from /opt/airflow/dags/my_dag.py
[2022-02-12 23:45:08,597] {logging_mixin.py:109} INFO - [2022-02-12 23:45:08,596] {dag.py:2396} INFO - Sync 1 DAGs
[2022-02-12 23:45:08,766] {logging_mixin.py:109} INFO - [2022-02-12 23:45:08,766] {dag.py:2935} INFO - Setting next_dagrun for my_dag to 2022-02-12T00:00:00+00:00
[2022-02-12 23:45:08,874] {processor.py:171} INFO - Processing /opt/airflow/dags/my_dag.py took 0.689 seconds
[2022-02-12 23:45:39,272] {processor.py:163} INFO - Started process (PID=2653) to work on /opt/airflow/dags/my_dag.py
[2022-02-12 23:45:39,281] {processor.py:642} INFO - Processing file /opt/airflow/dags/my_dag.py for tasks to queue
[2022-02-12 23:45:39,282] {logging_mixin.py:109} INFO - [2022-02-12 23:45:39,282] {dagbag.py:500} INFO - Filling up the DagBag from /opt/airflow/dags/my_dag.py
[2022-02-12 23:45:39,433] {processor.py:654} INFO - DAG(s) dict_keys(['my_dag']) retrieved from /opt/airflow/dags/my_dag.py
[2022-02-12 23:45:39,477] {logging_mixin.py:109} INFO - [2022-02-12 23:45:39,477] {dag.py:2396} INFO - Sync 1 DAGs
[2022-02-12 23:45:39,581] {logging_mixin.py:109} INFO - [2022-02-12 23:45:39,581] {dag.py:2935} INFO - Setting next_dagrun for my_dag to 2022-02-12T00:00:00+00:00
[2022-02-12 23:45:39,652] {processor.py:171} INFO - Processing /opt/airflow/dags/my_dag.py took 0.389 seconds
[2022-02-12 23:46:09,819] {processor.py:163} INFO - Started process (PID=2698) to work on /opt/airflow/dags/my_dag.py
[2022-02-12 23:46:09,823] {processor.py:642} INFO - Processing file /opt/airflow/dags/my_dag.py for tasks to queue
[2022-02-12 23:46:09,825] {logging_mixin.py:109} INFO - [2022-02-12 23:46:09,824] {dagbag.py:500} INFO - Filling up the DagBag from /opt/airflow/dags/my_dag.py
[2022-02-12 23:46:09,953] {processor.py:654} INFO - DAG(s) dict_keys(['my_dag']) retrieved from /opt/airflow/dags/my_dag.py
[2022-02-12 23:46:09,975] {logging_mixin.py:109} INFO - [2022-02-12 23:46:09,975] {dag.py:2396} INFO - Sync 1 DAGs
[2022-02-12 23:46:10,035] {logging_mixin.py:109} INFO - [2022-02-12 23:46:10,034] {dag.py:2935} INFO - Setting next_dagrun for my_dag to 2022-02-12T00:00:00+00:00
[2022-02-12 23:46:10,068] {processor.py:171} INFO - Processing /opt/airflow/dags/my_dag.py took 0.255 seconds
[2022-02-12 23:46:40,741] {processor.py:163} INFO - Started process (PID=2751) to work on /opt/airflow/dags/my_dag.py
[2022-02-12 23:46:40,745] {processor.py:642} INFO - Processing file /opt/airflow/dags/my_dag.py for tasks to queue
[2022-02-12 23:46:40,747] {logging_mixin.py:109} INFO - [2022-02-12 23:46:40,746] {dagbag.py:500} INFO - Filling up the DagBag from /opt/airflow/dags/my_dag.py
[2022-02-12 23:46:40,882] {processor.py:654} INFO - DAG(s) dict_keys(['my_dag']) retrieved from /opt/airflow/dags/my_dag.py
[2022-02-12 23:46:40,936] {logging_mixin.py:109} INFO - [2022-02-12 23:46:40,935] {dag.py:2396} INFO - Sync 1 DAGs
[2022-02-12 23:46:41,029] {logging_mixin.py:109} INFO - [2022-02-12 23:46:41,028] {dag.py:2935} INFO - Setting next_dagrun for my_dag to 2022-02-12T00:00:00+00:00
[2022-02-12 23:46:41,069] {processor.py:171} INFO - Processing /opt/airflow/dags/my_dag.py took 0.345 seconds
[2022-02-12 23:47:11,228] {processor.py:163} INFO - Started process (PID=2792) to work on /opt/airflow/dags/my_dag.py
[2022-02-12 23:47:11,230] {processor.py:642} INFO - Processing file /opt/airflow/dags/my_dag.py for tasks to queue
[2022-02-12 23:47:11,232] {logging_mixin.py:109} INFO - [2022-02-12 23:47:11,231] {dagbag.py:500} INFO - Filling up the DagBag from /opt/airflow/dags/my_dag.py
[2022-02-12 23:47:11,349] {processor.py:654} INFO - DAG(s) dict_keys(['my_dag']) retrieved from /opt/airflow/dags/my_dag.py
[2022-02-12 23:47:11,381] {logging_mixin.py:109} INFO - [2022-02-12 23:47:11,381] {dag.py:2396} INFO - Sync 1 DAGs
[2022-02-12 23:47:11,440] {logging_mixin.py:109} INFO - [2022-02-12 23:47:11,440] {dag.py:2935} INFO - Setting next_dagrun for my_dag to 2022-02-12T00:00:00+00:00
[2022-02-12 23:47:11,463] {processor.py:171} INFO - Processing /opt/airflow/dags/my_dag.py took 0.249 seconds
[2022-02-12 23:47:41,707] {processor.py:163} INFO - Started process (PID=2843) to work on /opt/airflow/dags/my_dag.py
[2022-02-12 23:47:41,709] {processor.py:642} INFO - Processing file /opt/airflow/dags/my_dag.py for tasks to queue
[2022-02-12 23:47:41,711] {logging_mixin.py:109} INFO - [2022-02-12 23:47:41,711] {dagbag.py:500} INFO - Filling up the DagBag from /opt/airflow/dags/my_dag.py
[2022-02-12 23:47:41,853] {processor.py:654} INFO - DAG(s) dict_keys(['my_dag']) retrieved from /opt/airflow/dags/my_dag.py
[2022-02-12 23:47:41,914] {logging_mixin.py:109} INFO - [2022-02-12 23:47:41,912] {dag.py:2396} INFO - Sync 1 DAGs
[2022-02-12 23:47:41,983] {logging_mixin.py:109} INFO - [2022-02-12 23:47:41,983] {dag.py:2935} INFO - Setting next_dagrun for my_dag to 2022-02-12T00:00:00+00:00
[2022-02-12 23:47:42,015] {processor.py:171} INFO - Processing /opt/airflow/dags/my_dag.py took 0.321 seconds
[2022-02-12 23:48:12,411] {processor.py:163} INFO - Started process (PID=2886) to work on /opt/airflow/dags/my_dag.py
[2022-02-12 23:48:12,415] {processor.py:642} INFO - Processing file /opt/airflow/dags/my_dag.py for tasks to queue
[2022-02-12 23:48:12,417] {logging_mixin.py:109} INFO - [2022-02-12 23:48:12,416] {dagbag.py:500} INFO - Filling up the DagBag from /opt/airflow/dags/my_dag.py
[2022-02-12 23:48:12,522] {processor.py:654} INFO - DAG(s) dict_keys(['my_dag']) retrieved from /opt/airflow/dags/my_dag.py
[2022-02-12 23:48:12,547] {logging_mixin.py:109} INFO - [2022-02-12 23:48:12,547] {dag.py:2396} INFO - Sync 1 DAGs
[2022-02-12 23:48:12,600] {logging_mixin.py:109} INFO - [2022-02-12 23:48:12,599] {dag.py:2935} INFO - Setting next_dagrun for my_dag to 2022-02-12T00:00:00+00:00
[2022-02-12 23:48:12,636] {processor.py:171} INFO - Processing /opt/airflow/dags/my_dag.py took 0.239 seconds
[2022-02-12 23:48:42,744] {processor.py:163} INFO - Started process (PID=2939) to work on /opt/airflow/dags/my_dag.py
[2022-02-12 23:48:42,748] {processor.py:642} INFO - Processing file /opt/airflow/dags/my_dag.py for tasks to queue
[2022-02-12 23:48:42,751] {logging_mixin.py:109} INFO - [2022-02-12 23:48:42,750] {dagbag.py:500} INFO - Filling up the DagBag from /opt/airflow/dags/my_dag.py
[2022-02-12 23:48:42,841] {processor.py:654} INFO - DAG(s) dict_keys(['my_dag']) retrieved from /opt/airflow/dags/my_dag.py
[2022-02-12 23:48:42,874] {logging_mixin.py:109} INFO - [2022-02-12 23:48:42,874] {dag.py:2396} INFO - Sync 1 DAGs
[2022-02-12 23:48:42,916] {logging_mixin.py:109} INFO - [2022-02-12 23:48:42,916] {dag.py:2935} INFO - Setting next_dagrun for my_dag to 2022-02-12T00:00:00+00:00
[2022-02-12 23:48:42,939] {processor.py:171} INFO - Processing /opt/airflow/dags/my_dag.py took 0.204 seconds
[2022-02-12 23:49:13,109] {processor.py:163} INFO - Started process (PID=2990) to work on /opt/airflow/dags/my_dag.py
[2022-02-12 23:49:13,117] {processor.py:642} INFO - Processing file /opt/airflow/dags/my_dag.py for tasks to queue
[2022-02-12 23:49:13,118] {logging_mixin.py:109} INFO - [2022-02-12 23:49:13,118] {dagbag.py:500} INFO - Filling up the DagBag from /opt/airflow/dags/my_dag.py
[2022-02-12 23:49:13,216] {processor.py:654} INFO - DAG(s) dict_keys(['my_dag']) retrieved from /opt/airflow/dags/my_dag.py
[2022-02-12 23:49:13,259] {logging_mixin.py:109} INFO - [2022-02-12 23:49:13,258] {dag.py:2396} INFO - Sync 1 DAGs
[2022-02-12 23:49:13,325] {logging_mixin.py:109} INFO - [2022-02-12 23:49:13,325] {dag.py:2935} INFO - Setting next_dagrun for my_dag to 2022-02-12T00:00:00+00:00
[2022-02-12 23:49:13,368] {processor.py:171} INFO - Processing /opt/airflow/dags/my_dag.py took 0.264 seconds
[2022-02-12 23:49:43,752] {processor.py:163} INFO - Started process (PID=3035) to work on /opt/airflow/dags/my_dag.py
[2022-02-12 23:49:43,754] {processor.py:642} INFO - Processing file /opt/airflow/dags/my_dag.py for tasks to queue
[2022-02-12 23:49:43,756] {logging_mixin.py:109} INFO - [2022-02-12 23:49:43,756] {dagbag.py:500} INFO - Filling up the DagBag from /opt/airflow/dags/my_dag.py
[2022-02-12 23:49:43,895] {processor.py:654} INFO - DAG(s) dict_keys(['my_dag']) retrieved from /opt/airflow/dags/my_dag.py
[2022-02-12 23:49:43,936] {logging_mixin.py:109} INFO - [2022-02-12 23:49:43,935] {dag.py:2396} INFO - Sync 1 DAGs
[2022-02-12 23:49:44,003] {logging_mixin.py:109} INFO - [2022-02-12 23:49:44,002] {dag.py:2935} INFO - Setting next_dagrun for my_dag to 2022-02-12T00:00:00+00:00
[2022-02-12 23:49:44,046] {processor.py:171} INFO - Processing /opt/airflow/dags/my_dag.py took 0.312 seconds
[2022-02-12 23:50:14,274] {processor.py:163} INFO - Started process (PID=3085) to work on /opt/airflow/dags/my_dag.py
[2022-02-12 23:50:14,276] {processor.py:642} INFO - Processing file /opt/airflow/dags/my_dag.py for tasks to queue
[2022-02-12 23:50:14,278] {logging_mixin.py:109} INFO - [2022-02-12 23:50:14,277] {dagbag.py:500} INFO - Filling up the DagBag from /opt/airflow/dags/my_dag.py
[2022-02-12 23:50:14,394] {processor.py:654} INFO - DAG(s) dict_keys(['my_dag']) retrieved from /opt/airflow/dags/my_dag.py
[2022-02-12 23:50:14,436] {logging_mixin.py:109} INFO - [2022-02-12 23:50:14,436] {dag.py:2396} INFO - Sync 1 DAGs
[2022-02-12 23:50:14,493] {logging_mixin.py:109} INFO - [2022-02-12 23:50:14,493] {dag.py:2935} INFO - Setting next_dagrun for my_dag to 2022-02-12T00:00:00+00:00
[2022-02-12 23:50:14,526] {processor.py:171} INFO - Processing /opt/airflow/dags/my_dag.py took 0.263 seconds
[2022-02-12 23:50:44,822] {processor.py:163} INFO - Started process (PID=3129) to work on /opt/airflow/dags/my_dag.py
[2022-02-12 23:50:44,831] {processor.py:642} INFO - Processing file /opt/airflow/dags/my_dag.py for tasks to queue
[2022-02-12 23:50:44,835] {logging_mixin.py:109} INFO - [2022-02-12 23:50:44,835] {dagbag.py:500} INFO - Filling up the DagBag from /opt/airflow/dags/my_dag.py
[2022-02-12 23:50:44,981] {processor.py:654} INFO - DAG(s) dict_keys(['my_dag']) retrieved from /opt/airflow/dags/my_dag.py
[2022-02-12 23:50:45,033] {logging_mixin.py:109} INFO - [2022-02-12 23:50:45,033] {dag.py:2396} INFO - Sync 1 DAGs
[2022-02-12 23:50:45,109] {logging_mixin.py:109} INFO - [2022-02-12 23:50:45,109] {dag.py:2935} INFO - Setting next_dagrun for my_dag to 2022-02-12T00:00:00+00:00
[2022-02-12 23:50:45,143] {processor.py:171} INFO - Processing /opt/airflow/dags/my_dag.py took 0.328 seconds
[2022-02-12 23:51:15,426] {processor.py:163} INFO - Started process (PID=3181) to work on /opt/airflow/dags/my_dag.py
[2022-02-12 23:51:15,440] {processor.py:642} INFO - Processing file /opt/airflow/dags/my_dag.py for tasks to queue
[2022-02-12 23:51:15,441] {logging_mixin.py:109} INFO - [2022-02-12 23:51:15,441] {dagbag.py:500} INFO - Filling up the DagBag from /opt/airflow/dags/my_dag.py
[2022-02-12 23:51:15,639] {processor.py:654} INFO - DAG(s) dict_keys(['my_dag']) retrieved from /opt/airflow/dags/my_dag.py
[2022-02-12 23:51:15,710] {logging_mixin.py:109} INFO - [2022-02-12 23:51:15,709] {dag.py:2396} INFO - Sync 1 DAGs
[2022-02-12 23:51:15,809] {logging_mixin.py:109} INFO - [2022-02-12 23:51:15,808] {dag.py:2935} INFO - Setting next_dagrun for my_dag to 2022-02-12T00:00:00+00:00
[2022-02-12 23:51:15,879] {processor.py:171} INFO - Processing /opt/airflow/dags/my_dag.py took 0.471 seconds
[2022-02-12 23:51:46,147] {processor.py:163} INFO - Started process (PID=3222) to work on /opt/airflow/dags/my_dag.py
[2022-02-12 23:51:46,162] {processor.py:642} INFO - Processing file /opt/airflow/dags/my_dag.py for tasks to queue
[2022-02-12 23:51:46,163] {logging_mixin.py:109} INFO - [2022-02-12 23:51:46,163] {dagbag.py:500} INFO - Filling up the DagBag from /opt/airflow/dags/my_dag.py
[2022-02-12 23:51:46,300] {processor.py:654} INFO - DAG(s) dict_keys(['my_dag']) retrieved from /opt/airflow/dags/my_dag.py
[2022-02-12 23:51:46,346] {logging_mixin.py:109} INFO - [2022-02-12 23:51:46,346] {dag.py:2396} INFO - Sync 1 DAGs
[2022-02-12 23:51:46,424] {logging_mixin.py:109} INFO - [2022-02-12 23:51:46,424] {dag.py:2935} INFO - Setting next_dagrun for my_dag to 2022-02-12T00:00:00+00:00
[2022-02-12 23:51:46,465] {processor.py:171} INFO - Processing /opt/airflow/dags/my_dag.py took 0.332 seconds
[2022-02-12 23:52:16,879] {processor.py:163} INFO - Started process (PID=3273) to work on /opt/airflow/dags/my_dag.py
[2022-02-12 23:52:16,884] {processor.py:642} INFO - Processing file /opt/airflow/dags/my_dag.py for tasks to queue
[2022-02-12 23:52:16,885] {logging_mixin.py:109} INFO - [2022-02-12 23:52:16,885] {dagbag.py:500} INFO - Filling up the DagBag from /opt/airflow/dags/my_dag.py
[2022-02-12 23:52:17,074] {processor.py:654} INFO - DAG(s) dict_keys(['my_dag']) retrieved from /opt/airflow/dags/my_dag.py
[2022-02-12 23:52:17,154] {logging_mixin.py:109} INFO - [2022-02-12 23:52:17,154] {dag.py:2396} INFO - Sync 1 DAGs
[2022-02-12 23:52:17,267] {logging_mixin.py:109} INFO - [2022-02-12 23:52:17,266] {dag.py:2935} INFO - Setting next_dagrun for my_dag to 2022-02-12T00:00:00+00:00
[2022-02-12 23:52:17,327] {processor.py:171} INFO - Processing /opt/airflow/dags/my_dag.py took 0.459 seconds
[2022-02-12 23:52:47,725] {processor.py:163} INFO - Started process (PID=3315) to work on /opt/airflow/dags/my_dag.py
[2022-02-12 23:52:47,741] {processor.py:642} INFO - Processing file /opt/airflow/dags/my_dag.py for tasks to queue
[2022-02-12 23:52:47,744] {logging_mixin.py:109} INFO - [2022-02-12 23:52:47,743] {dagbag.py:500} INFO - Filling up the DagBag from /opt/airflow/dags/my_dag.py
[2022-02-12 23:52:48,217] {processor.py:654} INFO - DAG(s) dict_keys(['my_dag']) retrieved from /opt/airflow/dags/my_dag.py
[2022-02-12 23:52:48,326] {logging_mixin.py:109} INFO - [2022-02-12 23:52:48,325] {dag.py:2396} INFO - Sync 1 DAGs
[2022-02-12 23:52:48,474] {logging_mixin.py:109} INFO - [2022-02-12 23:52:48,474] {dag.py:2935} INFO - Setting next_dagrun for my_dag to 2022-02-12T00:00:00+00:00
[2022-02-12 23:52:48,537] {processor.py:171} INFO - Processing /opt/airflow/dags/my_dag.py took 0.831 seconds
[2022-02-12 23:53:19,303] {processor.py:163} INFO - Started process (PID=3368) to work on /opt/airflow/dags/my_dag.py
[2022-02-12 23:53:19,306] {processor.py:642} INFO - Processing file /opt/airflow/dags/my_dag.py for tasks to queue
[2022-02-12 23:53:19,307] {logging_mixin.py:109} INFO - [2022-02-12 23:53:19,307] {dagbag.py:500} INFO - Filling up the DagBag from /opt/airflow/dags/my_dag.py
[2022-02-12 23:53:19,451] {processor.py:654} INFO - DAG(s) dict_keys(['my_dag']) retrieved from /opt/airflow/dags/my_dag.py
[2022-02-12 23:53:19,491] {logging_mixin.py:109} INFO - [2022-02-12 23:53:19,491] {dag.py:2396} INFO - Sync 1 DAGs
[2022-02-12 23:53:19,606] {logging_mixin.py:109} INFO - [2022-02-12 23:53:19,606] {dag.py:2935} INFO - Setting next_dagrun for my_dag to 2022-02-12T00:00:00+00:00
[2022-02-12 23:53:19,643] {processor.py:171} INFO - Processing /opt/airflow/dags/my_dag.py took 0.355 seconds
[2022-02-12 23:53:50,878] {processor.py:163} INFO - Started process (PID=3410) to work on /opt/airflow/dags/my_dag.py
[2022-02-12 23:53:50,892] {processor.py:642} INFO - Processing file /opt/airflow/dags/my_dag.py for tasks to queue
[2022-02-12 23:53:50,893] {logging_mixin.py:109} INFO - [2022-02-12 23:53:50,893] {dagbag.py:500} INFO - Filling up the DagBag from /opt/airflow/dags/my_dag.py
[2022-02-12 23:53:51,122] {processor.py:654} INFO - DAG(s) dict_keys(['my_dag']) retrieved from /opt/airflow/dags/my_dag.py
[2022-02-12 23:53:51,194] {logging_mixin.py:109} INFO - [2022-02-12 23:53:51,194] {dag.py:2396} INFO - Sync 1 DAGs
[2022-02-12 23:53:51,346] {logging_mixin.py:109} INFO - [2022-02-12 23:53:51,346] {dag.py:2935} INFO - Setting next_dagrun for my_dag to 2022-02-12T00:00:00+00:00
[2022-02-12 23:53:51,417] {processor.py:171} INFO - Processing /opt/airflow/dags/my_dag.py took 0.556 seconds
[2022-02-12 23:54:21,992] {processor.py:163} INFO - Started process (PID=3461) to work on /opt/airflow/dags/my_dag.py
[2022-02-12 23:54:22,000] {processor.py:642} INFO - Processing file /opt/airflow/dags/my_dag.py for tasks to queue
[2022-02-12 23:54:22,002] {logging_mixin.py:109} INFO - [2022-02-12 23:54:22,002] {dagbag.py:500} INFO - Filling up the DagBag from /opt/airflow/dags/my_dag.py
[2022-02-12 23:54:22,114] {processor.py:654} INFO - DAG(s) dict_keys(['my_dag']) retrieved from /opt/airflow/dags/my_dag.py
[2022-02-12 23:54:22,182] {logging_mixin.py:109} INFO - [2022-02-12 23:54:22,182] {dag.py:2396} INFO - Sync 1 DAGs
[2022-02-12 23:54:22,272] {logging_mixin.py:109} INFO - [2022-02-12 23:54:22,272] {dag.py:2935} INFO - Setting next_dagrun for my_dag to 2022-02-12T00:00:00+00:00
[2022-02-12 23:54:22,319] {processor.py:171} INFO - Processing /opt/airflow/dags/my_dag.py took 0.335 seconds
[2022-02-12 23:54:52,387] {processor.py:163} INFO - Started process (PID=3502) to work on /opt/airflow/dags/my_dag.py
[2022-02-12 23:54:52,391] {processor.py:642} INFO - Processing file /opt/airflow/dags/my_dag.py for tasks to queue
[2022-02-12 23:54:52,396] {logging_mixin.py:109} INFO - [2022-02-12 23:54:52,395] {dagbag.py:500} INFO - Filling up the DagBag from /opt/airflow/dags/my_dag.py
[2022-02-12 23:54:52,517] {processor.py:654} INFO - DAG(s) dict_keys(['my_dag']) retrieved from /opt/airflow/dags/my_dag.py
[2022-02-12 23:54:52,552] {logging_mixin.py:109} INFO - [2022-02-12 23:54:52,551] {dag.py:2396} INFO - Sync 1 DAGs
[2022-02-12 23:54:52,642] {logging_mixin.py:109} INFO - [2022-02-12 23:54:52,642] {dag.py:2935} INFO - Setting next_dagrun for my_dag to 2022-02-12T00:00:00+00:00
[2022-02-12 23:54:52,687] {processor.py:171} INFO - Processing /opt/airflow/dags/my_dag.py took 0.318 seconds
[2022-02-12 23:55:22,947] {processor.py:163} INFO - Started process (PID=3553) to work on /opt/airflow/dags/my_dag.py
[2022-02-12 23:55:22,950] {processor.py:642} INFO - Processing file /opt/airflow/dags/my_dag.py for tasks to queue
[2022-02-12 23:55:22,951] {logging_mixin.py:109} INFO - [2022-02-12 23:55:22,951] {dagbag.py:500} INFO - Filling up the DagBag from /opt/airflow/dags/my_dag.py
[2022-02-12 23:55:23,128] {processor.py:654} INFO - DAG(s) dict_keys(['my_dag']) retrieved from /opt/airflow/dags/my_dag.py
[2022-02-12 23:55:23,186] {logging_mixin.py:109} INFO - [2022-02-12 23:55:23,186] {dag.py:2396} INFO - Sync 1 DAGs
[2022-02-12 23:55:23,284] {logging_mixin.py:109} INFO - [2022-02-12 23:55:23,284] {dag.py:2935} INFO - Setting next_dagrun for my_dag to 2022-02-12T00:00:00+00:00
[2022-02-12 23:55:23,329] {processor.py:171} INFO - Processing /opt/airflow/dags/my_dag.py took 0.410 seconds
[2022-02-12 23:55:53,755] {processor.py:163} INFO - Started process (PID=3600) to work on /opt/airflow/dags/my_dag.py
[2022-02-12 23:55:53,759] {processor.py:642} INFO - Processing file /opt/airflow/dags/my_dag.py for tasks to queue
[2022-02-12 23:55:53,761] {logging_mixin.py:109} INFO - [2022-02-12 23:55:53,760] {dagbag.py:500} INFO - Filling up the DagBag from /opt/airflow/dags/my_dag.py
[2022-02-12 23:55:53,901] {processor.py:654} INFO - DAG(s) dict_keys(['my_dag']) retrieved from /opt/airflow/dags/my_dag.py
[2022-02-12 23:55:53,944] {logging_mixin.py:109} INFO - [2022-02-12 23:55:53,943] {dag.py:2396} INFO - Sync 1 DAGs
[2022-02-12 23:55:54,046] {logging_mixin.py:109} INFO - [2022-02-12 23:55:54,046] {dag.py:2935} INFO - Setting next_dagrun for my_dag to 2022-02-12T00:00:00+00:00
[2022-02-12 23:55:54,107] {processor.py:171} INFO - Processing /opt/airflow/dags/my_dag.py took 0.356 seconds
[2022-02-12 23:56:24,209] {processor.py:163} INFO - Started process (PID=3645) to work on /opt/airflow/dags/my_dag.py
[2022-02-12 23:56:24,211] {processor.py:642} INFO - Processing file /opt/airflow/dags/my_dag.py for tasks to queue
[2022-02-12 23:56:24,213] {logging_mixin.py:109} INFO - [2022-02-12 23:56:24,212] {dagbag.py:500} INFO - Filling up the DagBag from /opt/airflow/dags/my_dag.py
[2022-02-12 23:56:24,304] {processor.py:654} INFO - DAG(s) dict_keys(['my_dag']) retrieved from /opt/airflow/dags/my_dag.py
[2022-02-12 23:56:24,328] {logging_mixin.py:109} INFO - [2022-02-12 23:56:24,328] {dag.py:2396} INFO - Sync 1 DAGs
[2022-02-12 23:56:24,370] {logging_mixin.py:109} INFO - [2022-02-12 23:56:24,370] {dag.py:2935} INFO - Setting next_dagrun for my_dag to 2022-02-12T00:00:00+00:00
[2022-02-12 23:56:24,391] {processor.py:171} INFO - Processing /opt/airflow/dags/my_dag.py took 0.191 seconds
[2022-02-12 23:56:54,441] {processor.py:163} INFO - Started process (PID=3697) to work on /opt/airflow/dags/my_dag.py
[2022-02-12 23:56:54,457] {processor.py:642} INFO - Processing file /opt/airflow/dags/my_dag.py for tasks to queue
[2022-02-12 23:56:54,458] {logging_mixin.py:109} INFO - [2022-02-12 23:56:54,458] {dagbag.py:500} INFO - Filling up the DagBag from /opt/airflow/dags/my_dag.py
[2022-02-12 23:56:54,592] {processor.py:654} INFO - DAG(s) dict_keys(['my_dag']) retrieved from /opt/airflow/dags/my_dag.py
[2022-02-12 23:56:54,632] {logging_mixin.py:109} INFO - [2022-02-12 23:56:54,632] {dag.py:2396} INFO - Sync 1 DAGs
[2022-02-12 23:56:54,707] {logging_mixin.py:109} INFO - [2022-02-12 23:56:54,706] {dag.py:2935} INFO - Setting next_dagrun for my_dag to 2022-02-12T00:00:00+00:00
[2022-02-12 23:56:54,764] {processor.py:171} INFO - Processing /opt/airflow/dags/my_dag.py took 0.329 seconds
[2022-02-12 23:57:25,398] {processor.py:163} INFO - Started process (PID=3740) to work on /opt/airflow/dags/my_dag.py
[2022-02-12 23:57:25,400] {processor.py:642} INFO - Processing file /opt/airflow/dags/my_dag.py for tasks to queue
[2022-02-12 23:57:25,402] {logging_mixin.py:109} INFO - [2022-02-12 23:57:25,402] {dagbag.py:500} INFO - Filling up the DagBag from /opt/airflow/dags/my_dag.py
[2022-02-12 23:57:25,482] {processor.py:654} INFO - DAG(s) dict_keys(['my_dag']) retrieved from /opt/airflow/dags/my_dag.py
[2022-02-12 23:57:25,511] {logging_mixin.py:109} INFO - [2022-02-12 23:57:25,511] {dag.py:2396} INFO - Sync 1 DAGs
[2022-02-12 23:57:25,544] {logging_mixin.py:109} INFO - [2022-02-12 23:57:25,544] {dag.py:2935} INFO - Setting next_dagrun for my_dag to 2022-02-12T00:00:00+00:00
[2022-02-12 23:57:25,567] {processor.py:171} INFO - Processing /opt/airflow/dags/my_dag.py took 0.173 seconds
[2022-02-12 23:57:56,214] {processor.py:163} INFO - Started process (PID=3791) to work on /opt/airflow/dags/my_dag.py
[2022-02-12 23:57:56,219] {processor.py:642} INFO - Processing file /opt/airflow/dags/my_dag.py for tasks to queue
[2022-02-12 23:57:56,222] {logging_mixin.py:109} INFO - [2022-02-12 23:57:56,222] {dagbag.py:500} INFO - Filling up the DagBag from /opt/airflow/dags/my_dag.py
[2022-02-12 23:57:56,316] {processor.py:654} INFO - DAG(s) dict_keys(['my_dag']) retrieved from /opt/airflow/dags/my_dag.py
[2022-02-12 23:57:56,343] {logging_mixin.py:109} INFO - [2022-02-12 23:57:56,342] {dag.py:2396} INFO - Sync 1 DAGs
[2022-02-12 23:57:56,394] {logging_mixin.py:109} INFO - [2022-02-12 23:57:56,394] {dag.py:2935} INFO - Setting next_dagrun for my_dag to 2022-02-12T00:00:00+00:00
[2022-02-12 23:57:56,414] {processor.py:171} INFO - Processing /opt/airflow/dags/my_dag.py took 0.206 seconds
[2022-02-12 23:58:26,983] {processor.py:163} INFO - Started process (PID=3841) to work on /opt/airflow/dags/my_dag.py
[2022-02-12 23:58:26,986] {processor.py:642} INFO - Processing file /opt/airflow/dags/my_dag.py for tasks to queue
[2022-02-12 23:58:26,987] {logging_mixin.py:109} INFO - [2022-02-12 23:58:26,987] {dagbag.py:500} INFO - Filling up the DagBag from /opt/airflow/dags/my_dag.py
[2022-02-12 23:58:27,127] {processor.py:654} INFO - DAG(s) dict_keys(['my_dag']) retrieved from /opt/airflow/dags/my_dag.py
[2022-02-12 23:58:27,184] {logging_mixin.py:109} INFO - [2022-02-12 23:58:27,184] {dag.py:2396} INFO - Sync 1 DAGs
[2022-02-12 23:58:27,272] {logging_mixin.py:109} INFO - [2022-02-12 23:58:27,272] {dag.py:2935} INFO - Setting next_dagrun for my_dag to 2022-02-12T00:00:00+00:00
[2022-02-12 23:58:27,317] {processor.py:171} INFO - Processing /opt/airflow/dags/my_dag.py took 0.349 seconds
[2022-02-12 23:58:58,221] {processor.py:163} INFO - Started process (PID=3885) to work on /opt/airflow/dags/my_dag.py
[2022-02-12 23:58:58,225] {processor.py:642} INFO - Processing file /opt/airflow/dags/my_dag.py for tasks to queue
[2022-02-12 23:58:58,229] {logging_mixin.py:109} INFO - [2022-02-12 23:58:58,229] {dagbag.py:500} INFO - Filling up the DagBag from /opt/airflow/dags/my_dag.py
[2022-02-12 23:58:58,353] {processor.py:654} INFO - DAG(s) dict_keys(['my_dag']) retrieved from /opt/airflow/dags/my_dag.py
[2022-02-12 23:58:58,390] {logging_mixin.py:109} INFO - [2022-02-12 23:58:58,390] {dag.py:2396} INFO - Sync 1 DAGs
[2022-02-12 23:58:58,425] {logging_mixin.py:109} INFO - [2022-02-12 23:58:58,424] {dag.py:2935} INFO - Setting next_dagrun for my_dag to 2022-02-12T00:00:00+00:00
[2022-02-12 23:58:58,463] {processor.py:171} INFO - Processing /opt/airflow/dags/my_dag.py took 0.253 seconds
[2022-02-12 23:59:28,626] {processor.py:163} INFO - Started process (PID=3937) to work on /opt/airflow/dags/my_dag.py
[2022-02-12 23:59:28,628] {processor.py:642} INFO - Processing file /opt/airflow/dags/my_dag.py for tasks to queue
[2022-02-12 23:59:28,630] {logging_mixin.py:109} INFO - [2022-02-12 23:59:28,629] {dagbag.py:500} INFO - Filling up the DagBag from /opt/airflow/dags/my_dag.py
[2022-02-12 23:59:28,716] {processor.py:654} INFO - DAG(s) dict_keys(['my_dag']) retrieved from /opt/airflow/dags/my_dag.py
[2022-02-12 23:59:28,749] {logging_mixin.py:109} INFO - [2022-02-12 23:59:28,749] {dag.py:2396} INFO - Sync 1 DAGs
[2022-02-12 23:59:28,832] {logging_mixin.py:109} INFO - [2022-02-12 23:59:28,831] {dag.py:2935} INFO - Setting next_dagrun for my_dag to 2022-02-12T00:00:00+00:00
[2022-02-12 23:59:28,866] {processor.py:171} INFO - Processing /opt/airflow/dags/my_dag.py took 0.250 seconds
[2022-02-12 23:59:59,024] {processor.py:163} INFO - Started process (PID=3980) to work on /opt/airflow/dags/my_dag.py
[2022-02-12 23:59:59,034] {processor.py:642} INFO - Processing file /opt/airflow/dags/my_dag.py for tasks to queue
[2022-02-12 23:59:59,036] {logging_mixin.py:109} INFO - [2022-02-12 23:59:59,035] {dagbag.py:500} INFO - Filling up the DagBag from /opt/airflow/dags/my_dag.py
[2022-02-12 23:59:59,134] {processor.py:654} INFO - DAG(s) dict_keys(['my_dag']) retrieved from /opt/airflow/dags/my_dag.py
[2022-02-12 23:59:59,154] {logging_mixin.py:109} INFO - [2022-02-12 23:59:59,154] {dag.py:2396} INFO - Sync 1 DAGs
[2022-02-12 23:59:59,205] {logging_mixin.py:109} INFO - [2022-02-12 23:59:59,205] {dag.py:2935} INFO - Setting next_dagrun for my_dag to 2022-02-12T00:00:00+00:00
[2022-02-12 23:59:59,238] {processor.py:171} INFO - Processing /opt/airflow/dags/my_dag.py took 0.226 seconds
