[2022-02-13 00:00:12,053] {taskinstance.py:1032} INFO - Dependencies all met for <TaskInstance: my_dag.choose_best_model scheduled__2022-02-12T00:00:00+00:00 [queued]>
[2022-02-13 00:00:12,149] {taskinstance.py:1032} INFO - Dependencies all met for <TaskInstance: my_dag.choose_best_model scheduled__2022-02-12T00:00:00+00:00 [queued]>
[2022-02-13 00:00:12,149] {taskinstance.py:1238} INFO - 
--------------------------------------------------------------------------------
[2022-02-13 00:00:12,150] {taskinstance.py:1239} INFO - Starting attempt 1 of 1
[2022-02-13 00:00:12,150] {taskinstance.py:1240} INFO - 
--------------------------------------------------------------------------------
[2022-02-13 00:00:12,214] {taskinstance.py:1259} INFO - Executing <Task(BranchPythonOperator): choose_best_model> on 2022-02-12 00:00:00+00:00
[2022-02-13 00:00:12,232] {standard_task_runner.py:52} INFO - Started process 1350 to run task
[2022-02-13 00:00:12,268] {standard_task_runner.py:76} INFO - Running: ['***', 'tasks', 'run', 'my_dag', 'choose_best_model', 'scheduled__2022-02-12T00:00:00+00:00', '--job-id', '19', '--raw', '--subdir', 'DAGS_FOLDER/my_dag.py', '--cfg-path', '/tmp/tmpa9ch9lt8', '--error-file', '/tmp/tmpk2t6luvt']
[2022-02-13 00:00:12,269] {standard_task_runner.py:77} INFO - Job 19: Subtask choose_best_model
[2022-02-13 00:00:12,601] {logging_mixin.py:109} INFO - Running <TaskInstance: my_dag.choose_best_model scheduled__2022-02-12T00:00:00+00:00 [running]> on host f9b316006a9e
[2022-02-13 00:00:12,956] {taskinstance.py:1426} INFO - Exporting the following env vars:
AIRFLOW_CTX_DAG_OWNER=***
AIRFLOW_CTX_DAG_ID=my_dag
AIRFLOW_CTX_TASK_ID=choose_best_model
AIRFLOW_CTX_EXECUTION_DATE=2022-02-12T00:00:00+00:00
AIRFLOW_CTX_DAG_RUN_ID=scheduled__2022-02-12T00:00:00+00:00
[2022-02-13 00:00:12,989] {python.py:175} INFO - Done. Returned value was: inaccurate
[2022-02-13 00:00:12,992] {skipmixin.py:143} INFO - Following branch inaccurate
[2022-02-13 00:00:12,994] {skipmixin.py:174} INFO - Skipping tasks ['accurate']
[2022-02-13 00:00:13,202] {taskinstance.py:1277} INFO - Marking task as SUCCESS. dag_id=my_dag, task_id=choose_best_model, execution_date=20220212T000000, start_date=20220213T000012, end_date=20220213T000013
[2022-02-13 00:00:13,282] {local_task_job.py:154} INFO - Task exited with return code 0
[2022-02-13 00:00:13,402] {local_task_job.py:264} INFO - 1 downstream tasks scheduled from follow-on schedule check
