[2022-02-13 00:00:29,507] {processor.py:163} INFO - Started process (PID=4043) to work on /opt/airflow/dags/my_dag.py
[2022-02-13 00:00:29,509] {processor.py:642} INFO - Processing file /opt/airflow/dags/my_dag.py for tasks to queue
[2022-02-13 00:00:29,515] {logging_mixin.py:109} INFO - [2022-02-13 00:00:29,514] {dagbag.py:500} INFO - Filling up the DagBag from /opt/airflow/dags/my_dag.py
[2022-02-13 00:00:29,597] {processor.py:654} INFO - DAG(s) dict_keys(['my_dag']) retrieved from /opt/airflow/dags/my_dag.py
[2022-02-13 00:00:29,646] {logging_mixin.py:109} INFO - [2022-02-13 00:00:29,646] {dag.py:2396} INFO - Sync 1 DAGs
[2022-02-13 00:00:29,719] {logging_mixin.py:109} INFO - [2022-02-13 00:00:29,719] {dag.py:2935} INFO - Setting next_dagrun for my_dag to 2022-02-13T00:00:00+00:00
[2022-02-13 00:00:29,752] {processor.py:171} INFO - Processing /opt/airflow/dags/my_dag.py took 0.258 seconds
[2022-02-13 00:01:00,531] {processor.py:163} INFO - Started process (PID=4086) to work on /opt/airflow/dags/my_dag.py
[2022-02-13 00:01:00,562] {processor.py:642} INFO - Processing file /opt/airflow/dags/my_dag.py for tasks to queue
[2022-02-13 00:01:00,565] {logging_mixin.py:109} INFO - [2022-02-13 00:01:00,565] {dagbag.py:500} INFO - Filling up the DagBag from /opt/airflow/dags/my_dag.py
[2022-02-13 00:01:00,686] {processor.py:654} INFO - DAG(s) dict_keys(['my_dag']) retrieved from /opt/airflow/dags/my_dag.py
[2022-02-13 00:01:00,726] {logging_mixin.py:109} INFO - [2022-02-13 00:01:00,725] {dag.py:2396} INFO - Sync 1 DAGs
[2022-02-13 00:01:00,782] {logging_mixin.py:109} INFO - [2022-02-13 00:01:00,781] {dag.py:2935} INFO - Setting next_dagrun for my_dag to 2022-02-13T00:00:00+00:00
[2022-02-13 00:01:00,801] {processor.py:171} INFO - Processing /opt/airflow/dags/my_dag.py took 0.287 seconds
[2022-02-13 00:01:31,582] {processor.py:163} INFO - Started process (PID=4139) to work on /opt/airflow/dags/my_dag.py
[2022-02-13 00:01:31,584] {processor.py:642} INFO - Processing file /opt/airflow/dags/my_dag.py for tasks to queue
[2022-02-13 00:01:31,585] {logging_mixin.py:109} INFO - [2022-02-13 00:01:31,585] {dagbag.py:500} INFO - Filling up the DagBag from /opt/airflow/dags/my_dag.py
[2022-02-13 00:01:31,776] {processor.py:654} INFO - DAG(s) dict_keys(['my_dag']) retrieved from /opt/airflow/dags/my_dag.py
[2022-02-13 00:01:31,870] {logging_mixin.py:109} INFO - [2022-02-13 00:01:31,870] {dag.py:2396} INFO - Sync 1 DAGs
[2022-02-13 00:01:31,980] {logging_mixin.py:109} INFO - [2022-02-13 00:01:31,979] {dag.py:2935} INFO - Setting next_dagrun for my_dag to 2022-02-13T00:00:00+00:00
[2022-02-13 00:01:32,057] {processor.py:171} INFO - Processing /opt/airflow/dags/my_dag.py took 0.483 seconds
[2022-02-13 00:02:02,426] {processor.py:163} INFO - Started process (PID=4190) to work on /opt/airflow/dags/my_dag.py
[2022-02-13 00:02:02,434] {processor.py:642} INFO - Processing file /opt/airflow/dags/my_dag.py for tasks to queue
[2022-02-13 00:02:02,443] {logging_mixin.py:109} INFO - [2022-02-13 00:02:02,442] {dagbag.py:500} INFO - Filling up the DagBag from /opt/airflow/dags/my_dag.py
[2022-02-13 00:02:02,660] {processor.py:654} INFO - DAG(s) dict_keys(['my_dag']) retrieved from /opt/airflow/dags/my_dag.py
[2022-02-13 00:02:02,733] {logging_mixin.py:109} INFO - [2022-02-13 00:02:02,733] {dag.py:2396} INFO - Sync 1 DAGs
[2022-02-13 00:02:02,815] {logging_mixin.py:109} INFO - [2022-02-13 00:02:02,814] {dag.py:2935} INFO - Setting next_dagrun for my_dag to 2022-02-13T00:00:00+00:00
[2022-02-13 00:02:02,861] {processor.py:171} INFO - Processing /opt/airflow/dags/my_dag.py took 0.452 seconds
[2022-02-13 00:02:33,486] {processor.py:163} INFO - Started process (PID=4234) to work on /opt/airflow/dags/my_dag.py
[2022-02-13 00:02:33,488] {processor.py:642} INFO - Processing file /opt/airflow/dags/my_dag.py for tasks to queue
[2022-02-13 00:02:33,490] {logging_mixin.py:109} INFO - [2022-02-13 00:02:33,490] {dagbag.py:500} INFO - Filling up the DagBag from /opt/airflow/dags/my_dag.py
[2022-02-13 00:02:33,576] {processor.py:654} INFO - DAG(s) dict_keys(['my_dag']) retrieved from /opt/airflow/dags/my_dag.py
[2022-02-13 00:02:33,600] {logging_mixin.py:109} INFO - [2022-02-13 00:02:33,600] {dag.py:2396} INFO - Sync 1 DAGs
[2022-02-13 00:02:33,642] {logging_mixin.py:109} INFO - [2022-02-13 00:02:33,641] {dag.py:2935} INFO - Setting next_dagrun for my_dag to 2022-02-13T00:00:00+00:00
[2022-02-13 00:02:33,664] {processor.py:171} INFO - Processing /opt/airflow/dags/my_dag.py took 0.186 seconds
[2022-02-13 00:03:04,229] {processor.py:163} INFO - Started process (PID=4286) to work on /opt/airflow/dags/my_dag.py
[2022-02-13 00:03:04,232] {processor.py:642} INFO - Processing file /opt/airflow/dags/my_dag.py for tasks to queue
[2022-02-13 00:03:04,239] {logging_mixin.py:109} INFO - [2022-02-13 00:03:04,238] {dagbag.py:500} INFO - Filling up the DagBag from /opt/airflow/dags/my_dag.py
[2022-02-13 00:03:04,357] {processor.py:654} INFO - DAG(s) dict_keys(['my_dag']) retrieved from /opt/airflow/dags/my_dag.py
[2022-02-13 00:03:04,389] {logging_mixin.py:109} INFO - [2022-02-13 00:03:04,389] {dag.py:2396} INFO - Sync 1 DAGs
[2022-02-13 00:03:04,437] {logging_mixin.py:109} INFO - [2022-02-13 00:03:04,436] {dag.py:2935} INFO - Setting next_dagrun for my_dag to 2022-02-13T00:00:00+00:00
[2022-02-13 00:03:04,462] {processor.py:171} INFO - Processing /opt/airflow/dags/my_dag.py took 0.239 seconds
[2022-02-13 00:03:34,826] {processor.py:163} INFO - Started process (PID=4329) to work on /opt/airflow/dags/my_dag.py
[2022-02-13 00:03:34,827] {processor.py:642} INFO - Processing file /opt/airflow/dags/my_dag.py for tasks to queue
[2022-02-13 00:03:34,828] {logging_mixin.py:109} INFO - [2022-02-13 00:03:34,828] {dagbag.py:500} INFO - Filling up the DagBag from /opt/airflow/dags/my_dag.py
[2022-02-13 00:03:34,893] {processor.py:654} INFO - DAG(s) dict_keys(['my_dag']) retrieved from /opt/airflow/dags/my_dag.py
[2022-02-13 00:03:34,912] {logging_mixin.py:109} INFO - [2022-02-13 00:03:34,912] {dag.py:2396} INFO - Sync 1 DAGs
[2022-02-13 00:03:34,946] {logging_mixin.py:109} INFO - [2022-02-13 00:03:34,946] {dag.py:2935} INFO - Setting next_dagrun for my_dag to 2022-02-13T00:00:00+00:00
[2022-02-13 00:03:34,968] {processor.py:171} INFO - Processing /opt/airflow/dags/my_dag.py took 0.149 seconds
[2022-02-13 00:04:05,093] {processor.py:163} INFO - Started process (PID=4383) to work on /opt/airflow/dags/my_dag.py
[2022-02-13 00:04:05,095] {processor.py:642} INFO - Processing file /opt/airflow/dags/my_dag.py for tasks to queue
[2022-02-13 00:04:05,096] {logging_mixin.py:109} INFO - [2022-02-13 00:04:05,096] {dagbag.py:500} INFO - Filling up the DagBag from /opt/airflow/dags/my_dag.py
[2022-02-13 00:04:05,220] {processor.py:654} INFO - DAG(s) dict_keys(['my_dag']) retrieved from /opt/airflow/dags/my_dag.py
[2022-02-13 00:04:05,272] {logging_mixin.py:109} INFO - [2022-02-13 00:04:05,272] {dag.py:2396} INFO - Sync 1 DAGs
[2022-02-13 00:04:05,352] {logging_mixin.py:109} INFO - [2022-02-13 00:04:05,352] {dag.py:2935} INFO - Setting next_dagrun for my_dag to 2022-02-13T00:00:00+00:00
[2022-02-13 00:04:05,449] {processor.py:171} INFO - Processing /opt/airflow/dags/my_dag.py took 0.362 seconds
[2022-02-13 00:04:36,233] {processor.py:163} INFO - Started process (PID=4427) to work on /opt/airflow/dags/my_dag.py
[2022-02-13 00:04:36,245] {processor.py:642} INFO - Processing file /opt/airflow/dags/my_dag.py for tasks to queue
[2022-02-13 00:04:36,281] {logging_mixin.py:109} INFO - [2022-02-13 00:04:36,281] {dagbag.py:500} INFO - Filling up the DagBag from /opt/airflow/dags/my_dag.py
[2022-02-13 00:04:36,540] {processor.py:654} INFO - DAG(s) dict_keys(['my_dag']) retrieved from /opt/airflow/dags/my_dag.py
[2022-02-13 00:04:36,619] {logging_mixin.py:109} INFO - [2022-02-13 00:04:36,619] {dag.py:2396} INFO - Sync 1 DAGs
[2022-02-13 00:04:36,850] {logging_mixin.py:109} INFO - [2022-02-13 00:04:36,850] {dag.py:2935} INFO - Setting next_dagrun for my_dag to 2022-02-13T00:00:00+00:00
[2022-02-13 00:04:36,918] {processor.py:171} INFO - Processing /opt/airflow/dags/my_dag.py took 0.705 seconds
[2022-02-13 00:05:07,146] {processor.py:163} INFO - Started process (PID=4479) to work on /opt/airflow/dags/my_dag.py
[2022-02-13 00:05:07,150] {processor.py:642} INFO - Processing file /opt/airflow/dags/my_dag.py for tasks to queue
[2022-02-13 00:05:07,163] {logging_mixin.py:109} INFO - [2022-02-13 00:05:07,162] {dagbag.py:500} INFO - Filling up the DagBag from /opt/airflow/dags/my_dag.py
[2022-02-13 00:05:07,364] {processor.py:654} INFO - DAG(s) dict_keys(['my_dag']) retrieved from /opt/airflow/dags/my_dag.py
[2022-02-13 00:05:07,412] {logging_mixin.py:109} INFO - [2022-02-13 00:05:07,411] {dag.py:2396} INFO - Sync 1 DAGs
[2022-02-13 00:05:07,525] {logging_mixin.py:109} INFO - [2022-02-13 00:05:07,525] {dag.py:2935} INFO - Setting next_dagrun for my_dag to 2022-02-13T00:00:00+00:00
[2022-02-13 00:05:07,614] {processor.py:171} INFO - Processing /opt/airflow/dags/my_dag.py took 0.483 seconds
[2022-02-13 00:05:38,433] {processor.py:163} INFO - Started process (PID=4521) to work on /opt/airflow/dags/my_dag.py
[2022-02-13 00:05:38,452] {processor.py:642} INFO - Processing file /opt/airflow/dags/my_dag.py for tasks to queue
[2022-02-13 00:05:38,453] {logging_mixin.py:109} INFO - [2022-02-13 00:05:38,453] {dagbag.py:500} INFO - Filling up the DagBag from /opt/airflow/dags/my_dag.py
[2022-02-13 00:05:38,568] {processor.py:654} INFO - DAG(s) dict_keys(['my_dag']) retrieved from /opt/airflow/dags/my_dag.py
[2022-02-13 00:05:38,621] {logging_mixin.py:109} INFO - [2022-02-13 00:05:38,620] {dag.py:2396} INFO - Sync 1 DAGs
[2022-02-13 00:05:38,690] {logging_mixin.py:109} INFO - [2022-02-13 00:05:38,690] {dag.py:2935} INFO - Setting next_dagrun for my_dag to 2022-02-13T00:00:00+00:00
[2022-02-13 00:05:38,755] {processor.py:171} INFO - Processing /opt/airflow/dags/my_dag.py took 0.334 seconds
[2022-02-13 00:06:08,853] {processor.py:163} INFO - Started process (PID=4573) to work on /opt/airflow/dags/my_dag.py
[2022-02-13 00:06:08,856] {processor.py:642} INFO - Processing file /opt/airflow/dags/my_dag.py for tasks to queue
[2022-02-13 00:06:08,858] {logging_mixin.py:109} INFO - [2022-02-13 00:06:08,857] {dagbag.py:500} INFO - Filling up the DagBag from /opt/airflow/dags/my_dag.py
[2022-02-13 00:06:09,026] {processor.py:654} INFO - DAG(s) dict_keys(['my_dag']) retrieved from /opt/airflow/dags/my_dag.py
[2022-02-13 00:06:09,070] {logging_mixin.py:109} INFO - [2022-02-13 00:06:09,069] {dag.py:2396} INFO - Sync 1 DAGs
[2022-02-13 00:06:09,124] {logging_mixin.py:109} INFO - [2022-02-13 00:06:09,124] {dag.py:2935} INFO - Setting next_dagrun for my_dag to 2022-02-13T00:00:00+00:00
[2022-02-13 00:06:09,169] {processor.py:171} INFO - Processing /opt/airflow/dags/my_dag.py took 0.333 seconds
[2022-02-13 00:06:39,295] {processor.py:163} INFO - Started process (PID=4616) to work on /opt/airflow/dags/my_dag.py
[2022-02-13 00:06:39,298] {processor.py:642} INFO - Processing file /opt/airflow/dags/my_dag.py for tasks to queue
[2022-02-13 00:06:39,303] {logging_mixin.py:109} INFO - [2022-02-13 00:06:39,299] {dagbag.py:500} INFO - Filling up the DagBag from /opt/airflow/dags/my_dag.py
[2022-02-13 00:06:39,451] {processor.py:654} INFO - DAG(s) dict_keys(['my_dag']) retrieved from /opt/airflow/dags/my_dag.py
[2022-02-13 00:06:39,501] {logging_mixin.py:109} INFO - [2022-02-13 00:06:39,500] {dag.py:2396} INFO - Sync 1 DAGs
[2022-02-13 00:06:39,586] {logging_mixin.py:109} INFO - [2022-02-13 00:06:39,586] {dag.py:2935} INFO - Setting next_dagrun for my_dag to 2022-02-13T00:00:00+00:00
[2022-02-13 00:06:39,627] {processor.py:171} INFO - Processing /opt/airflow/dags/my_dag.py took 0.342 seconds
[2022-02-13 00:07:09,795] {processor.py:163} INFO - Started process (PID=4669) to work on /opt/airflow/dags/my_dag.py
[2022-02-13 00:07:09,813] {processor.py:642} INFO - Processing file /opt/airflow/dags/my_dag.py for tasks to queue
[2022-02-13 00:07:09,815] {logging_mixin.py:109} INFO - [2022-02-13 00:07:09,814] {dagbag.py:500} INFO - Filling up the DagBag from /opt/airflow/dags/my_dag.py
[2022-02-13 00:07:10,002] {processor.py:654} INFO - DAG(s) dict_keys(['my_dag']) retrieved from /opt/airflow/dags/my_dag.py
[2022-02-13 00:07:10,068] {logging_mixin.py:109} INFO - [2022-02-13 00:07:10,067] {dag.py:2396} INFO - Sync 1 DAGs
[2022-02-13 00:07:10,137] {logging_mixin.py:109} INFO - [2022-02-13 00:07:10,136] {dag.py:2935} INFO - Setting next_dagrun for my_dag to 2022-02-13T00:00:00+00:00
[2022-02-13 00:07:10,176] {processor.py:171} INFO - Processing /opt/airflow/dags/my_dag.py took 0.398 seconds
[2022-02-13 00:07:40,322] {processor.py:163} INFO - Started process (PID=4717) to work on /opt/airflow/dags/my_dag.py
[2022-02-13 00:07:40,324] {processor.py:642} INFO - Processing file /opt/airflow/dags/my_dag.py for tasks to queue
[2022-02-13 00:07:40,325] {logging_mixin.py:109} INFO - [2022-02-13 00:07:40,325] {dagbag.py:500} INFO - Filling up the DagBag from /opt/airflow/dags/my_dag.py
[2022-02-13 00:07:40,414] {processor.py:654} INFO - DAG(s) dict_keys(['my_dag']) retrieved from /opt/airflow/dags/my_dag.py
[2022-02-13 00:07:40,442] {logging_mixin.py:109} INFO - [2022-02-13 00:07:40,442] {dag.py:2396} INFO - Sync 1 DAGs
[2022-02-13 00:07:40,501] {logging_mixin.py:109} INFO - [2022-02-13 00:07:40,500] {dag.py:2935} INFO - Setting next_dagrun for my_dag to 2022-02-13T00:00:00+00:00
[2022-02-13 00:07:40,546] {processor.py:171} INFO - Processing /opt/airflow/dags/my_dag.py took 0.234 seconds
[2022-02-13 00:08:10,834] {processor.py:163} INFO - Started process (PID=4763) to work on /opt/airflow/dags/my_dag.py
[2022-02-13 00:08:10,836] {processor.py:642} INFO - Processing file /opt/airflow/dags/my_dag.py for tasks to queue
[2022-02-13 00:08:10,838] {logging_mixin.py:109} INFO - [2022-02-13 00:08:10,837] {dagbag.py:500} INFO - Filling up the DagBag from /opt/airflow/dags/my_dag.py
[2022-02-13 00:08:10,959] {processor.py:654} INFO - DAG(s) dict_keys(['my_dag']) retrieved from /opt/airflow/dags/my_dag.py
[2022-02-13 00:08:11,016] {logging_mixin.py:109} INFO - [2022-02-13 00:08:11,016] {dag.py:2396} INFO - Sync 1 DAGs
[2022-02-13 00:08:11,104] {logging_mixin.py:109} INFO - [2022-02-13 00:08:11,104] {dag.py:2935} INFO - Setting next_dagrun for my_dag to 2022-02-13T00:00:00+00:00
[2022-02-13 00:08:11,143] {processor.py:171} INFO - Processing /opt/airflow/dags/my_dag.py took 0.316 seconds
[2022-02-13 00:08:42,146] {processor.py:163} INFO - Started process (PID=4816) to work on /opt/airflow/dags/my_dag.py
[2022-02-13 00:08:42,150] {processor.py:642} INFO - Processing file /opt/airflow/dags/my_dag.py for tasks to queue
[2022-02-13 00:08:42,151] {logging_mixin.py:109} INFO - [2022-02-13 00:08:42,151] {dagbag.py:500} INFO - Filling up the DagBag from /opt/airflow/dags/my_dag.py
[2022-02-13 00:08:42,301] {processor.py:654} INFO - DAG(s) dict_keys(['my_dag']) retrieved from /opt/airflow/dags/my_dag.py
[2022-02-13 00:08:42,341] {logging_mixin.py:109} INFO - [2022-02-13 00:08:42,341] {dag.py:2396} INFO - Sync 1 DAGs
[2022-02-13 00:08:42,414] {logging_mixin.py:109} INFO - [2022-02-13 00:08:42,414] {dag.py:2935} INFO - Setting next_dagrun for my_dag to 2022-02-13T00:00:00+00:00
[2022-02-13 00:08:42,461] {processor.py:171} INFO - Processing /opt/airflow/dags/my_dag.py took 0.331 seconds
[2022-02-13 00:09:12,625] {processor.py:163} INFO - Started process (PID=4858) to work on /opt/airflow/dags/my_dag.py
[2022-02-13 00:09:12,629] {processor.py:642} INFO - Processing file /opt/airflow/dags/my_dag.py for tasks to queue
[2022-02-13 00:09:12,631] {logging_mixin.py:109} INFO - [2022-02-13 00:09:12,631] {dagbag.py:500} INFO - Filling up the DagBag from /opt/airflow/dags/my_dag.py
[2022-02-13 00:09:12,798] {processor.py:654} INFO - DAG(s) dict_keys(['my_dag']) retrieved from /opt/airflow/dags/my_dag.py
[2022-02-13 00:09:12,859] {logging_mixin.py:109} INFO - [2022-02-13 00:09:12,859] {dag.py:2396} INFO - Sync 1 DAGs
[2022-02-13 00:09:12,950] {logging_mixin.py:109} INFO - [2022-02-13 00:09:12,950] {dag.py:2935} INFO - Setting next_dagrun for my_dag to 2022-02-13T00:00:00+00:00
[2022-02-13 00:09:12,992] {processor.py:171} INFO - Processing /opt/airflow/dags/my_dag.py took 0.381 seconds
[2022-02-13 00:09:43,141] {processor.py:163} INFO - Started process (PID=4910) to work on /opt/airflow/dags/my_dag.py
[2022-02-13 00:09:43,143] {processor.py:642} INFO - Processing file /opt/airflow/dags/my_dag.py for tasks to queue
[2022-02-13 00:09:43,146] {logging_mixin.py:109} INFO - [2022-02-13 00:09:43,145] {dagbag.py:500} INFO - Filling up the DagBag from /opt/airflow/dags/my_dag.py
[2022-02-13 00:09:43,244] {processor.py:654} INFO - DAG(s) dict_keys(['my_dag']) retrieved from /opt/airflow/dags/my_dag.py
[2022-02-13 00:09:43,286] {logging_mixin.py:109} INFO - [2022-02-13 00:09:43,285] {dag.py:2396} INFO - Sync 1 DAGs
[2022-02-13 00:09:43,347] {logging_mixin.py:109} INFO - [2022-02-13 00:09:43,347] {dag.py:2935} INFO - Setting next_dagrun for my_dag to 2022-02-13T00:00:00+00:00
[2022-02-13 00:09:43,376] {processor.py:171} INFO - Processing /opt/airflow/dags/my_dag.py took 0.245 seconds
[2022-02-13 00:10:13,617] {processor.py:163} INFO - Started process (PID=4952) to work on /opt/airflow/dags/my_dag.py
[2022-02-13 00:10:13,624] {processor.py:642} INFO - Processing file /opt/airflow/dags/my_dag.py for tasks to queue
[2022-02-13 00:10:13,627] {logging_mixin.py:109} INFO - [2022-02-13 00:10:13,626] {dagbag.py:500} INFO - Filling up the DagBag from /opt/airflow/dags/my_dag.py
[2022-02-13 00:10:13,800] {processor.py:654} INFO - DAG(s) dict_keys(['my_dag']) retrieved from /opt/airflow/dags/my_dag.py
[2022-02-13 00:10:13,846] {logging_mixin.py:109} INFO - [2022-02-13 00:10:13,846] {dag.py:2396} INFO - Sync 1 DAGs
[2022-02-13 00:10:13,953] {logging_mixin.py:109} INFO - [2022-02-13 00:10:13,953] {dag.py:2935} INFO - Setting next_dagrun for my_dag to 2022-02-13T00:00:00+00:00
[2022-02-13 00:10:14,021] {processor.py:171} INFO - Processing /opt/airflow/dags/my_dag.py took 0.413 seconds
[2022-02-13 00:10:44,302] {processor.py:163} INFO - Started process (PID=5007) to work on /opt/airflow/dags/my_dag.py
[2022-02-13 00:10:44,305] {processor.py:642} INFO - Processing file /opt/airflow/dags/my_dag.py for tasks to queue
[2022-02-13 00:10:44,306] {logging_mixin.py:109} INFO - [2022-02-13 00:10:44,306] {dagbag.py:500} INFO - Filling up the DagBag from /opt/airflow/dags/my_dag.py
[2022-02-13 00:10:44,482] {processor.py:654} INFO - DAG(s) dict_keys(['my_dag']) retrieved from /opt/airflow/dags/my_dag.py
[2022-02-13 00:10:44,541] {logging_mixin.py:109} INFO - [2022-02-13 00:10:44,541] {dag.py:2396} INFO - Sync 1 DAGs
[2022-02-13 00:10:44,635] {logging_mixin.py:109} INFO - [2022-02-13 00:10:44,635] {dag.py:2935} INFO - Setting next_dagrun for my_dag to 2022-02-13T00:00:00+00:00
[2022-02-13 00:10:44,690] {processor.py:171} INFO - Processing /opt/airflow/dags/my_dag.py took 0.393 seconds
[2022-02-13 00:11:15,081] {processor.py:163} INFO - Started process (PID=5049) to work on /opt/airflow/dags/my_dag.py
[2022-02-13 00:11:15,097] {processor.py:642} INFO - Processing file /opt/airflow/dags/my_dag.py for tasks to queue
[2022-02-13 00:11:15,098] {logging_mixin.py:109} INFO - [2022-02-13 00:11:15,098] {dagbag.py:500} INFO - Filling up the DagBag from /opt/airflow/dags/my_dag.py
[2022-02-13 00:11:15,382] {processor.py:654} INFO - DAG(s) dict_keys(['my_dag']) retrieved from /opt/airflow/dags/my_dag.py
[2022-02-13 00:11:15,493] {logging_mixin.py:109} INFO - [2022-02-13 00:11:15,493] {dag.py:2396} INFO - Sync 1 DAGs
[2022-02-13 00:11:15,667] {logging_mixin.py:109} INFO - [2022-02-13 00:11:15,655] {dag.py:2935} INFO - Setting next_dagrun for my_dag to 2022-02-13T00:00:00+00:00
[2022-02-13 00:11:15,826] {processor.py:171} INFO - Processing /opt/airflow/dags/my_dag.py took 0.763 seconds
[2022-02-13 00:11:46,274] {processor.py:163} INFO - Started process (PID=5103) to work on /opt/airflow/dags/my_dag.py
[2022-02-13 00:11:46,278] {processor.py:642} INFO - Processing file /opt/airflow/dags/my_dag.py for tasks to queue
[2022-02-13 00:11:46,280] {logging_mixin.py:109} INFO - [2022-02-13 00:11:46,279] {dagbag.py:500} INFO - Filling up the DagBag from /opt/airflow/dags/my_dag.py
[2022-02-13 00:11:46,449] {processor.py:654} INFO - DAG(s) dict_keys(['my_dag']) retrieved from /opt/airflow/dags/my_dag.py
[2022-02-13 00:11:46,496] {logging_mixin.py:109} INFO - [2022-02-13 00:11:46,495] {dag.py:2396} INFO - Sync 1 DAGs
[2022-02-13 00:11:46,574] {logging_mixin.py:109} INFO - [2022-02-13 00:11:46,574] {dag.py:2935} INFO - Setting next_dagrun for my_dag to 2022-02-13T00:00:00+00:00
[2022-02-13 00:11:46,618] {processor.py:171} INFO - Processing /opt/airflow/dags/my_dag.py took 0.361 seconds
[2022-02-13 00:12:17,177] {processor.py:163} INFO - Started process (PID=5144) to work on /opt/airflow/dags/my_dag.py
[2022-02-13 00:12:17,180] {processor.py:642} INFO - Processing file /opt/airflow/dags/my_dag.py for tasks to queue
[2022-02-13 00:12:17,182] {logging_mixin.py:109} INFO - [2022-02-13 00:12:17,182] {dagbag.py:500} INFO - Filling up the DagBag from /opt/airflow/dags/my_dag.py
[2022-02-13 00:12:17,339] {processor.py:654} INFO - DAG(s) dict_keys(['my_dag']) retrieved from /opt/airflow/dags/my_dag.py
[2022-02-13 00:12:17,383] {logging_mixin.py:109} INFO - [2022-02-13 00:12:17,382] {dag.py:2396} INFO - Sync 1 DAGs
[2022-02-13 00:12:17,418] {logging_mixin.py:109} INFO - [2022-02-13 00:12:17,418] {dag.py:2935} INFO - Setting next_dagrun for my_dag to 2022-02-13T00:00:00+00:00
[2022-02-13 00:12:17,438] {processor.py:171} INFO - Processing /opt/airflow/dags/my_dag.py took 0.273 seconds
[2022-02-13 00:12:48,053] {processor.py:163} INFO - Started process (PID=5196) to work on /opt/airflow/dags/my_dag.py
[2022-02-13 00:12:48,062] {processor.py:642} INFO - Processing file /opt/airflow/dags/my_dag.py for tasks to queue
[2022-02-13 00:12:48,064] {logging_mixin.py:109} INFO - [2022-02-13 00:12:48,063] {dagbag.py:500} INFO - Filling up the DagBag from /opt/airflow/dags/my_dag.py
[2022-02-13 00:12:48,300] {processor.py:654} INFO - DAG(s) dict_keys(['my_dag']) retrieved from /opt/airflow/dags/my_dag.py
[2022-02-13 00:12:48,384] {logging_mixin.py:109} INFO - [2022-02-13 00:12:48,384] {dag.py:2396} INFO - Sync 1 DAGs
[2022-02-13 00:12:48,452] {logging_mixin.py:109} INFO - [2022-02-13 00:12:48,450] {dag.py:2935} INFO - Setting next_dagrun for my_dag to 2022-02-13T00:00:00+00:00
[2022-02-13 00:12:48,492] {processor.py:171} INFO - Processing /opt/airflow/dags/my_dag.py took 0.450 seconds
[2022-02-13 00:13:18,626] {processor.py:163} INFO - Started process (PID=5244) to work on /opt/airflow/dags/my_dag.py
[2022-02-13 00:13:18,628] {processor.py:642} INFO - Processing file /opt/airflow/dags/my_dag.py for tasks to queue
[2022-02-13 00:13:18,629] {logging_mixin.py:109} INFO - [2022-02-13 00:13:18,629] {dagbag.py:500} INFO - Filling up the DagBag from /opt/airflow/dags/my_dag.py
[2022-02-13 00:13:18,676] {processor.py:654} INFO - DAG(s) dict_keys(['my_dag']) retrieved from /opt/airflow/dags/my_dag.py
[2022-02-13 00:13:18,694] {logging_mixin.py:109} INFO - [2022-02-13 00:13:18,694] {dag.py:2396} INFO - Sync 1 DAGs
[2022-02-13 00:13:18,720] {logging_mixin.py:109} INFO - [2022-02-13 00:13:18,720] {dag.py:2935} INFO - Setting next_dagrun for my_dag to 2022-02-13T00:00:00+00:00
[2022-02-13 00:13:18,739] {processor.py:171} INFO - Processing /opt/airflow/dags/my_dag.py took 0.116 seconds
[2022-02-13 00:13:48,812] {processor.py:163} INFO - Started process (PID=5296) to work on /opt/airflow/dags/my_dag.py
[2022-02-13 00:13:48,814] {processor.py:642} INFO - Processing file /opt/airflow/dags/my_dag.py for tasks to queue
[2022-02-13 00:13:48,816] {logging_mixin.py:109} INFO - [2022-02-13 00:13:48,816] {dagbag.py:500} INFO - Filling up the DagBag from /opt/airflow/dags/my_dag.py
[2022-02-13 00:13:48,901] {processor.py:654} INFO - DAG(s) dict_keys(['my_dag']) retrieved from /opt/airflow/dags/my_dag.py
[2022-02-13 00:13:48,930] {logging_mixin.py:109} INFO - [2022-02-13 00:13:48,930] {dag.py:2396} INFO - Sync 1 DAGs
[2022-02-13 00:13:48,974] {logging_mixin.py:109} INFO - [2022-02-13 00:13:48,974] {dag.py:2935} INFO - Setting next_dagrun for my_dag to 2022-02-13T00:00:00+00:00
[2022-02-13 00:13:49,007] {processor.py:171} INFO - Processing /opt/airflow/dags/my_dag.py took 0.200 seconds
[2022-02-13 00:14:19,710] {processor.py:163} INFO - Started process (PID=5338) to work on /opt/airflow/dags/my_dag.py
[2022-02-13 00:14:19,721] {processor.py:642} INFO - Processing file /opt/airflow/dags/my_dag.py for tasks to queue
[2022-02-13 00:14:19,722] {logging_mixin.py:109} INFO - [2022-02-13 00:14:19,722] {dagbag.py:500} INFO - Filling up the DagBag from /opt/airflow/dags/my_dag.py
[2022-02-13 00:14:19,815] {processor.py:654} INFO - DAG(s) dict_keys(['my_dag']) retrieved from /opt/airflow/dags/my_dag.py
[2022-02-13 00:14:19,847] {logging_mixin.py:109} INFO - [2022-02-13 00:14:19,846] {dag.py:2396} INFO - Sync 1 DAGs
[2022-02-13 00:14:19,893] {logging_mixin.py:109} INFO - [2022-02-13 00:14:19,893] {dag.py:2935} INFO - Setting next_dagrun for my_dag to 2022-02-13T00:00:00+00:00
[2022-02-13 00:14:19,922] {processor.py:171} INFO - Processing /opt/airflow/dags/my_dag.py took 0.216 seconds
[2022-02-13 00:14:50,756] {processor.py:163} INFO - Started process (PID=5396) to work on /opt/airflow/dags/my_dag.py
[2022-02-13 00:14:50,760] {processor.py:642} INFO - Processing file /opt/airflow/dags/my_dag.py for tasks to queue
[2022-02-13 00:14:50,762] {logging_mixin.py:109} INFO - [2022-02-13 00:14:50,761] {dagbag.py:500} INFO - Filling up the DagBag from /opt/airflow/dags/my_dag.py
[2022-02-13 00:14:51,227] {processor.py:654} INFO - DAG(s) dict_keys(['my_dag']) retrieved from /opt/airflow/dags/my_dag.py
[2022-02-13 00:14:51,292] {logging_mixin.py:109} INFO - [2022-02-13 00:14:51,292] {dag.py:2396} INFO - Sync 1 DAGs
[2022-02-13 00:14:51,428] {logging_mixin.py:109} INFO - [2022-02-13 00:14:51,427] {dag.py:2935} INFO - Setting next_dagrun for my_dag to 2022-02-13T00:00:00+00:00
[2022-02-13 00:14:51,526] {processor.py:171} INFO - Processing /opt/airflow/dags/my_dag.py took 0.808 seconds
[2022-02-13 00:15:22,207] {processor.py:163} INFO - Started process (PID=5447) to work on /opt/airflow/dags/my_dag.py
[2022-02-13 00:15:22,210] {processor.py:642} INFO - Processing file /opt/airflow/dags/my_dag.py for tasks to queue
[2022-02-13 00:15:22,212] {logging_mixin.py:109} INFO - [2022-02-13 00:15:22,212] {dagbag.py:500} INFO - Filling up the DagBag from /opt/airflow/dags/my_dag.py
[2022-02-13 00:15:22,300] {processor.py:654} INFO - DAG(s) dict_keys(['my_dag']) retrieved from /opt/airflow/dags/my_dag.py
[2022-02-13 00:15:22,339] {logging_mixin.py:109} INFO - [2022-02-13 00:15:22,339] {dag.py:2396} INFO - Sync 1 DAGs
[2022-02-13 00:15:22,386] {logging_mixin.py:109} INFO - [2022-02-13 00:15:22,385] {dag.py:2935} INFO - Setting next_dagrun for my_dag to 2022-02-13T00:00:00+00:00
[2022-02-13 00:15:22,419] {processor.py:171} INFO - Processing /opt/airflow/dags/my_dag.py took 0.217 seconds
[2022-02-13 00:15:52,457] {processor.py:163} INFO - Started process (PID=5490) to work on /opt/airflow/dags/my_dag.py
[2022-02-13 00:15:52,463] {processor.py:642} INFO - Processing file /opt/airflow/dags/my_dag.py for tasks to queue
[2022-02-13 00:15:52,466] {logging_mixin.py:109} INFO - [2022-02-13 00:15:52,465] {dagbag.py:500} INFO - Filling up the DagBag from /opt/airflow/dags/my_dag.py
[2022-02-13 00:15:52,529] {processor.py:654} INFO - DAG(s) dict_keys(['my_dag']) retrieved from /opt/airflow/dags/my_dag.py
[2022-02-13 00:15:52,551] {logging_mixin.py:109} INFO - [2022-02-13 00:15:52,551] {dag.py:2396} INFO - Sync 1 DAGs
[2022-02-13 00:15:52,596] {logging_mixin.py:109} INFO - [2022-02-13 00:15:52,595] {dag.py:2935} INFO - Setting next_dagrun for my_dag to 2022-02-13T00:00:00+00:00
[2022-02-13 00:15:52,615] {processor.py:171} INFO - Processing /opt/airflow/dags/my_dag.py took 0.163 seconds
[2022-02-13 00:16:22,888] {processor.py:163} INFO - Started process (PID=5541) to work on /opt/airflow/dags/my_dag.py
[2022-02-13 00:16:22,892] {processor.py:642} INFO - Processing file /opt/airflow/dags/my_dag.py for tasks to queue
[2022-02-13 00:16:22,893] {logging_mixin.py:109} INFO - [2022-02-13 00:16:22,892] {dagbag.py:500} INFO - Filling up the DagBag from /opt/airflow/dags/my_dag.py
[2022-02-13 00:16:22,979] {processor.py:654} INFO - DAG(s) dict_keys(['my_dag']) retrieved from /opt/airflow/dags/my_dag.py
[2022-02-13 00:16:23,027] {logging_mixin.py:109} INFO - [2022-02-13 00:16:23,027] {dag.py:2396} INFO - Sync 1 DAGs
[2022-02-13 00:16:23,081] {logging_mixin.py:109} INFO - [2022-02-13 00:16:23,081] {dag.py:2935} INFO - Setting next_dagrun for my_dag to 2022-02-13T00:00:00+00:00
[2022-02-13 00:16:23,101] {processor.py:171} INFO - Processing /opt/airflow/dags/my_dag.py took 0.220 seconds
[2022-02-13 00:16:53,704] {processor.py:163} INFO - Started process (PID=5584) to work on /opt/airflow/dags/my_dag.py
[2022-02-13 00:16:53,707] {processor.py:642} INFO - Processing file /opt/airflow/dags/my_dag.py for tasks to queue
[2022-02-13 00:16:53,709] {logging_mixin.py:109} INFO - [2022-02-13 00:16:53,708] {dagbag.py:500} INFO - Filling up the DagBag from /opt/airflow/dags/my_dag.py
[2022-02-13 00:16:53,783] {processor.py:654} INFO - DAG(s) dict_keys(['my_dag']) retrieved from /opt/airflow/dags/my_dag.py
[2022-02-13 00:16:53,833] {logging_mixin.py:109} INFO - [2022-02-13 00:16:53,832] {dag.py:2396} INFO - Sync 1 DAGs
[2022-02-13 00:16:53,878] {logging_mixin.py:109} INFO - [2022-02-13 00:16:53,878] {dag.py:2935} INFO - Setting next_dagrun for my_dag to 2022-02-13T00:00:00+00:00
[2022-02-13 00:16:53,905] {processor.py:171} INFO - Processing /opt/airflow/dags/my_dag.py took 0.205 seconds
[2022-02-13 00:17:24,794] {processor.py:163} INFO - Started process (PID=5637) to work on /opt/airflow/dags/my_dag.py
[2022-02-13 00:17:24,806] {processor.py:642} INFO - Processing file /opt/airflow/dags/my_dag.py for tasks to queue
[2022-02-13 00:17:24,807] {logging_mixin.py:109} INFO - [2022-02-13 00:17:24,807] {dagbag.py:500} INFO - Filling up the DagBag from /opt/airflow/dags/my_dag.py
[2022-02-13 00:17:25,078] {processor.py:654} INFO - DAG(s) dict_keys(['my_dag']) retrieved from /opt/airflow/dags/my_dag.py
[2022-02-13 00:17:25,151] {logging_mixin.py:109} INFO - [2022-02-13 00:17:25,151] {dag.py:2396} INFO - Sync 1 DAGs
[2022-02-13 00:17:25,282] {logging_mixin.py:109} INFO - [2022-02-13 00:17:25,281] {dag.py:2935} INFO - Setting next_dagrun for my_dag to 2022-02-13T00:00:00+00:00
[2022-02-13 00:17:25,475] {processor.py:171} INFO - Processing /opt/airflow/dags/my_dag.py took 0.696 seconds
[2022-02-13 00:17:55,798] {processor.py:163} INFO - Started process (PID=5680) to work on /opt/airflow/dags/my_dag.py
[2022-02-13 00:17:55,803] {processor.py:642} INFO - Processing file /opt/airflow/dags/my_dag.py for tasks to queue
[2022-02-13 00:17:55,805] {logging_mixin.py:109} INFO - [2022-02-13 00:17:55,805] {dagbag.py:500} INFO - Filling up the DagBag from /opt/airflow/dags/my_dag.py
[2022-02-13 00:17:55,965] {processor.py:654} INFO - DAG(s) dict_keys(['my_dag']) retrieved from /opt/airflow/dags/my_dag.py
[2022-02-13 00:17:56,018] {logging_mixin.py:109} INFO - [2022-02-13 00:17:56,017] {dag.py:2396} INFO - Sync 1 DAGs
[2022-02-13 00:17:56,114] {logging_mixin.py:109} INFO - [2022-02-13 00:17:56,113] {dag.py:2935} INFO - Setting next_dagrun for my_dag to 2022-02-13T00:00:00+00:00
[2022-02-13 00:17:56,165] {processor.py:171} INFO - Processing /opt/airflow/dags/my_dag.py took 0.381 seconds
[2022-02-13 00:18:26,649] {processor.py:163} INFO - Started process (PID=5734) to work on /opt/airflow/dags/my_dag.py
[2022-02-13 00:18:26,652] {processor.py:642} INFO - Processing file /opt/airflow/dags/my_dag.py for tasks to queue
[2022-02-13 00:18:26,653] {logging_mixin.py:109} INFO - [2022-02-13 00:18:26,653] {dagbag.py:500} INFO - Filling up the DagBag from /opt/airflow/dags/my_dag.py
[2022-02-13 00:18:26,730] {processor.py:654} INFO - DAG(s) dict_keys(['my_dag']) retrieved from /opt/airflow/dags/my_dag.py
[2022-02-13 00:18:26,764] {logging_mixin.py:109} INFO - [2022-02-13 00:18:26,764] {dag.py:2396} INFO - Sync 1 DAGs
[2022-02-13 00:18:26,809] {logging_mixin.py:109} INFO - [2022-02-13 00:18:26,808] {dag.py:2935} INFO - Setting next_dagrun for my_dag to 2022-02-13T00:00:00+00:00
[2022-02-13 00:18:26,837] {processor.py:171} INFO - Processing /opt/airflow/dags/my_dag.py took 0.194 seconds
[2022-02-13 00:18:57,561] {processor.py:163} INFO - Started process (PID=5783) to work on /opt/airflow/dags/my_dag.py
[2022-02-13 00:18:57,574] {processor.py:642} INFO - Processing file /opt/airflow/dags/my_dag.py for tasks to queue
[2022-02-13 00:18:57,575] {logging_mixin.py:109} INFO - [2022-02-13 00:18:57,575] {dagbag.py:500} INFO - Filling up the DagBag from /opt/airflow/dags/my_dag.py
[2022-02-13 00:18:57,820] {processor.py:654} INFO - DAG(s) dict_keys(['my_dag']) retrieved from /opt/airflow/dags/my_dag.py
[2022-02-13 00:18:57,889] {logging_mixin.py:109} INFO - [2022-02-13 00:18:57,888] {dag.py:2396} INFO - Sync 1 DAGs
[2022-02-13 00:18:57,981] {logging_mixin.py:109} INFO - [2022-02-13 00:18:57,980] {dag.py:2935} INFO - Setting next_dagrun for my_dag to 2022-02-13T00:00:00+00:00
[2022-02-13 00:18:58,061] {processor.py:171} INFO - Processing /opt/airflow/dags/my_dag.py took 0.519 seconds
[2022-02-13 00:19:28,625] {processor.py:163} INFO - Started process (PID=5828) to work on /opt/airflow/dags/my_dag.py
[2022-02-13 00:19:28,628] {processor.py:642} INFO - Processing file /opt/airflow/dags/my_dag.py for tasks to queue
[2022-02-13 00:19:28,630] {logging_mixin.py:109} INFO - [2022-02-13 00:19:28,629] {dagbag.py:500} INFO - Filling up the DagBag from /opt/airflow/dags/my_dag.py
[2022-02-13 00:19:28,726] {processor.py:654} INFO - DAG(s) dict_keys(['my_dag']) retrieved from /opt/airflow/dags/my_dag.py
[2022-02-13 00:19:28,760] {logging_mixin.py:109} INFO - [2022-02-13 00:19:28,760] {dag.py:2396} INFO - Sync 1 DAGs
[2022-02-13 00:19:28,826] {logging_mixin.py:109} INFO - [2022-02-13 00:19:28,825] {dag.py:2935} INFO - Setting next_dagrun for my_dag to 2022-02-13T00:00:00+00:00
[2022-02-13 00:19:28,861] {processor.py:171} INFO - Processing /opt/airflow/dags/my_dag.py took 0.244 seconds
[2022-02-13 00:19:59,714] {processor.py:163} INFO - Started process (PID=5880) to work on /opt/airflow/dags/my_dag.py
[2022-02-13 00:19:59,716] {processor.py:642} INFO - Processing file /opt/airflow/dags/my_dag.py for tasks to queue
[2022-02-13 00:19:59,718] {logging_mixin.py:109} INFO - [2022-02-13 00:19:59,717] {dagbag.py:500} INFO - Filling up the DagBag from /opt/airflow/dags/my_dag.py
[2022-02-13 00:19:59,791] {processor.py:654} INFO - DAG(s) dict_keys(['my_dag']) retrieved from /opt/airflow/dags/my_dag.py
[2022-02-13 00:19:59,823] {logging_mixin.py:109} INFO - [2022-02-13 00:19:59,823] {dag.py:2396} INFO - Sync 1 DAGs
[2022-02-13 00:19:59,875] {logging_mixin.py:109} INFO - [2022-02-13 00:19:59,875] {dag.py:2935} INFO - Setting next_dagrun for my_dag to 2022-02-13T00:00:00+00:00
[2022-02-13 00:19:59,910] {processor.py:171} INFO - Processing /opt/airflow/dags/my_dag.py took 0.205 seconds
[2022-02-13 00:20:30,567] {processor.py:163} INFO - Started process (PID=5922) to work on /opt/airflow/dags/my_dag.py
[2022-02-13 00:20:30,568] {processor.py:642} INFO - Processing file /opt/airflow/dags/my_dag.py for tasks to queue
[2022-02-13 00:20:30,569] {logging_mixin.py:109} INFO - [2022-02-13 00:20:30,569] {dagbag.py:500} INFO - Filling up the DagBag from /opt/airflow/dags/my_dag.py
[2022-02-13 00:20:30,637] {processor.py:654} INFO - DAG(s) dict_keys(['my_dag']) retrieved from /opt/airflow/dags/my_dag.py
[2022-02-13 00:20:30,658] {logging_mixin.py:109} INFO - [2022-02-13 00:20:30,658] {dag.py:2396} INFO - Sync 1 DAGs
[2022-02-13 00:20:30,703] {logging_mixin.py:109} INFO - [2022-02-13 00:20:30,703] {dag.py:2935} INFO - Setting next_dagrun for my_dag to 2022-02-13T00:00:00+00:00
[2022-02-13 00:20:30,738] {processor.py:171} INFO - Processing /opt/airflow/dags/my_dag.py took 0.177 seconds
[2022-02-13 00:21:01,011] {processor.py:163} INFO - Started process (PID=5975) to work on /opt/airflow/dags/my_dag.py
[2022-02-13 00:21:01,013] {processor.py:642} INFO - Processing file /opt/airflow/dags/my_dag.py for tasks to queue
[2022-02-13 00:21:01,015] {logging_mixin.py:109} INFO - [2022-02-13 00:21:01,015] {dagbag.py:500} INFO - Filling up the DagBag from /opt/airflow/dags/my_dag.py
[2022-02-13 00:21:01,121] {processor.py:654} INFO - DAG(s) dict_keys(['my_dag']) retrieved from /opt/airflow/dags/my_dag.py
[2022-02-13 00:21:01,156] {logging_mixin.py:109} INFO - [2022-02-13 00:21:01,156] {dag.py:2396} INFO - Sync 1 DAGs
[2022-02-13 00:21:01,227] {logging_mixin.py:109} INFO - [2022-02-13 00:21:01,227] {dag.py:2935} INFO - Setting next_dagrun for my_dag to 2022-02-13T00:00:00+00:00
[2022-02-13 00:21:01,280] {processor.py:171} INFO - Processing /opt/airflow/dags/my_dag.py took 0.285 seconds
[2022-02-13 00:21:31,367] {processor.py:163} INFO - Started process (PID=6018) to work on /opt/airflow/dags/my_dag.py
[2022-02-13 00:21:31,369] {processor.py:642} INFO - Processing file /opt/airflow/dags/my_dag.py for tasks to queue
[2022-02-13 00:21:31,370] {logging_mixin.py:109} INFO - [2022-02-13 00:21:31,369] {dagbag.py:500} INFO - Filling up the DagBag from /opt/airflow/dags/my_dag.py
[2022-02-13 00:21:31,424] {processor.py:654} INFO - DAG(s) dict_keys(['my_dag']) retrieved from /opt/airflow/dags/my_dag.py
[2022-02-13 00:21:31,446] {logging_mixin.py:109} INFO - [2022-02-13 00:21:31,445] {dag.py:2396} INFO - Sync 1 DAGs
[2022-02-13 00:21:31,496] {logging_mixin.py:109} INFO - [2022-02-13 00:21:31,496] {dag.py:2935} INFO - Setting next_dagrun for my_dag to 2022-02-13T00:00:00+00:00
[2022-02-13 00:21:31,523] {processor.py:171} INFO - Processing /opt/airflow/dags/my_dag.py took 0.165 seconds
[2022-02-13 00:22:01,913] {processor.py:163} INFO - Started process (PID=6071) to work on /opt/airflow/dags/my_dag.py
[2022-02-13 00:22:01,929] {processor.py:642} INFO - Processing file /opt/airflow/dags/my_dag.py for tasks to queue
[2022-02-13 00:22:01,930] {logging_mixin.py:109} INFO - [2022-02-13 00:22:01,930] {dagbag.py:500} INFO - Filling up the DagBag from /opt/airflow/dags/my_dag.py
[2022-02-13 00:22:02,123] {processor.py:654} INFO - DAG(s) dict_keys(['my_dag']) retrieved from /opt/airflow/dags/my_dag.py
[2022-02-13 00:22:02,208] {logging_mixin.py:109} INFO - [2022-02-13 00:22:02,208] {dag.py:2396} INFO - Sync 1 DAGs
[2022-02-13 00:22:02,340] {logging_mixin.py:109} INFO - [2022-02-13 00:22:02,340] {dag.py:2935} INFO - Setting next_dagrun for my_dag to 2022-02-13T00:00:00+00:00
[2022-02-13 00:22:02,403] {processor.py:171} INFO - Processing /opt/airflow/dags/my_dag.py took 0.502 seconds
[2022-02-13 00:22:33,349] {processor.py:163} INFO - Started process (PID=6113) to work on /opt/airflow/dags/my_dag.py
[2022-02-13 00:22:33,358] {processor.py:642} INFO - Processing file /opt/airflow/dags/my_dag.py for tasks to queue
[2022-02-13 00:22:33,360] {logging_mixin.py:109} INFO - [2022-02-13 00:22:33,360] {dagbag.py:500} INFO - Filling up the DagBag from /opt/airflow/dags/my_dag.py
[2022-02-13 00:22:33,451] {processor.py:654} INFO - DAG(s) dict_keys(['my_dag']) retrieved from /opt/airflow/dags/my_dag.py
[2022-02-13 00:22:33,482] {logging_mixin.py:109} INFO - [2022-02-13 00:22:33,481] {dag.py:2396} INFO - Sync 1 DAGs
[2022-02-13 00:22:33,552] {logging_mixin.py:109} INFO - [2022-02-13 00:22:33,552] {dag.py:2935} INFO - Setting next_dagrun for my_dag to 2022-02-13T00:00:00+00:00
[2022-02-13 00:22:33,589] {processor.py:171} INFO - Processing /opt/airflow/dags/my_dag.py took 0.250 seconds
[2022-02-13 00:23:04,514] {processor.py:163} INFO - Started process (PID=6165) to work on /opt/airflow/dags/my_dag.py
[2022-02-13 00:23:04,517] {processor.py:642} INFO - Processing file /opt/airflow/dags/my_dag.py for tasks to queue
[2022-02-13 00:23:04,521] {logging_mixin.py:109} INFO - [2022-02-13 00:23:04,519] {dagbag.py:500} INFO - Filling up the DagBag from /opt/airflow/dags/my_dag.py
[2022-02-13 00:23:04,642] {processor.py:654} INFO - DAG(s) dict_keys(['my_dag']) retrieved from /opt/airflow/dags/my_dag.py
[2022-02-13 00:23:04,693] {logging_mixin.py:109} INFO - [2022-02-13 00:23:04,686] {dag.py:2396} INFO - Sync 1 DAGs
[2022-02-13 00:23:04,767] {logging_mixin.py:109} INFO - [2022-02-13 00:23:04,767] {dag.py:2935} INFO - Setting next_dagrun for my_dag to 2022-02-13T00:00:00+00:00
[2022-02-13 00:23:04,806] {processor.py:171} INFO - Processing /opt/airflow/dags/my_dag.py took 0.296 seconds
[2022-02-13 00:23:35,535] {processor.py:163} INFO - Started process (PID=6207) to work on /opt/airflow/dags/my_dag.py
[2022-02-13 00:23:35,539] {processor.py:642} INFO - Processing file /opt/airflow/dags/my_dag.py for tasks to queue
[2022-02-13 00:23:35,540] {logging_mixin.py:109} INFO - [2022-02-13 00:23:35,540] {dagbag.py:500} INFO - Filling up the DagBag from /opt/airflow/dags/my_dag.py
[2022-02-13 00:23:35,608] {processor.py:654} INFO - DAG(s) dict_keys(['my_dag']) retrieved from /opt/airflow/dags/my_dag.py
[2022-02-13 00:23:35,630] {logging_mixin.py:109} INFO - [2022-02-13 00:23:35,630] {dag.py:2396} INFO - Sync 1 DAGs
[2022-02-13 00:23:35,662] {logging_mixin.py:109} INFO - [2022-02-13 00:23:35,662] {dag.py:2935} INFO - Setting next_dagrun for my_dag to 2022-02-13T00:00:00+00:00
[2022-02-13 00:23:35,683] {processor.py:171} INFO - Processing /opt/airflow/dags/my_dag.py took 0.152 seconds
[2022-02-13 00:24:06,129] {processor.py:163} INFO - Started process (PID=6259) to work on /opt/airflow/dags/my_dag.py
[2022-02-13 00:24:06,137] {processor.py:642} INFO - Processing file /opt/airflow/dags/my_dag.py for tasks to queue
[2022-02-13 00:24:06,148] {logging_mixin.py:109} INFO - [2022-02-13 00:24:06,147] {dagbag.py:500} INFO - Filling up the DagBag from /opt/airflow/dags/my_dag.py
[2022-02-13 00:24:06,408] {processor.py:654} INFO - DAG(s) dict_keys(['my_dag']) retrieved from /opt/airflow/dags/my_dag.py
[2022-02-13 00:24:06,467] {logging_mixin.py:109} INFO - [2022-02-13 00:24:06,466] {dag.py:2396} INFO - Sync 1 DAGs
[2022-02-13 00:24:06,577] {logging_mixin.py:109} INFO - [2022-02-13 00:24:06,577] {dag.py:2935} INFO - Setting next_dagrun for my_dag to 2022-02-13T00:00:00+00:00
[2022-02-13 00:24:06,647] {processor.py:171} INFO - Processing /opt/airflow/dags/my_dag.py took 0.554 seconds
[2022-02-13 00:24:36,884] {processor.py:163} INFO - Started process (PID=6307) to work on /opt/airflow/dags/my_dag.py
[2022-02-13 00:24:36,886] {processor.py:642} INFO - Processing file /opt/airflow/dags/my_dag.py for tasks to queue
[2022-02-13 00:24:36,888] {logging_mixin.py:109} INFO - [2022-02-13 00:24:36,887] {dagbag.py:500} INFO - Filling up the DagBag from /opt/airflow/dags/my_dag.py
[2022-02-13 00:24:37,003] {processor.py:654} INFO - DAG(s) dict_keys(['my_dag']) retrieved from /opt/airflow/dags/my_dag.py
[2022-02-13 00:24:37,035] {logging_mixin.py:109} INFO - [2022-02-13 00:24:37,034] {dag.py:2396} INFO - Sync 1 DAGs
[2022-02-13 00:24:37,114] {logging_mixin.py:109} INFO - [2022-02-13 00:24:37,114] {dag.py:2935} INFO - Setting next_dagrun for my_dag to 2022-02-13T00:00:00+00:00
[2022-02-13 00:24:37,153] {processor.py:171} INFO - Processing /opt/airflow/dags/my_dag.py took 0.281 seconds
[2022-02-13 00:25:07,969] {processor.py:163} INFO - Started process (PID=6353) to work on /opt/airflow/dags/my_dag.py
[2022-02-13 00:25:07,971] {processor.py:642} INFO - Processing file /opt/airflow/dags/my_dag.py for tasks to queue
[2022-02-13 00:25:07,972] {logging_mixin.py:109} INFO - [2022-02-13 00:25:07,972] {dagbag.py:500} INFO - Filling up the DagBag from /opt/airflow/dags/my_dag.py
[2022-02-13 00:25:08,024] {processor.py:654} INFO - DAG(s) dict_keys(['my_dag']) retrieved from /opt/airflow/dags/my_dag.py
[2022-02-13 00:25:08,041] {logging_mixin.py:109} INFO - [2022-02-13 00:25:08,041] {dag.py:2396} INFO - Sync 1 DAGs
[2022-02-13 00:25:08,079] {logging_mixin.py:109} INFO - [2022-02-13 00:25:08,079] {dag.py:2935} INFO - Setting next_dagrun for my_dag to 2022-02-13T00:00:00+00:00
[2022-02-13 00:25:08,103] {processor.py:171} INFO - Processing /opt/airflow/dags/my_dag.py took 0.137 seconds
[2022-02-13 00:25:38,153] {processor.py:163} INFO - Started process (PID=6406) to work on /opt/airflow/dags/my_dag.py
[2022-02-13 00:25:38,155] {processor.py:642} INFO - Processing file /opt/airflow/dags/my_dag.py for tasks to queue
[2022-02-13 00:25:38,156] {logging_mixin.py:109} INFO - [2022-02-13 00:25:38,156] {dagbag.py:500} INFO - Filling up the DagBag from /opt/airflow/dags/my_dag.py
[2022-02-13 00:25:38,257] {processor.py:654} INFO - DAG(s) dict_keys(['my_dag']) retrieved from /opt/airflow/dags/my_dag.py
[2022-02-13 00:25:38,299] {logging_mixin.py:109} INFO - [2022-02-13 00:25:38,299] {dag.py:2396} INFO - Sync 1 DAGs
[2022-02-13 00:25:38,357] {logging_mixin.py:109} INFO - [2022-02-13 00:25:38,357] {dag.py:2935} INFO - Setting next_dagrun for my_dag to 2022-02-13T00:00:00+00:00
[2022-02-13 00:25:38,398] {processor.py:171} INFO - Processing /opt/airflow/dags/my_dag.py took 0.249 seconds
[2022-02-13 00:26:09,364] {processor.py:163} INFO - Started process (PID=6449) to work on /opt/airflow/dags/my_dag.py
[2022-02-13 00:26:09,366] {processor.py:642} INFO - Processing file /opt/airflow/dags/my_dag.py for tasks to queue
[2022-02-13 00:26:09,367] {logging_mixin.py:109} INFO - [2022-02-13 00:26:09,367] {dagbag.py:500} INFO - Filling up the DagBag from /opt/airflow/dags/my_dag.py
[2022-02-13 00:26:09,430] {processor.py:654} INFO - DAG(s) dict_keys(['my_dag']) retrieved from /opt/airflow/dags/my_dag.py
[2022-02-13 00:26:09,452] {logging_mixin.py:109} INFO - [2022-02-13 00:26:09,452] {dag.py:2396} INFO - Sync 1 DAGs
[2022-02-13 00:26:09,488] {logging_mixin.py:109} INFO - [2022-02-13 00:26:09,487] {dag.py:2935} INFO - Setting next_dagrun for my_dag to 2022-02-13T00:00:00+00:00
[2022-02-13 00:26:09,505] {processor.py:171} INFO - Processing /opt/airflow/dags/my_dag.py took 0.147 seconds
[2022-02-13 00:26:39,555] {processor.py:163} INFO - Started process (PID=6501) to work on /opt/airflow/dags/my_dag.py
[2022-02-13 00:26:39,557] {processor.py:642} INFO - Processing file /opt/airflow/dags/my_dag.py for tasks to queue
[2022-02-13 00:26:39,559] {logging_mixin.py:109} INFO - [2022-02-13 00:26:39,558] {dagbag.py:500} INFO - Filling up the DagBag from /opt/airflow/dags/my_dag.py
[2022-02-13 00:26:39,610] {processor.py:654} INFO - DAG(s) dict_keys(['my_dag']) retrieved from /opt/airflow/dags/my_dag.py
[2022-02-13 00:26:39,628] {logging_mixin.py:109} INFO - [2022-02-13 00:26:39,628] {dag.py:2396} INFO - Sync 1 DAGs
[2022-02-13 00:26:39,665] {logging_mixin.py:109} INFO - [2022-02-13 00:26:39,665] {dag.py:2935} INFO - Setting next_dagrun for my_dag to 2022-02-13T00:00:00+00:00
[2022-02-13 00:26:39,688] {processor.py:171} INFO - Processing /opt/airflow/dags/my_dag.py took 0.137 seconds
[2022-02-13 00:27:10,097] {processor.py:163} INFO - Started process (PID=6552) to work on /opt/airflow/dags/my_dag.py
[2022-02-13 00:27:10,107] {processor.py:642} INFO - Processing file /opt/airflow/dags/my_dag.py for tasks to queue
[2022-02-13 00:27:10,110] {logging_mixin.py:109} INFO - [2022-02-13 00:27:10,109] {dagbag.py:500} INFO - Filling up the DagBag from /opt/airflow/dags/my_dag.py
[2022-02-13 00:27:10,223] {processor.py:654} INFO - DAG(s) dict_keys(['my_dag']) retrieved from /opt/airflow/dags/my_dag.py
[2022-02-13 00:27:10,264] {logging_mixin.py:109} INFO - [2022-02-13 00:27:10,263] {dag.py:2396} INFO - Sync 1 DAGs
[2022-02-13 00:27:10,338] {logging_mixin.py:109} INFO - [2022-02-13 00:27:10,338] {dag.py:2935} INFO - Setting next_dagrun for my_dag to 2022-02-13T00:00:00+00:00
[2022-02-13 00:27:10,377] {processor.py:171} INFO - Processing /opt/airflow/dags/my_dag.py took 0.297 seconds
[2022-02-13 00:27:40,768] {processor.py:163} INFO - Started process (PID=6595) to work on /opt/airflow/dags/my_dag.py
[2022-02-13 00:27:40,770] {processor.py:642} INFO - Processing file /opt/airflow/dags/my_dag.py for tasks to queue
[2022-02-13 00:27:40,775] {logging_mixin.py:109} INFO - [2022-02-13 00:27:40,774] {dagbag.py:500} INFO - Filling up the DagBag from /opt/airflow/dags/my_dag.py
[2022-02-13 00:27:40,844] {processor.py:654} INFO - DAG(s) dict_keys(['my_dag']) retrieved from /opt/airflow/dags/my_dag.py
[2022-02-13 00:27:40,868] {logging_mixin.py:109} INFO - [2022-02-13 00:27:40,868] {dag.py:2396} INFO - Sync 1 DAGs
[2022-02-13 00:27:40,917] {logging_mixin.py:109} INFO - [2022-02-13 00:27:40,917] {dag.py:2935} INFO - Setting next_dagrun for my_dag to 2022-02-13T00:00:00+00:00
[2022-02-13 00:27:40,937] {processor.py:171} INFO - Processing /opt/airflow/dags/my_dag.py took 0.174 seconds
[2022-02-13 00:28:11,141] {processor.py:163} INFO - Started process (PID=6647) to work on /opt/airflow/dags/my_dag.py
[2022-02-13 00:28:11,146] {processor.py:642} INFO - Processing file /opt/airflow/dags/my_dag.py for tasks to queue
[2022-02-13 00:28:11,148] {logging_mixin.py:109} INFO - [2022-02-13 00:28:11,147] {dagbag.py:500} INFO - Filling up the DagBag from /opt/airflow/dags/my_dag.py
[2022-02-13 00:28:11,204] {processor.py:654} INFO - DAG(s) dict_keys(['my_dag']) retrieved from /opt/airflow/dags/my_dag.py
[2022-02-13 00:28:11,229] {logging_mixin.py:109} INFO - [2022-02-13 00:28:11,229] {dag.py:2396} INFO - Sync 1 DAGs
[2022-02-13 00:28:11,262] {logging_mixin.py:109} INFO - [2022-02-13 00:28:11,262] {dag.py:2935} INFO - Setting next_dagrun for my_dag to 2022-02-13T00:00:00+00:00
[2022-02-13 00:28:11,285] {processor.py:171} INFO - Processing /opt/airflow/dags/my_dag.py took 0.149 seconds
[2022-02-13 00:28:41,360] {processor.py:163} INFO - Started process (PID=6700) to work on /opt/airflow/dags/my_dag.py
[2022-02-13 00:28:41,363] {processor.py:642} INFO - Processing file /opt/airflow/dags/my_dag.py for tasks to queue
[2022-02-13 00:28:41,364] {logging_mixin.py:109} INFO - [2022-02-13 00:28:41,363] {dagbag.py:500} INFO - Filling up the DagBag from /opt/airflow/dags/my_dag.py
[2022-02-13 00:28:41,423] {processor.py:654} INFO - DAG(s) dict_keys(['my_dag']) retrieved from /opt/airflow/dags/my_dag.py
[2022-02-13 00:28:41,445] {logging_mixin.py:109} INFO - [2022-02-13 00:28:41,445] {dag.py:2396} INFO - Sync 1 DAGs
[2022-02-13 00:28:41,489] {logging_mixin.py:109} INFO - [2022-02-13 00:28:41,489] {dag.py:2935} INFO - Setting next_dagrun for my_dag to 2022-02-13T00:00:00+00:00
[2022-02-13 00:28:41,510] {processor.py:171} INFO - Processing /opt/airflow/dags/my_dag.py took 0.155 seconds
[2022-02-13 00:29:11,712] {processor.py:163} INFO - Started process (PID=6753) to work on /opt/airflow/dags/my_dag.py
[2022-02-13 00:29:11,717] {processor.py:642} INFO - Processing file /opt/airflow/dags/my_dag.py for tasks to queue
[2022-02-13 00:29:11,719] {logging_mixin.py:109} INFO - [2022-02-13 00:29:11,719] {dagbag.py:500} INFO - Filling up the DagBag from /opt/airflow/dags/my_dag.py
[2022-02-13 00:29:11,815] {processor.py:654} INFO - DAG(s) dict_keys(['my_dag']) retrieved from /opt/airflow/dags/my_dag.py
[2022-02-13 00:29:11,855] {logging_mixin.py:109} INFO - [2022-02-13 00:29:11,854] {dag.py:2396} INFO - Sync 1 DAGs
[2022-02-13 00:29:11,917] {logging_mixin.py:109} INFO - [2022-02-13 00:29:11,917] {dag.py:2935} INFO - Setting next_dagrun for my_dag to 2022-02-13T00:00:00+00:00
[2022-02-13 00:29:11,939] {processor.py:171} INFO - Processing /opt/airflow/dags/my_dag.py took 0.232 seconds
[2022-02-13 00:29:42,024] {processor.py:163} INFO - Started process (PID=6796) to work on /opt/airflow/dags/my_dag.py
[2022-02-13 00:29:42,040] {processor.py:642} INFO - Processing file /opt/airflow/dags/my_dag.py for tasks to queue
[2022-02-13 00:29:42,042] {logging_mixin.py:109} INFO - [2022-02-13 00:29:42,041] {dagbag.py:500} INFO - Filling up the DagBag from /opt/airflow/dags/my_dag.py
[2022-02-13 00:29:42,204] {processor.py:654} INFO - DAG(s) dict_keys(['my_dag']) retrieved from /opt/airflow/dags/my_dag.py
[2022-02-13 00:29:42,253] {logging_mixin.py:109} INFO - [2022-02-13 00:29:42,253] {dag.py:2396} INFO - Sync 1 DAGs
[2022-02-13 00:29:42,422] {logging_mixin.py:109} INFO - [2022-02-13 00:29:42,421] {dag.py:2935} INFO - Setting next_dagrun for my_dag to 2022-02-13T00:00:00+00:00
[2022-02-13 00:29:42,532] {processor.py:171} INFO - Processing /opt/airflow/dags/my_dag.py took 0.527 seconds
[2022-02-13 00:30:12,658] {processor.py:163} INFO - Started process (PID=6849) to work on /opt/airflow/dags/my_dag.py
[2022-02-13 00:30:12,661] {processor.py:642} INFO - Processing file /opt/airflow/dags/my_dag.py for tasks to queue
[2022-02-13 00:30:12,663] {logging_mixin.py:109} INFO - [2022-02-13 00:30:12,662] {dagbag.py:500} INFO - Filling up the DagBag from /opt/airflow/dags/my_dag.py
[2022-02-13 00:30:12,782] {processor.py:654} INFO - DAG(s) dict_keys(['my_dag']) retrieved from /opt/airflow/dags/my_dag.py
[2022-02-13 00:30:12,840] {logging_mixin.py:109} INFO - [2022-02-13 00:30:12,840] {dag.py:2396} INFO - Sync 1 DAGs
[2022-02-13 00:30:12,931] {logging_mixin.py:109} INFO - [2022-02-13 00:30:12,930] {dag.py:2935} INFO - Setting next_dagrun for my_dag to 2022-02-13T00:00:00+00:00
[2022-02-13 00:30:12,989] {processor.py:171} INFO - Processing /opt/airflow/dags/my_dag.py took 0.337 seconds
[2022-02-13 00:30:43,048] {processor.py:163} INFO - Started process (PID=6891) to work on /opt/airflow/dags/my_dag.py
[2022-02-13 00:30:43,052] {processor.py:642} INFO - Processing file /opt/airflow/dags/my_dag.py for tasks to queue
[2022-02-13 00:30:43,053] {logging_mixin.py:109} INFO - [2022-02-13 00:30:43,053] {dagbag.py:500} INFO - Filling up the DagBag from /opt/airflow/dags/my_dag.py
[2022-02-13 00:30:43,113] {processor.py:654} INFO - DAG(s) dict_keys(['my_dag']) retrieved from /opt/airflow/dags/my_dag.py
[2022-02-13 00:30:43,132] {logging_mixin.py:109} INFO - [2022-02-13 00:30:43,132] {dag.py:2396} INFO - Sync 1 DAGs
[2022-02-13 00:30:43,180] {logging_mixin.py:109} INFO - [2022-02-13 00:30:43,180] {dag.py:2935} INFO - Setting next_dagrun for my_dag to 2022-02-13T00:00:00+00:00
[2022-02-13 00:30:43,200] {processor.py:171} INFO - Processing /opt/airflow/dags/my_dag.py took 0.157 seconds
[2022-02-13 00:31:13,415] {processor.py:163} INFO - Started process (PID=6943) to work on /opt/airflow/dags/my_dag.py
[2022-02-13 00:31:13,417] {processor.py:642} INFO - Processing file /opt/airflow/dags/my_dag.py for tasks to queue
[2022-02-13 00:31:13,419] {logging_mixin.py:109} INFO - [2022-02-13 00:31:13,418] {dagbag.py:500} INFO - Filling up the DagBag from /opt/airflow/dags/my_dag.py
[2022-02-13 00:31:13,504] {processor.py:654} INFO - DAG(s) dict_keys(['my_dag']) retrieved from /opt/airflow/dags/my_dag.py
[2022-02-13 00:31:13,564] {logging_mixin.py:109} INFO - [2022-02-13 00:31:13,564] {dag.py:2396} INFO - Sync 1 DAGs
[2022-02-13 00:31:13,655] {logging_mixin.py:109} INFO - [2022-02-13 00:31:13,655] {dag.py:2935} INFO - Setting next_dagrun for my_dag to 2022-02-13T00:00:00+00:00
[2022-02-13 00:31:13,716] {processor.py:171} INFO - Processing /opt/airflow/dags/my_dag.py took 0.308 seconds
[2022-02-13 00:31:44,206] {processor.py:163} INFO - Started process (PID=6994) to work on /opt/airflow/dags/my_dag.py
[2022-02-13 00:31:44,210] {processor.py:642} INFO - Processing file /opt/airflow/dags/my_dag.py for tasks to queue
[2022-02-13 00:31:44,211] {logging_mixin.py:109} INFO - [2022-02-13 00:31:44,211] {dagbag.py:500} INFO - Filling up the DagBag from /opt/airflow/dags/my_dag.py
[2022-02-13 00:31:44,319] {processor.py:654} INFO - DAG(s) dict_keys(['my_dag']) retrieved from /opt/airflow/dags/my_dag.py
[2022-02-13 00:31:44,364] {logging_mixin.py:109} INFO - [2022-02-13 00:31:44,364] {dag.py:2396} INFO - Sync 1 DAGs
[2022-02-13 00:31:44,436] {logging_mixin.py:109} INFO - [2022-02-13 00:31:44,436] {dag.py:2935} INFO - Setting next_dagrun for my_dag to 2022-02-13T00:00:00+00:00
[2022-02-13 00:31:44,469] {processor.py:171} INFO - Processing /opt/airflow/dags/my_dag.py took 0.274 seconds
[2022-02-13 00:32:14,540] {processor.py:163} INFO - Started process (PID=7037) to work on /opt/airflow/dags/my_dag.py
[2022-02-13 00:32:14,543] {processor.py:642} INFO - Processing file /opt/airflow/dags/my_dag.py for tasks to queue
[2022-02-13 00:32:14,544] {logging_mixin.py:109} INFO - [2022-02-13 00:32:14,544] {dagbag.py:500} INFO - Filling up the DagBag from /opt/airflow/dags/my_dag.py
[2022-02-13 00:32:14,610] {processor.py:654} INFO - DAG(s) dict_keys(['my_dag']) retrieved from /opt/airflow/dags/my_dag.py
[2022-02-13 00:32:14,634] {logging_mixin.py:109} INFO - [2022-02-13 00:32:14,634] {dag.py:2396} INFO - Sync 1 DAGs
[2022-02-13 00:32:14,667] {logging_mixin.py:109} INFO - [2022-02-13 00:32:14,667] {dag.py:2935} INFO - Setting next_dagrun for my_dag to 2022-02-13T00:00:00+00:00
[2022-02-13 00:32:14,689] {processor.py:171} INFO - Processing /opt/airflow/dags/my_dag.py took 0.155 seconds
[2022-02-13 00:32:45,128] {processor.py:163} INFO - Started process (PID=7088) to work on /opt/airflow/dags/my_dag.py
[2022-02-13 00:32:45,130] {processor.py:642} INFO - Processing file /opt/airflow/dags/my_dag.py for tasks to queue
[2022-02-13 00:32:45,132] {logging_mixin.py:109} INFO - [2022-02-13 00:32:45,131] {dagbag.py:500} INFO - Filling up the DagBag from /opt/airflow/dags/my_dag.py
[2022-02-13 00:32:45,198] {processor.py:654} INFO - DAG(s) dict_keys(['my_dag']) retrieved from /opt/airflow/dags/my_dag.py
[2022-02-13 00:32:45,223] {logging_mixin.py:109} INFO - [2022-02-13 00:32:45,223] {dag.py:2396} INFO - Sync 1 DAGs
[2022-02-13 00:32:45,266] {logging_mixin.py:109} INFO - [2022-02-13 00:32:45,265] {dag.py:2935} INFO - Setting next_dagrun for my_dag to 2022-02-13T00:00:00+00:00
[2022-02-13 00:32:45,305] {processor.py:171} INFO - Processing /opt/airflow/dags/my_dag.py took 0.187 seconds
[2022-02-13 00:33:16,059] {processor.py:163} INFO - Started process (PID=7140) to work on /opt/airflow/dags/my_dag.py
[2022-02-13 00:33:16,063] {processor.py:642} INFO - Processing file /opt/airflow/dags/my_dag.py for tasks to queue
[2022-02-13 00:33:16,064] {logging_mixin.py:109} INFO - [2022-02-13 00:33:16,064] {dagbag.py:500} INFO - Filling up the DagBag from /opt/airflow/dags/my_dag.py
[2022-02-13 00:33:16,131] {processor.py:654} INFO - DAG(s) dict_keys(['my_dag']) retrieved from /opt/airflow/dags/my_dag.py
[2022-02-13 00:33:16,160] {logging_mixin.py:109} INFO - [2022-02-13 00:33:16,160] {dag.py:2396} INFO - Sync 1 DAGs
[2022-02-13 00:33:16,215] {logging_mixin.py:109} INFO - [2022-02-13 00:33:16,214] {dag.py:2935} INFO - Setting next_dagrun for my_dag to 2022-02-13T00:00:00+00:00
[2022-02-13 00:33:16,244] {processor.py:171} INFO - Processing /opt/airflow/dags/my_dag.py took 0.190 seconds
[2022-02-13 00:33:46,394] {processor.py:163} INFO - Started process (PID=7182) to work on /opt/airflow/dags/my_dag.py
[2022-02-13 00:33:46,397] {processor.py:642} INFO - Processing file /opt/airflow/dags/my_dag.py for tasks to queue
[2022-02-13 00:33:46,405] {logging_mixin.py:109} INFO - [2022-02-13 00:33:46,404] {dagbag.py:500} INFO - Filling up the DagBag from /opt/airflow/dags/my_dag.py
[2022-02-13 00:33:46,479] {processor.py:654} INFO - DAG(s) dict_keys(['my_dag']) retrieved from /opt/airflow/dags/my_dag.py
[2022-02-13 00:33:46,509] {logging_mixin.py:109} INFO - [2022-02-13 00:33:46,509] {dag.py:2396} INFO - Sync 1 DAGs
[2022-02-13 00:33:46,546] {logging_mixin.py:109} INFO - [2022-02-13 00:33:46,546] {dag.py:2935} INFO - Setting next_dagrun for my_dag to 2022-02-13T00:00:00+00:00
[2022-02-13 00:33:46,572] {processor.py:171} INFO - Processing /opt/airflow/dags/my_dag.py took 0.183 seconds
[2022-02-13 00:34:16,743] {processor.py:163} INFO - Started process (PID=7234) to work on /opt/airflow/dags/my_dag.py
[2022-02-13 00:34:16,746] {processor.py:642} INFO - Processing file /opt/airflow/dags/my_dag.py for tasks to queue
[2022-02-13 00:34:16,748] {logging_mixin.py:109} INFO - [2022-02-13 00:34:16,748] {dagbag.py:500} INFO - Filling up the DagBag from /opt/airflow/dags/my_dag.py
[2022-02-13 00:34:16,831] {processor.py:654} INFO - DAG(s) dict_keys(['my_dag']) retrieved from /opt/airflow/dags/my_dag.py
[2022-02-13 00:34:16,858] {logging_mixin.py:109} INFO - [2022-02-13 00:34:16,858] {dag.py:2396} INFO - Sync 1 DAGs
[2022-02-13 00:34:16,933] {logging_mixin.py:109} INFO - [2022-02-13 00:34:16,933] {dag.py:2935} INFO - Setting next_dagrun for my_dag to 2022-02-13T00:00:00+00:00
[2022-02-13 00:34:16,993] {processor.py:171} INFO - Processing /opt/airflow/dags/my_dag.py took 0.257 seconds
[2022-02-13 00:34:47,775] {processor.py:163} INFO - Started process (PID=7285) to work on /opt/airflow/dags/my_dag.py
[2022-02-13 00:34:47,779] {processor.py:642} INFO - Processing file /opt/airflow/dags/my_dag.py for tasks to queue
[2022-02-13 00:34:47,780] {logging_mixin.py:109} INFO - [2022-02-13 00:34:47,780] {dagbag.py:500} INFO - Filling up the DagBag from /opt/airflow/dags/my_dag.py
[2022-02-13 00:34:47,900] {processor.py:654} INFO - DAG(s) dict_keys(['my_dag']) retrieved from /opt/airflow/dags/my_dag.py
[2022-02-13 00:34:47,946] {logging_mixin.py:109} INFO - [2022-02-13 00:34:47,943] {dag.py:2396} INFO - Sync 1 DAGs
[2022-02-13 00:34:48,020] {logging_mixin.py:109} INFO - [2022-02-13 00:34:48,019] {dag.py:2935} INFO - Setting next_dagrun for my_dag to 2022-02-13T00:00:00+00:00
[2022-02-13 00:34:48,095] {processor.py:171} INFO - Processing /opt/airflow/dags/my_dag.py took 0.325 seconds
[2022-02-13 00:35:18,987] {processor.py:163} INFO - Started process (PID=7335) to work on /opt/airflow/dags/my_dag.py
[2022-02-13 00:35:18,989] {processor.py:642} INFO - Processing file /opt/airflow/dags/my_dag.py for tasks to queue
[2022-02-13 00:35:18,990] {logging_mixin.py:109} INFO - [2022-02-13 00:35:18,990] {dagbag.py:500} INFO - Filling up the DagBag from /opt/airflow/dags/my_dag.py
[2022-02-13 00:35:19,078] {processor.py:654} INFO - DAG(s) dict_keys(['my_dag']) retrieved from /opt/airflow/dags/my_dag.py
[2022-02-13 00:35:19,111] {logging_mixin.py:109} INFO - [2022-02-13 00:35:19,109] {dag.py:2396} INFO - Sync 1 DAGs
[2022-02-13 00:35:19,176] {logging_mixin.py:109} INFO - [2022-02-13 00:35:19,176] {dag.py:2935} INFO - Setting next_dagrun for my_dag to 2022-02-13T00:00:00+00:00
[2022-02-13 00:35:19,205] {processor.py:171} INFO - Processing /opt/airflow/dags/my_dag.py took 0.225 seconds
[2022-02-13 00:35:49,425] {processor.py:163} INFO - Started process (PID=7377) to work on /opt/airflow/dags/my_dag.py
[2022-02-13 00:35:49,435] {processor.py:642} INFO - Processing file /opt/airflow/dags/my_dag.py for tasks to queue
[2022-02-13 00:35:49,436] {logging_mixin.py:109} INFO - [2022-02-13 00:35:49,436] {dagbag.py:500} INFO - Filling up the DagBag from /opt/airflow/dags/my_dag.py
[2022-02-13 00:35:49,504] {processor.py:654} INFO - DAG(s) dict_keys(['my_dag']) retrieved from /opt/airflow/dags/my_dag.py
[2022-02-13 00:35:49,524] {logging_mixin.py:109} INFO - [2022-02-13 00:35:49,523] {dag.py:2396} INFO - Sync 1 DAGs
[2022-02-13 00:35:49,563] {logging_mixin.py:109} INFO - [2022-02-13 00:35:49,563] {dag.py:2935} INFO - Setting next_dagrun for my_dag to 2022-02-13T00:00:00+00:00
[2022-02-13 00:35:49,580] {processor.py:171} INFO - Processing /opt/airflow/dags/my_dag.py took 0.167 seconds
[2022-02-13 00:36:19,753] {processor.py:163} INFO - Started process (PID=7429) to work on /opt/airflow/dags/my_dag.py
[2022-02-13 00:36:19,755] {processor.py:642} INFO - Processing file /opt/airflow/dags/my_dag.py for tasks to queue
[2022-02-13 00:36:19,757] {logging_mixin.py:109} INFO - [2022-02-13 00:36:19,756] {dagbag.py:500} INFO - Filling up the DagBag from /opt/airflow/dags/my_dag.py
[2022-02-13 00:36:19,895] {processor.py:654} INFO - DAG(s) dict_keys(['my_dag']) retrieved from /opt/airflow/dags/my_dag.py
[2022-02-13 00:36:19,978] {logging_mixin.py:109} INFO - [2022-02-13 00:36:19,978] {dag.py:2396} INFO - Sync 1 DAGs
[2022-02-13 00:36:20,125] {logging_mixin.py:109} INFO - [2022-02-13 00:36:20,124] {dag.py:2935} INFO - Setting next_dagrun for my_dag to 2022-02-13T00:00:00+00:00
[2022-02-13 00:36:20,194] {processor.py:171} INFO - Processing /opt/airflow/dags/my_dag.py took 0.456 seconds
[2022-02-13 00:36:50,719] {processor.py:163} INFO - Started process (PID=7472) to work on /opt/airflow/dags/my_dag.py
[2022-02-13 00:36:50,722] {processor.py:642} INFO - Processing file /opt/airflow/dags/my_dag.py for tasks to queue
[2022-02-13 00:36:50,724] {logging_mixin.py:109} INFO - [2022-02-13 00:36:50,723] {dagbag.py:500} INFO - Filling up the DagBag from /opt/airflow/dags/my_dag.py
[2022-02-13 00:36:50,816] {processor.py:654} INFO - DAG(s) dict_keys(['my_dag']) retrieved from /opt/airflow/dags/my_dag.py
[2022-02-13 00:36:50,849] {logging_mixin.py:109} INFO - [2022-02-13 00:36:50,849] {dag.py:2396} INFO - Sync 1 DAGs
[2022-02-13 00:36:50,907] {logging_mixin.py:109} INFO - [2022-02-13 00:36:50,906] {dag.py:2935} INFO - Setting next_dagrun for my_dag to 2022-02-13T00:00:00+00:00
[2022-02-13 00:36:50,933] {processor.py:171} INFO - Processing /opt/airflow/dags/my_dag.py took 0.223 seconds
[2022-02-13 00:37:21,530] {processor.py:163} INFO - Started process (PID=7525) to work on /opt/airflow/dags/my_dag.py
[2022-02-13 00:37:21,533] {processor.py:642} INFO - Processing file /opt/airflow/dags/my_dag.py for tasks to queue
[2022-02-13 00:37:21,534] {logging_mixin.py:109} INFO - [2022-02-13 00:37:21,533] {dagbag.py:500} INFO - Filling up the DagBag from /opt/airflow/dags/my_dag.py
[2022-02-13 00:37:21,639] {processor.py:654} INFO - DAG(s) dict_keys(['my_dag']) retrieved from /opt/airflow/dags/my_dag.py
[2022-02-13 00:37:21,668] {logging_mixin.py:109} INFO - [2022-02-13 00:37:21,668] {dag.py:2396} INFO - Sync 1 DAGs
[2022-02-13 00:37:21,715] {logging_mixin.py:109} INFO - [2022-02-13 00:37:21,715] {dag.py:2935} INFO - Setting next_dagrun for my_dag to 2022-02-13T00:00:00+00:00
[2022-02-13 00:37:21,739] {processor.py:171} INFO - Processing /opt/airflow/dags/my_dag.py took 0.219 seconds
[2022-02-13 00:37:51,999] {processor.py:163} INFO - Started process (PID=7577) to work on /opt/airflow/dags/my_dag.py
[2022-02-13 00:37:52,011] {processor.py:642} INFO - Processing file /opt/airflow/dags/my_dag.py for tasks to queue
[2022-02-13 00:37:52,012] {logging_mixin.py:109} INFO - [2022-02-13 00:37:52,012] {dagbag.py:500} INFO - Filling up the DagBag from /opt/airflow/dags/my_dag.py
[2022-02-13 00:37:52,095] {processor.py:654} INFO - DAG(s) dict_keys(['my_dag']) retrieved from /opt/airflow/dags/my_dag.py
[2022-02-13 00:37:52,135] {logging_mixin.py:109} INFO - [2022-02-13 00:37:52,135] {dag.py:2396} INFO - Sync 1 DAGs
[2022-02-13 00:37:52,197] {logging_mixin.py:109} INFO - [2022-02-13 00:37:52,197] {dag.py:2935} INFO - Setting next_dagrun for my_dag to 2022-02-13T00:00:00+00:00
[2022-02-13 00:37:52,224] {processor.py:171} INFO - Processing /opt/airflow/dags/my_dag.py took 0.233 seconds
[2022-02-13 00:38:22,275] {processor.py:163} INFO - Started process (PID=7620) to work on /opt/airflow/dags/my_dag.py
[2022-02-13 00:38:22,284] {processor.py:642} INFO - Processing file /opt/airflow/dags/my_dag.py for tasks to queue
[2022-02-13 00:38:22,285] {logging_mixin.py:109} INFO - [2022-02-13 00:38:22,285] {dagbag.py:500} INFO - Filling up the DagBag from /opt/airflow/dags/my_dag.py
[2022-02-13 00:38:22,342] {processor.py:654} INFO - DAG(s) dict_keys(['my_dag']) retrieved from /opt/airflow/dags/my_dag.py
[2022-02-13 00:38:22,377] {logging_mixin.py:109} INFO - [2022-02-13 00:38:22,377] {dag.py:2396} INFO - Sync 1 DAGs
[2022-02-13 00:38:22,419] {logging_mixin.py:109} INFO - [2022-02-13 00:38:22,419] {dag.py:2935} INFO - Setting next_dagrun for my_dag to 2022-02-13T00:00:00+00:00
[2022-02-13 00:38:22,442] {processor.py:171} INFO - Processing /opt/airflow/dags/my_dag.py took 0.171 seconds
[2022-02-13 00:38:52,494] {processor.py:163} INFO - Started process (PID=7672) to work on /opt/airflow/dags/my_dag.py
[2022-02-13 00:38:52,498] {processor.py:642} INFO - Processing file /opt/airflow/dags/my_dag.py for tasks to queue
[2022-02-13 00:38:52,500] {logging_mixin.py:109} INFO - [2022-02-13 00:38:52,499] {dagbag.py:500} INFO - Filling up the DagBag from /opt/airflow/dags/my_dag.py
[2022-02-13 00:38:52,559] {processor.py:654} INFO - DAG(s) dict_keys(['my_dag']) retrieved from /opt/airflow/dags/my_dag.py
[2022-02-13 00:38:52,586] {logging_mixin.py:109} INFO - [2022-02-13 00:38:52,586] {dag.py:2396} INFO - Sync 1 DAGs
[2022-02-13 00:38:52,624] {logging_mixin.py:109} INFO - [2022-02-13 00:38:52,624] {dag.py:2935} INFO - Setting next_dagrun for my_dag to 2022-02-13T00:00:00+00:00
[2022-02-13 00:38:52,642] {processor.py:171} INFO - Processing /opt/airflow/dags/my_dag.py took 0.154 seconds
[2022-02-13 00:39:22,740] {processor.py:163} INFO - Started process (PID=7724) to work on /opt/airflow/dags/my_dag.py
[2022-02-13 00:39:22,742] {processor.py:642} INFO - Processing file /opt/airflow/dags/my_dag.py for tasks to queue
[2022-02-13 00:39:22,743] {logging_mixin.py:109} INFO - [2022-02-13 00:39:22,743] {dagbag.py:500} INFO - Filling up the DagBag from /opt/airflow/dags/my_dag.py
[2022-02-13 00:39:22,844] {processor.py:654} INFO - DAG(s) dict_keys(['my_dag']) retrieved from /opt/airflow/dags/my_dag.py
[2022-02-13 00:39:22,889] {logging_mixin.py:109} INFO - [2022-02-13 00:39:22,889] {dag.py:2396} INFO - Sync 1 DAGs
[2022-02-13 00:39:22,938] {logging_mixin.py:109} INFO - [2022-02-13 00:39:22,938] {dag.py:2935} INFO - Setting next_dagrun for my_dag to 2022-02-13T00:00:00+00:00
[2022-02-13 00:39:22,961] {processor.py:171} INFO - Processing /opt/airflow/dags/my_dag.py took 0.226 seconds
[2022-02-13 00:39:53,215] {processor.py:163} INFO - Started process (PID=7775) to work on /opt/airflow/dags/my_dag.py
[2022-02-13 00:39:53,217] {processor.py:642} INFO - Processing file /opt/airflow/dags/my_dag.py for tasks to queue
[2022-02-13 00:39:53,218] {logging_mixin.py:109} INFO - [2022-02-13 00:39:53,218] {dagbag.py:500} INFO - Filling up the DagBag from /opt/airflow/dags/my_dag.py
[2022-02-13 00:39:53,302] {processor.py:654} INFO - DAG(s) dict_keys(['my_dag']) retrieved from /opt/airflow/dags/my_dag.py
[2022-02-13 00:39:53,337] {logging_mixin.py:109} INFO - [2022-02-13 00:39:53,337] {dag.py:2396} INFO - Sync 1 DAGs
[2022-02-13 00:39:53,381] {logging_mixin.py:109} INFO - [2022-02-13 00:39:53,381] {dag.py:2935} INFO - Setting next_dagrun for my_dag to 2022-02-13T00:00:00+00:00
[2022-02-13 00:39:53,401] {processor.py:171} INFO - Processing /opt/airflow/dags/my_dag.py took 0.193 seconds
[2022-02-13 00:40:24,231] {processor.py:163} INFO - Started process (PID=7825) to work on /opt/airflow/dags/my_dag.py
[2022-02-13 00:40:24,238] {processor.py:642} INFO - Processing file /opt/airflow/dags/my_dag.py for tasks to queue
[2022-02-13 00:40:24,239] {logging_mixin.py:109} INFO - [2022-02-13 00:40:24,239] {dagbag.py:500} INFO - Filling up the DagBag from /opt/airflow/dags/my_dag.py
[2022-02-13 00:40:24,379] {processor.py:654} INFO - DAG(s) dict_keys(['my_dag']) retrieved from /opt/airflow/dags/my_dag.py
[2022-02-13 00:40:24,438] {logging_mixin.py:109} INFO - [2022-02-13 00:40:24,438] {dag.py:2396} INFO - Sync 1 DAGs
[2022-02-13 00:40:24,538] {logging_mixin.py:109} INFO - [2022-02-13 00:40:24,538] {dag.py:2935} INFO - Setting next_dagrun for my_dag to 2022-02-13T00:00:00+00:00
[2022-02-13 00:40:24,569] {processor.py:171} INFO - Processing /opt/airflow/dags/my_dag.py took 0.354 seconds
[2022-02-13 00:40:55,387] {processor.py:163} INFO - Started process (PID=7870) to work on /opt/airflow/dags/my_dag.py
[2022-02-13 00:40:55,390] {processor.py:642} INFO - Processing file /opt/airflow/dags/my_dag.py for tasks to queue
[2022-02-13 00:40:55,392] {logging_mixin.py:109} INFO - [2022-02-13 00:40:55,391] {dagbag.py:500} INFO - Filling up the DagBag from /opt/airflow/dags/my_dag.py
[2022-02-13 00:40:55,494] {processor.py:654} INFO - DAG(s) dict_keys(['my_dag']) retrieved from /opt/airflow/dags/my_dag.py
[2022-02-13 00:40:55,526] {logging_mixin.py:109} INFO - [2022-02-13 00:40:55,525] {dag.py:2396} INFO - Sync 1 DAGs
[2022-02-13 00:40:55,572] {logging_mixin.py:109} INFO - [2022-02-13 00:40:55,572] {dag.py:2935} INFO - Setting next_dagrun for my_dag to 2022-02-13T00:00:00+00:00
[2022-02-13 00:40:55,609] {processor.py:171} INFO - Processing /opt/airflow/dags/my_dag.py took 0.235 seconds
[2022-02-13 00:41:26,180] {processor.py:163} INFO - Started process (PID=7923) to work on /opt/airflow/dags/my_dag.py
[2022-02-13 00:41:26,183] {processor.py:642} INFO - Processing file /opt/airflow/dags/my_dag.py for tasks to queue
[2022-02-13 00:41:26,184] {logging_mixin.py:109} INFO - [2022-02-13 00:41:26,183] {dagbag.py:500} INFO - Filling up the DagBag from /opt/airflow/dags/my_dag.py
[2022-02-13 00:41:26,265] {processor.py:654} INFO - DAG(s) dict_keys(['my_dag']) retrieved from /opt/airflow/dags/my_dag.py
[2022-02-13 00:41:26,307] {logging_mixin.py:109} INFO - [2022-02-13 00:41:26,307] {dag.py:2396} INFO - Sync 1 DAGs
[2022-02-13 00:41:26,378] {logging_mixin.py:109} INFO - [2022-02-13 00:41:26,378] {dag.py:2935} INFO - Setting next_dagrun for my_dag to 2022-02-13T00:00:00+00:00
[2022-02-13 00:41:26,419] {processor.py:171} INFO - Processing /opt/airflow/dags/my_dag.py took 0.245 seconds
[2022-02-13 00:41:56,564] {processor.py:163} INFO - Started process (PID=7974) to work on /opt/airflow/dags/my_dag.py
[2022-02-13 00:41:56,577] {processor.py:642} INFO - Processing file /opt/airflow/dags/my_dag.py for tasks to queue
[2022-02-13 00:41:56,578] {logging_mixin.py:109} INFO - [2022-02-13 00:41:56,578] {dagbag.py:500} INFO - Filling up the DagBag from /opt/airflow/dags/my_dag.py
[2022-02-13 00:41:56,677] {processor.py:654} INFO - DAG(s) dict_keys(['my_dag']) retrieved from /opt/airflow/dags/my_dag.py
[2022-02-13 00:41:56,725] {logging_mixin.py:109} INFO - [2022-02-13 00:41:56,725] {dag.py:2396} INFO - Sync 1 DAGs
[2022-02-13 00:41:56,769] {logging_mixin.py:109} INFO - [2022-02-13 00:41:56,769] {dag.py:2935} INFO - Setting next_dagrun for my_dag to 2022-02-13T00:00:00+00:00
[2022-02-13 00:41:56,793] {processor.py:171} INFO - Processing /opt/airflow/dags/my_dag.py took 0.247 seconds
[2022-02-13 00:42:27,278] {processor.py:163} INFO - Started process (PID=8017) to work on /opt/airflow/dags/my_dag.py
[2022-02-13 00:42:27,281] {processor.py:642} INFO - Processing file /opt/airflow/dags/my_dag.py for tasks to queue
[2022-02-13 00:42:27,282] {logging_mixin.py:109} INFO - [2022-02-13 00:42:27,282] {dagbag.py:500} INFO - Filling up the DagBag from /opt/airflow/dags/my_dag.py
[2022-02-13 00:42:27,335] {processor.py:654} INFO - DAG(s) dict_keys(['my_dag']) retrieved from /opt/airflow/dags/my_dag.py
[2022-02-13 00:42:27,358] {logging_mixin.py:109} INFO - [2022-02-13 00:42:27,358] {dag.py:2396} INFO - Sync 1 DAGs
[2022-02-13 00:42:27,391] {logging_mixin.py:109} INFO - [2022-02-13 00:42:27,391] {dag.py:2935} INFO - Setting next_dagrun for my_dag to 2022-02-13T00:00:00+00:00
[2022-02-13 00:42:27,408] {processor.py:171} INFO - Processing /opt/airflow/dags/my_dag.py took 0.134 seconds
[2022-02-13 00:42:57,721] {processor.py:163} INFO - Started process (PID=8070) to work on /opt/airflow/dags/my_dag.py
[2022-02-13 00:42:57,731] {processor.py:642} INFO - Processing file /opt/airflow/dags/my_dag.py for tasks to queue
[2022-02-13 00:42:57,732] {logging_mixin.py:109} INFO - [2022-02-13 00:42:57,732] {dagbag.py:500} INFO - Filling up the DagBag from /opt/airflow/dags/my_dag.py
[2022-02-13 00:42:57,803] {processor.py:654} INFO - DAG(s) dict_keys(['my_dag']) retrieved from /opt/airflow/dags/my_dag.py
[2022-02-13 00:42:57,823] {logging_mixin.py:109} INFO - [2022-02-13 00:42:57,823] {dag.py:2396} INFO - Sync 1 DAGs
[2022-02-13 00:42:57,862] {logging_mixin.py:109} INFO - [2022-02-13 00:42:57,862] {dag.py:2935} INFO - Setting next_dagrun for my_dag to 2022-02-13T00:00:00+00:00
[2022-02-13 00:42:57,889] {processor.py:171} INFO - Processing /opt/airflow/dags/my_dag.py took 0.171 seconds
[2022-02-13 00:43:28,359] {processor.py:163} INFO - Started process (PID=8123) to work on /opt/airflow/dags/my_dag.py
[2022-02-13 00:43:28,369] {processor.py:642} INFO - Processing file /opt/airflow/dags/my_dag.py for tasks to queue
[2022-02-13 00:43:28,372] {logging_mixin.py:109} INFO - [2022-02-13 00:43:28,371] {dagbag.py:500} INFO - Filling up the DagBag from /opt/airflow/dags/my_dag.py
[2022-02-13 00:43:28,454] {processor.py:654} INFO - DAG(s) dict_keys(['my_dag']) retrieved from /opt/airflow/dags/my_dag.py
[2022-02-13 00:43:28,479] {logging_mixin.py:109} INFO - [2022-02-13 00:43:28,479] {dag.py:2396} INFO - Sync 1 DAGs
[2022-02-13 00:43:28,522] {logging_mixin.py:109} INFO - [2022-02-13 00:43:28,521] {dag.py:2935} INFO - Setting next_dagrun for my_dag to 2022-02-13T00:00:00+00:00
[2022-02-13 00:43:28,545] {processor.py:171} INFO - Processing /opt/airflow/dags/my_dag.py took 0.195 seconds
[2022-02-13 00:43:58,697] {processor.py:163} INFO - Started process (PID=8176) to work on /opt/airflow/dags/my_dag.py
[2022-02-13 00:43:58,710] {processor.py:642} INFO - Processing file /opt/airflow/dags/my_dag.py for tasks to queue
[2022-02-13 00:43:58,715] {logging_mixin.py:109} INFO - [2022-02-13 00:43:58,714] {dagbag.py:500} INFO - Filling up the DagBag from /opt/airflow/dags/my_dag.py
[2022-02-13 00:43:58,798] {processor.py:654} INFO - DAG(s) dict_keys(['my_dag']) retrieved from /opt/airflow/dags/my_dag.py
[2022-02-13 00:43:58,818] {logging_mixin.py:109} INFO - [2022-02-13 00:43:58,817] {dag.py:2396} INFO - Sync 1 DAGs
[2022-02-13 00:43:58,874] {logging_mixin.py:109} INFO - [2022-02-13 00:43:58,874] {dag.py:2935} INFO - Setting next_dagrun for my_dag to 2022-02-13T00:00:00+00:00
[2022-02-13 00:43:58,901] {processor.py:171} INFO - Processing /opt/airflow/dags/my_dag.py took 0.229 seconds
[2022-02-13 00:44:29,673] {processor.py:163} INFO - Started process (PID=8228) to work on /opt/airflow/dags/my_dag.py
[2022-02-13 00:44:29,682] {processor.py:642} INFO - Processing file /opt/airflow/dags/my_dag.py for tasks to queue
[2022-02-13 00:44:29,683] {logging_mixin.py:109} INFO - [2022-02-13 00:44:29,683] {dagbag.py:500} INFO - Filling up the DagBag from /opt/airflow/dags/my_dag.py
[2022-02-13 00:44:29,738] {processor.py:654} INFO - DAG(s) dict_keys(['my_dag']) retrieved from /opt/airflow/dags/my_dag.py
[2022-02-13 00:44:29,758] {logging_mixin.py:109} INFO - [2022-02-13 00:44:29,757] {dag.py:2396} INFO - Sync 1 DAGs
[2022-02-13 00:44:29,801] {logging_mixin.py:109} INFO - [2022-02-13 00:44:29,801] {dag.py:2935} INFO - Setting next_dagrun for my_dag to 2022-02-13T00:00:00+00:00
[2022-02-13 00:44:29,829] {processor.py:171} INFO - Processing /opt/airflow/dags/my_dag.py took 0.159 seconds
[2022-02-13 00:44:59,941] {processor.py:163} INFO - Started process (PID=8281) to work on /opt/airflow/dags/my_dag.py
[2022-02-13 00:44:59,943] {processor.py:642} INFO - Processing file /opt/airflow/dags/my_dag.py for tasks to queue
[2022-02-13 00:44:59,945] {logging_mixin.py:109} INFO - [2022-02-13 00:44:59,944] {dagbag.py:500} INFO - Filling up the DagBag from /opt/airflow/dags/my_dag.py
[2022-02-13 00:44:59,994] {processor.py:654} INFO - DAG(s) dict_keys(['my_dag']) retrieved from /opt/airflow/dags/my_dag.py
[2022-02-13 00:45:00,019] {logging_mixin.py:109} INFO - [2022-02-13 00:45:00,019] {dag.py:2396} INFO - Sync 1 DAGs
[2022-02-13 00:45:00,064] {logging_mixin.py:109} INFO - [2022-02-13 00:45:00,064] {dag.py:2935} INFO - Setting next_dagrun for my_dag to 2022-02-13T00:00:00+00:00
[2022-02-13 00:45:00,082] {processor.py:171} INFO - Processing /opt/airflow/dags/my_dag.py took 0.144 seconds
[2022-02-13 00:45:30,804] {processor.py:163} INFO - Started process (PID=8334) to work on /opt/airflow/dags/my_dag.py
[2022-02-13 00:45:30,807] {processor.py:642} INFO - Processing file /opt/airflow/dags/my_dag.py for tasks to queue
[2022-02-13 00:45:30,809] {logging_mixin.py:109} INFO - [2022-02-13 00:45:30,809] {dagbag.py:500} INFO - Filling up the DagBag from /opt/airflow/dags/my_dag.py
[2022-02-13 00:45:30,870] {processor.py:654} INFO - DAG(s) dict_keys(['my_dag']) retrieved from /opt/airflow/dags/my_dag.py
[2022-02-13 00:45:30,889] {logging_mixin.py:109} INFO - [2022-02-13 00:45:30,889] {dag.py:2396} INFO - Sync 1 DAGs
[2022-02-13 00:45:30,942] {logging_mixin.py:109} INFO - [2022-02-13 00:45:30,941] {dag.py:2935} INFO - Setting next_dagrun for my_dag to 2022-02-13T00:00:00+00:00
[2022-02-13 00:45:30,964] {processor.py:171} INFO - Processing /opt/airflow/dags/my_dag.py took 0.164 seconds
[2022-02-13 00:46:01,296] {processor.py:163} INFO - Started process (PID=8384) to work on /opt/airflow/dags/my_dag.py
[2022-02-13 00:46:01,306] {processor.py:642} INFO - Processing file /opt/airflow/dags/my_dag.py for tasks to queue
[2022-02-13 00:46:01,307] {logging_mixin.py:109} INFO - [2022-02-13 00:46:01,307] {dagbag.py:500} INFO - Filling up the DagBag from /opt/airflow/dags/my_dag.py
[2022-02-13 00:46:01,368] {processor.py:654} INFO - DAG(s) dict_keys(['my_dag']) retrieved from /opt/airflow/dags/my_dag.py
[2022-02-13 00:46:01,393] {logging_mixin.py:109} INFO - [2022-02-13 00:46:01,392] {dag.py:2396} INFO - Sync 1 DAGs
[2022-02-13 00:46:01,431] {logging_mixin.py:109} INFO - [2022-02-13 00:46:01,431] {dag.py:2935} INFO - Setting next_dagrun for my_dag to 2022-02-13T00:00:00+00:00
[2022-02-13 00:46:01,453] {processor.py:171} INFO - Processing /opt/airflow/dags/my_dag.py took 0.161 seconds
[2022-02-13 00:46:32,205] {processor.py:163} INFO - Started process (PID=8428) to work on /opt/airflow/dags/my_dag.py
[2022-02-13 00:46:32,214] {processor.py:642} INFO - Processing file /opt/airflow/dags/my_dag.py for tasks to queue
[2022-02-13 00:46:32,215] {logging_mixin.py:109} INFO - [2022-02-13 00:46:32,215] {dagbag.py:500} INFO - Filling up the DagBag from /opt/airflow/dags/my_dag.py
[2022-02-13 00:46:32,289] {processor.py:654} INFO - DAG(s) dict_keys(['my_dag']) retrieved from /opt/airflow/dags/my_dag.py
[2022-02-13 00:46:32,316] {logging_mixin.py:109} INFO - [2022-02-13 00:46:32,316] {dag.py:2396} INFO - Sync 1 DAGs
[2022-02-13 00:46:32,364] {logging_mixin.py:109} INFO - [2022-02-13 00:46:32,362] {dag.py:2935} INFO - Setting next_dagrun for my_dag to 2022-02-13T00:00:00+00:00
[2022-02-13 00:46:32,389] {processor.py:171} INFO - Processing /opt/airflow/dags/my_dag.py took 0.191 seconds
[2022-02-13 00:47:02,592] {processor.py:163} INFO - Started process (PID=8480) to work on /opt/airflow/dags/my_dag.py
[2022-02-13 00:47:02,599] {processor.py:642} INFO - Processing file /opt/airflow/dags/my_dag.py for tasks to queue
[2022-02-13 00:47:02,600] {logging_mixin.py:109} INFO - [2022-02-13 00:47:02,600] {dagbag.py:500} INFO - Filling up the DagBag from /opt/airflow/dags/my_dag.py
[2022-02-13 00:47:02,674] {processor.py:654} INFO - DAG(s) dict_keys(['my_dag']) retrieved from /opt/airflow/dags/my_dag.py
[2022-02-13 00:47:02,705] {logging_mixin.py:109} INFO - [2022-02-13 00:47:02,705] {dag.py:2396} INFO - Sync 1 DAGs
[2022-02-13 00:47:02,745] {logging_mixin.py:109} INFO - [2022-02-13 00:47:02,744] {dag.py:2935} INFO - Setting next_dagrun for my_dag to 2022-02-13T00:00:00+00:00
[2022-02-13 00:47:02,763] {processor.py:171} INFO - Processing /opt/airflow/dags/my_dag.py took 0.180 seconds
[2022-02-13 00:47:32,892] {processor.py:163} INFO - Started process (PID=8533) to work on /opt/airflow/dags/my_dag.py
[2022-02-13 00:47:32,894] {processor.py:642} INFO - Processing file /opt/airflow/dags/my_dag.py for tasks to queue
[2022-02-13 00:47:32,895] {logging_mixin.py:109} INFO - [2022-02-13 00:47:32,895] {dagbag.py:500} INFO - Filling up the DagBag from /opt/airflow/dags/my_dag.py
[2022-02-13 00:47:33,042] {processor.py:654} INFO - DAG(s) dict_keys(['my_dag']) retrieved from /opt/airflow/dags/my_dag.py
[2022-02-13 00:47:33,075] {logging_mixin.py:109} INFO - [2022-02-13 00:47:33,075] {dag.py:2396} INFO - Sync 1 DAGs
[2022-02-13 00:47:33,146] {logging_mixin.py:109} INFO - [2022-02-13 00:47:33,146] {dag.py:2935} INFO - Setting next_dagrun for my_dag to 2022-02-13T00:00:00+00:00
[2022-02-13 00:47:33,196] {processor.py:171} INFO - Processing /opt/airflow/dags/my_dag.py took 0.313 seconds
[2022-02-13 00:48:04,002] {processor.py:163} INFO - Started process (PID=8575) to work on /opt/airflow/dags/my_dag.py
[2022-02-13 00:48:04,005] {processor.py:642} INFO - Processing file /opt/airflow/dags/my_dag.py for tasks to queue
[2022-02-13 00:48:04,006] {logging_mixin.py:109} INFO - [2022-02-13 00:48:04,006] {dagbag.py:500} INFO - Filling up the DagBag from /opt/airflow/dags/my_dag.py
[2022-02-13 00:48:04,121] {processor.py:654} INFO - DAG(s) dict_keys(['my_dag']) retrieved from /opt/airflow/dags/my_dag.py
[2022-02-13 00:48:04,141] {logging_mixin.py:109} INFO - [2022-02-13 00:48:04,141] {dag.py:2396} INFO - Sync 1 DAGs
[2022-02-13 00:48:04,174] {logging_mixin.py:109} INFO - [2022-02-13 00:48:04,174] {dag.py:2935} INFO - Setting next_dagrun for my_dag to 2022-02-13T00:00:00+00:00
[2022-02-13 00:48:04,193] {processor.py:171} INFO - Processing /opt/airflow/dags/my_dag.py took 0.204 seconds
[2022-02-13 00:48:34,856] {processor.py:163} INFO - Started process (PID=8627) to work on /opt/airflow/dags/my_dag.py
[2022-02-13 00:48:34,866] {processor.py:642} INFO - Processing file /opt/airflow/dags/my_dag.py for tasks to queue
[2022-02-13 00:48:34,868] {logging_mixin.py:109} INFO - [2022-02-13 00:48:34,868] {dagbag.py:500} INFO - Filling up the DagBag from /opt/airflow/dags/my_dag.py
[2022-02-13 00:48:34,952] {processor.py:654} INFO - DAG(s) dict_keys(['my_dag']) retrieved from /opt/airflow/dags/my_dag.py
[2022-02-13 00:48:34,987] {logging_mixin.py:109} INFO - [2022-02-13 00:48:34,986] {dag.py:2396} INFO - Sync 1 DAGs
[2022-02-13 00:48:35,041] {logging_mixin.py:109} INFO - [2022-02-13 00:48:35,037] {dag.py:2935} INFO - Setting next_dagrun for my_dag to 2022-02-13T00:00:00+00:00
[2022-02-13 00:48:35,066] {processor.py:171} INFO - Processing /opt/airflow/dags/my_dag.py took 0.220 seconds
[2022-02-13 00:49:05,144] {processor.py:163} INFO - Started process (PID=8678) to work on /opt/airflow/dags/my_dag.py
[2022-02-13 00:49:05,147] {processor.py:642} INFO - Processing file /opt/airflow/dags/my_dag.py for tasks to queue
[2022-02-13 00:49:05,147] {logging_mixin.py:109} INFO - [2022-02-13 00:49:05,147] {dagbag.py:500} INFO - Filling up the DagBag from /opt/airflow/dags/my_dag.py
[2022-02-13 00:49:05,212] {processor.py:654} INFO - DAG(s) dict_keys(['my_dag']) retrieved from /opt/airflow/dags/my_dag.py
[2022-02-13 00:49:05,238] {logging_mixin.py:109} INFO - [2022-02-13 00:49:05,238] {dag.py:2396} INFO - Sync 1 DAGs
[2022-02-13 00:49:05,280] {logging_mixin.py:109} INFO - [2022-02-13 00:49:05,280] {dag.py:2935} INFO - Setting next_dagrun for my_dag to 2022-02-13T00:00:00+00:00
[2022-02-13 00:49:05,297] {processor.py:171} INFO - Processing /opt/airflow/dags/my_dag.py took 0.157 seconds
[2022-02-13 00:49:35,805] {processor.py:163} INFO - Started process (PID=8729) to work on /opt/airflow/dags/my_dag.py
[2022-02-13 00:49:35,807] {processor.py:642} INFO - Processing file /opt/airflow/dags/my_dag.py for tasks to queue
[2022-02-13 00:49:35,809] {logging_mixin.py:109} INFO - [2022-02-13 00:49:35,808] {dagbag.py:500} INFO - Filling up the DagBag from /opt/airflow/dags/my_dag.py
[2022-02-13 00:49:35,951] {processor.py:654} INFO - DAG(s) dict_keys(['my_dag']) retrieved from /opt/airflow/dags/my_dag.py
[2022-02-13 00:49:36,011] {logging_mixin.py:109} INFO - [2022-02-13 00:49:36,011] {dag.py:2396} INFO - Sync 1 DAGs
[2022-02-13 00:49:36,095] {logging_mixin.py:109} INFO - [2022-02-13 00:49:36,094] {dag.py:2935} INFO - Setting next_dagrun for my_dag to 2022-02-13T00:00:00+00:00
[2022-02-13 00:49:36,118] {processor.py:171} INFO - Processing /opt/airflow/dags/my_dag.py took 0.330 seconds
[2022-02-13 00:50:07,036] {processor.py:163} INFO - Started process (PID=8772) to work on /opt/airflow/dags/my_dag.py
[2022-02-13 00:50:07,037] {processor.py:642} INFO - Processing file /opt/airflow/dags/my_dag.py for tasks to queue
[2022-02-13 00:50:07,039] {logging_mixin.py:109} INFO - [2022-02-13 00:50:07,038] {dagbag.py:500} INFO - Filling up the DagBag from /opt/airflow/dags/my_dag.py
[2022-02-13 00:50:07,125] {processor.py:654} INFO - DAG(s) dict_keys(['my_dag']) retrieved from /opt/airflow/dags/my_dag.py
[2022-02-13 00:50:07,169] {logging_mixin.py:109} INFO - [2022-02-13 00:50:07,168] {dag.py:2396} INFO - Sync 1 DAGs
[2022-02-13 00:50:07,217] {logging_mixin.py:109} INFO - [2022-02-13 00:50:07,217] {dag.py:2935} INFO - Setting next_dagrun for my_dag to 2022-02-13T00:00:00+00:00
[2022-02-13 00:50:07,236] {processor.py:171} INFO - Processing /opt/airflow/dags/my_dag.py took 0.206 seconds
[2022-02-13 00:50:37,577] {processor.py:163} INFO - Started process (PID=8824) to work on /opt/airflow/dags/my_dag.py
[2022-02-13 00:50:37,580] {processor.py:642} INFO - Processing file /opt/airflow/dags/my_dag.py for tasks to queue
[2022-02-13 00:50:37,582] {logging_mixin.py:109} INFO - [2022-02-13 00:50:37,582] {dagbag.py:500} INFO - Filling up the DagBag from /opt/airflow/dags/my_dag.py
[2022-02-13 00:50:37,663] {processor.py:654} INFO - DAG(s) dict_keys(['my_dag']) retrieved from /opt/airflow/dags/my_dag.py
[2022-02-13 00:50:37,690] {logging_mixin.py:109} INFO - [2022-02-13 00:50:37,689] {dag.py:2396} INFO - Sync 1 DAGs
[2022-02-13 00:50:37,751] {logging_mixin.py:109} INFO - [2022-02-13 00:50:37,750] {dag.py:2935} INFO - Setting next_dagrun for my_dag to 2022-02-13T00:00:00+00:00
[2022-02-13 00:50:37,772] {processor.py:171} INFO - Processing /opt/airflow/dags/my_dag.py took 0.202 seconds
[2022-02-13 00:51:07,994] {processor.py:163} INFO - Started process (PID=8873) to work on /opt/airflow/dags/my_dag.py
[2022-02-13 00:51:07,999] {processor.py:642} INFO - Processing file /opt/airflow/dags/my_dag.py for tasks to queue
[2022-02-13 00:51:08,001] {logging_mixin.py:109} INFO - [2022-02-13 00:51:08,000] {dagbag.py:500} INFO - Filling up the DagBag from /opt/airflow/dags/my_dag.py
[2022-02-13 00:51:08,096] {processor.py:654} INFO - DAG(s) dict_keys(['my_dag']) retrieved from /opt/airflow/dags/my_dag.py
[2022-02-13 00:51:08,128] {logging_mixin.py:109} INFO - [2022-02-13 00:51:08,128] {dag.py:2396} INFO - Sync 1 DAGs
[2022-02-13 00:51:08,174] {logging_mixin.py:109} INFO - [2022-02-13 00:51:08,173] {dag.py:2935} INFO - Setting next_dagrun for my_dag to 2022-02-13T00:00:00+00:00
[2022-02-13 00:51:08,200] {processor.py:171} INFO - Processing /opt/airflow/dags/my_dag.py took 0.223 seconds
[2022-02-13 00:51:39,098] {processor.py:163} INFO - Started process (PID=8918) to work on /opt/airflow/dags/my_dag.py
[2022-02-13 00:51:39,102] {processor.py:642} INFO - Processing file /opt/airflow/dags/my_dag.py for tasks to queue
[2022-02-13 00:51:39,105] {logging_mixin.py:109} INFO - [2022-02-13 00:51:39,105] {dagbag.py:500} INFO - Filling up the DagBag from /opt/airflow/dags/my_dag.py
[2022-02-13 00:51:39,167] {processor.py:654} INFO - DAG(s) dict_keys(['my_dag']) retrieved from /opt/airflow/dags/my_dag.py
[2022-02-13 00:51:39,195] {logging_mixin.py:109} INFO - [2022-02-13 00:51:39,195] {dag.py:2396} INFO - Sync 1 DAGs
[2022-02-13 00:51:39,231] {logging_mixin.py:109} INFO - [2022-02-13 00:51:39,231] {dag.py:2935} INFO - Setting next_dagrun for my_dag to 2022-02-13T00:00:00+00:00
[2022-02-13 00:51:39,263] {processor.py:171} INFO - Processing /opt/airflow/dags/my_dag.py took 0.168 seconds
[2022-02-13 00:52:09,944] {processor.py:163} INFO - Started process (PID=8971) to work on /opt/airflow/dags/my_dag.py
[2022-02-13 00:52:09,946] {processor.py:642} INFO - Processing file /opt/airflow/dags/my_dag.py for tasks to queue
[2022-02-13 00:52:09,947] {logging_mixin.py:109} INFO - [2022-02-13 00:52:09,947] {dagbag.py:500} INFO - Filling up the DagBag from /opt/airflow/dags/my_dag.py
[2022-02-13 00:52:10,023] {processor.py:654} INFO - DAG(s) dict_keys(['my_dag']) retrieved from /opt/airflow/dags/my_dag.py
[2022-02-13 00:52:10,043] {logging_mixin.py:109} INFO - [2022-02-13 00:52:10,043] {dag.py:2396} INFO - Sync 1 DAGs
[2022-02-13 00:52:10,091] {logging_mixin.py:109} INFO - [2022-02-13 00:52:10,091] {dag.py:2935} INFO - Setting next_dagrun for my_dag to 2022-02-13T00:00:00+00:00
[2022-02-13 00:52:10,111] {processor.py:171} INFO - Processing /opt/airflow/dags/my_dag.py took 0.170 seconds
[2022-02-13 00:52:40,287] {processor.py:163} INFO - Started process (PID=9013) to work on /opt/airflow/dags/my_dag.py
[2022-02-13 00:52:40,290] {processor.py:642} INFO - Processing file /opt/airflow/dags/my_dag.py for tasks to queue
[2022-02-13 00:52:40,291] {logging_mixin.py:109} INFO - [2022-02-13 00:52:40,291] {dagbag.py:500} INFO - Filling up the DagBag from /opt/airflow/dags/my_dag.py
[2022-02-13 00:52:40,357] {processor.py:654} INFO - DAG(s) dict_keys(['my_dag']) retrieved from /opt/airflow/dags/my_dag.py
[2022-02-13 00:52:40,384] {logging_mixin.py:109} INFO - [2022-02-13 00:52:40,383] {dag.py:2396} INFO - Sync 1 DAGs
[2022-02-13 00:52:40,425] {logging_mixin.py:109} INFO - [2022-02-13 00:52:40,424] {dag.py:2935} INFO - Setting next_dagrun for my_dag to 2022-02-13T00:00:00+00:00
[2022-02-13 00:52:40,444] {processor.py:171} INFO - Processing /opt/airflow/dags/my_dag.py took 0.163 seconds
[2022-02-13 00:53:10,758] {processor.py:163} INFO - Started process (PID=9067) to work on /opt/airflow/dags/my_dag.py
[2022-02-13 00:53:10,760] {processor.py:642} INFO - Processing file /opt/airflow/dags/my_dag.py for tasks to queue
[2022-02-13 00:53:10,761] {logging_mixin.py:109} INFO - [2022-02-13 00:53:10,761] {dagbag.py:500} INFO - Filling up the DagBag from /opt/airflow/dags/my_dag.py
[2022-02-13 00:53:10,828] {processor.py:654} INFO - DAG(s) dict_keys(['my_dag']) retrieved from /opt/airflow/dags/my_dag.py
[2022-02-13 00:53:10,862] {logging_mixin.py:109} INFO - [2022-02-13 00:53:10,861] {dag.py:2396} INFO - Sync 1 DAGs
[2022-02-13 00:53:10,933] {logging_mixin.py:109} INFO - [2022-02-13 00:53:10,932] {dag.py:2935} INFO - Setting next_dagrun for my_dag to 2022-02-13T00:00:00+00:00
[2022-02-13 00:53:10,965] {processor.py:171} INFO - Processing /opt/airflow/dags/my_dag.py took 0.213 seconds
[2022-02-13 00:53:41,224] {processor.py:163} INFO - Started process (PID=9109) to work on /opt/airflow/dags/my_dag.py
[2022-02-13 00:53:41,227] {processor.py:642} INFO - Processing file /opt/airflow/dags/my_dag.py for tasks to queue
[2022-02-13 00:53:41,228] {logging_mixin.py:109} INFO - [2022-02-13 00:53:41,228] {dagbag.py:500} INFO - Filling up the DagBag from /opt/airflow/dags/my_dag.py
[2022-02-13 00:53:41,315] {processor.py:654} INFO - DAG(s) dict_keys(['my_dag']) retrieved from /opt/airflow/dags/my_dag.py
[2022-02-13 00:53:41,341] {logging_mixin.py:109} INFO - [2022-02-13 00:53:41,340] {dag.py:2396} INFO - Sync 1 DAGs
[2022-02-13 00:53:41,402] {logging_mixin.py:109} INFO - [2022-02-13 00:53:41,398] {dag.py:2935} INFO - Setting next_dagrun for my_dag to 2022-02-13T00:00:00+00:00
[2022-02-13 00:53:41,431] {processor.py:171} INFO - Processing /opt/airflow/dags/my_dag.py took 0.213 seconds
[2022-02-13 00:54:11,671] {processor.py:163} INFO - Started process (PID=9161) to work on /opt/airflow/dags/my_dag.py
[2022-02-13 00:54:11,673] {processor.py:642} INFO - Processing file /opt/airflow/dags/my_dag.py for tasks to queue
[2022-02-13 00:54:11,674] {logging_mixin.py:109} INFO - [2022-02-13 00:54:11,674] {dagbag.py:500} INFO - Filling up the DagBag from /opt/airflow/dags/my_dag.py
[2022-02-13 00:54:11,753] {processor.py:654} INFO - DAG(s) dict_keys(['my_dag']) retrieved from /opt/airflow/dags/my_dag.py
[2022-02-13 00:54:11,778] {logging_mixin.py:109} INFO - [2022-02-13 00:54:11,778] {dag.py:2396} INFO - Sync 1 DAGs
[2022-02-13 00:54:11,846] {logging_mixin.py:109} INFO - [2022-02-13 00:54:11,845] {dag.py:2935} INFO - Setting next_dagrun for my_dag to 2022-02-13T00:00:00+00:00
[2022-02-13 00:54:11,875] {processor.py:171} INFO - Processing /opt/airflow/dags/my_dag.py took 0.211 seconds
[2022-02-13 00:54:42,503] {processor.py:163} INFO - Started process (PID=9202) to work on /opt/airflow/dags/my_dag.py
[2022-02-13 00:54:42,504] {processor.py:642} INFO - Processing file /opt/airflow/dags/my_dag.py for tasks to queue
[2022-02-13 00:54:42,506] {logging_mixin.py:109} INFO - [2022-02-13 00:54:42,505] {dagbag.py:500} INFO - Filling up the DagBag from /opt/airflow/dags/my_dag.py
[2022-02-13 00:54:42,605] {processor.py:654} INFO - DAG(s) dict_keys(['my_dag']) retrieved from /opt/airflow/dags/my_dag.py
[2022-02-13 00:54:42,639] {logging_mixin.py:109} INFO - [2022-02-13 00:54:42,639] {dag.py:2396} INFO - Sync 1 DAGs
[2022-02-13 00:54:42,708] {logging_mixin.py:109} INFO - [2022-02-13 00:54:42,708] {dag.py:2935} INFO - Setting next_dagrun for my_dag to 2022-02-13T00:00:00+00:00
[2022-02-13 00:54:42,735] {processor.py:171} INFO - Processing /opt/airflow/dags/my_dag.py took 0.236 seconds
[2022-02-13 00:55:13,034] {processor.py:163} INFO - Started process (PID=9255) to work on /opt/airflow/dags/my_dag.py
[2022-02-13 00:55:13,036] {processor.py:642} INFO - Processing file /opt/airflow/dags/my_dag.py for tasks to queue
[2022-02-13 00:55:13,046] {logging_mixin.py:109} INFO - [2022-02-13 00:55:13,046] {dagbag.py:500} INFO - Filling up the DagBag from /opt/airflow/dags/my_dag.py
[2022-02-13 00:55:13,179] {processor.py:654} INFO - DAG(s) dict_keys(['my_dag']) retrieved from /opt/airflow/dags/my_dag.py
[2022-02-13 00:55:13,216] {logging_mixin.py:109} INFO - [2022-02-13 00:55:13,216] {dag.py:2396} INFO - Sync 1 DAGs
[2022-02-13 00:55:13,291] {logging_mixin.py:109} INFO - [2022-02-13 00:55:13,290] {dag.py:2935} INFO - Setting next_dagrun for my_dag to 2022-02-13T00:00:00+00:00
[2022-02-13 00:55:13,311] {processor.py:171} INFO - Processing /opt/airflow/dags/my_dag.py took 0.284 seconds
